-- Install configuration: ""
-- Execute custom install script
-- Up-to-date symlink: /home/kevin/Desktop/rovo_ur_ws/install/rovo_bringup/share/rovo_bringup/launch/__pycache__/view_rovo.launch.cpython-312.pyc
-- Symlinking: /home/kevin/Desktop/rovo_ur_ws/install/rovo_bringup/share/rovo_bringup/launch/real_rovo.launch.py
-- Up-to-date symlink: /home/kevin/Desktop/rovo_ur_ws/install/rovo_bringup/share/rovo_bringup/launch/view_rovo.launch.py
-- Up-to-date symlink: /home/kevin/Desktop/rovo_ur_ws/install/rovo_bringup/share/rovo_bringup/config/controllers.yaml
-- Up-to-date symlink: /home/kevin/Desktop/rovo_ur_ws/install/rovo_bringup/share/ament_index/resource_index/package_run_dependencies/rovo_bringup
-- Up-to-date symlink: /home/kevin/Desktop/rovo_ur_ws/install/rovo_bringup/share/ament_index/resource_index/parent_prefix_path/rovo_bringup
-- Up-to-date symlink: /home/kevin/Desktop/rovo_ur_ws/install/rovo_bringup/share/rovo_bringup/environment/ament_prefix_path.sh
-- Up-to-date symlink: /home/kevin/Desktop/rovo_ur_ws/install/rovo_bringup/share/rovo_bringup/environment/ament_prefix_path.dsv
-- Up-to-date symlink: /home/kevin/Desktop/rovo_ur_ws/install/rovo_bringup/share/rovo_bringup/environment/path.sh
-- Up-to-date symlink: /home/kevin/Desktop/rovo_ur_ws/install/rovo_bringup/share/rovo_bringup/environment/path.dsv
-- Up-to-date symlink: /home/kevin/Desktop/rovo_ur_ws/install/rovo_bringup/share/rovo_bringup/local_setup.bash
-- Up-to-date symlink: /home/kevin/Desktop/rovo_ur_ws/install/rovo_bringup/share/rovo_bringup/local_setup.sh
-- Up-to-date symlink: /home/kevin/Desktop/rovo_ur_ws/install/rovo_bringup/share/rovo_bringup/local_setup.zsh
-- Up-to-date symlink: /home/kevin/Desktop/rovo_ur_ws/install/rovo_bringup/share/rovo_bringup/local_setup.dsv
-- Symlinking: /home/kevin/Desktop/rovo_ur_ws/install/rovo_bringup/share/rovo_bringup/package.dsv
-- Up-to-date symlink: /home/kevin/Desktop/rovo_ur_ws/install/rovo_bringup/share/ament_index/resource_index/packages/rovo_bringup
-- Up-to-date symlink: /home/kevin/Desktop/rovo_ur_ws/install/rovo_bringup/share/rovo_bringup/cmake/rovo_bringupConfig.cmake
-- Up-to-date symlink: /home/kevin/Desktop/rovo_ur_ws/install/rovo_bringup/share/rovo_bringup/cmake/rovo_bringupConfig-version.cmake
-- Up-to-date symlink: /home/kevin/Desktop/rovo_ur_ws/install/rovo_bringup/share/rovo_bringup/package.xml
