[0.019s] Invoking command in '/home/kevin/Desktop/rovo_ur_ws/build/rovo_can_driver': CMAKE_PREFIX_PATH=${CMAKE_PREFIX_PATH}:/opt/ros/jazzy DEBUGINFOD_URLS=https://debuginfod.ubuntu.com /usr/bin/cmake --build /home/kevin/Desktop/rovo_ur_ws/build/rovo_can_driver -- -j44 -l44
[0.134s] [ 50%] [32mBuilding CXX object CMakeFiles/rovo_can_driver.dir/src/rovo_can_system.cpp.o[0m
[6.881s] [100%] [32m[1mLinking CXX shared library librovo_can_driver.so[0m
[7.166s] [100%] Built target rovo_can_driver
[7.184s] Invoked command in '/home/kevin/Desktop/rovo_ur_ws/build/rovo_can_driver' returned '0': CMAKE_PREFIX_PATH=${CMAKE_PREFIX_PATH}:/opt/ros/jazzy DEBUGINFOD_URLS=https://debuginfod.ubuntu.com /usr/bin/cmake --build /home/kevin/Desktop/rovo_ur_ws/build/rovo_can_driver -- -j44 -l44
[7.186s] Invoking command in '/home/kevin/Desktop/rovo_ur_ws/build/rovo_can_driver': CMAKE_PREFIX_PATH=${CMAKE_PREFIX_PATH}:/opt/ros/jazzy DEBUGINFOD_URLS=https://debuginfod.ubuntu.com /usr/bin/cmake --install /home/kevin/Desktop/rovo_ur_ws/build/rovo_can_driver
[7.197s] -- Install configuration: ""
[7.198s] -- Execute custom install script
[7.198s] -- Up-to-date symlink: /home/kevin/Desktop/rovo_ur_ws/install/rovo_can_driver/share/rovo_can_driver//plugin_description.xml
[7.199s] -- Up-to-date symlink: /home/kevin/Desktop/rovo_ur_ws/install/rovo_can_driver/include/rovo_can_driver/rovo_can_system.hpp
[7.199s] -- Up-to-date symlink: /home/kevin/Desktop/rovo_ur_ws/install/rovo_can_driver/share/rovo_can_driver/plugin_description.xml
[7.199s] -- Up-to-date symlink: /home/kevin/Desktop/rovo_ur_ws/install/rovo_can_driver/share/rovo_can_driver/environment/library_path.sh
[7.200s] -- Up-to-date symlink: /home/kevin/Desktop/rovo_ur_ws/install/rovo_can_driver/share/rovo_can_driver/environment/library_path.dsv
[7.200s] -- Up-to-date symlink: /home/kevin/Desktop/rovo_ur_ws/install/rovo_can_driver/share/ament_index/resource_index/package_run_dependencies/rovo_can_driver
[7.200s] -- Up-to-date symlink: /home/kevin/Desktop/rovo_ur_ws/install/rovo_can_driver/share/ament_index/resource_index/parent_prefix_path/rovo_can_driver
[7.201s] -- Up-to-date symlink: /home/kevin/Desktop/rovo_ur_ws/install/rovo_can_driver/share/rovo_can_driver/environment/ament_prefix_path.sh
[7.201s] -- Up-to-date symlink: /home/kevin/Desktop/rovo_ur_ws/install/rovo_can_driver/share/rovo_can_driver/environment/ament_prefix_path.dsv
[7.201s] -- Up-to-date symlink: /home/kevin/Desktop/rovo_ur_ws/install/rovo_can_driver/share/rovo_can_driver/environment/path.sh
[7.202s] -- Up-to-date symlink: /home/kevin/Desktop/rovo_ur_ws/install/rovo_can_driver/share/rovo_can_driver/environment/path.dsv
[7.202s] -- Up-to-date symlink: /home/kevin/Desktop/rovo_ur_ws/install/rovo_can_driver/share/rovo_can_driver/local_setup.bash
[7.202s] -- Up-to-date symlink: /home/kevin/Desktop/rovo_ur_ws/install/rovo_can_driver/share/rovo_can_driver/local_setup.sh
[7.203s] -- Up-to-date symlink: /home/kevin/Desktop/rovo_ur_ws/install/rovo_can_driver/share/rovo_can_driver/local_setup.zsh
[7.203s] -- Up-to-date symlink: /home/kevin/Desktop/rovo_ur_ws/install/rovo_can_driver/share/rovo_can_driver/local_setup.dsv
[7.203s] -- Symlinking: /home/kevin/Desktop/rovo_ur_ws/install/rovo_can_driver/share/rovo_can_driver/package.dsv
[7.217s] -- Up-to-date symlink: /home/kevin/Desktop/rovo_ur_ws/install/rovo_can_driver/share/ament_index/resource_index/packages/rovo_can_driver
[7.218s] -- Up-to-date symlink: /home/kevin/Desktop/rovo_ur_ws/install/rovo_can_driver/share/ament_index/resource_index/hardware_interface__pluginlib__plugin/rovo_can_driver
[7.218s] -- Up-to-date symlink: /home/kevin/Desktop/rovo_ur_ws/install/rovo_can_driver/share/rovo_can_driver/cmake/ament_cmake_export_targets-extras.cmake
[7.218s] -- Up-to-date symlink: /home/kevin/Desktop/rovo_ur_ws/install/rovo_can_driver/share/rovo_can_driver/cmake/ament_cmake_export_dependencies-extras.cmake
[7.219s] -- Up-to-date symlink: /home/kevin/Desktop/rovo_ur_ws/install/rovo_can_driver/share/rovo_can_driver/cmake/ament_cmake_export_libraries-extras.cmake
[7.219s] -- Up-to-date symlink: /home/kevin/Desktop/rovo_ur_ws/install/rovo_can_driver/share/rovo_can_driver/cmake/rovo_can_driverConfig.cmake
[7.219s] -- Up-to-date symlink: /home/kevin/Desktop/rovo_ur_ws/install/rovo_can_driver/share/rovo_can_driver/cmake/rovo_can_driverConfig-version.cmake
[7.219s] -- Up-to-date symlink: /home/kevin/Desktop/rovo_ur_ws/install/rovo_can_driver/share/rovo_can_driver/package.xml
[7.220s] -- Installing: /home/kevin/Desktop/rovo_ur_ws/install/rovo_can_driver/lib/librovo_can_driver.so
[7.222s] -- Set non-toolchain portion of runtime path of "/home/kevin/Desktop/rovo_ur_ws/install/rovo_can_driver/lib/librovo_can_driver.so" to ""
[7.222s] -- Up-to-date: /home/kevin/Desktop/rovo_ur_ws/install/rovo_can_driver/share/rovo_can_driver/cmake/export_rovo_can_driverExport.cmake
[7.223s] -- Up-to-date: /home/kevin/Desktop/rovo_ur_ws/install/rovo_can_driver/share/rovo_can_driver/cmake/export_rovo_can_driverExport-noconfig.cmake
[7.226s] Invoked command in '/home/kevin/Desktop/rovo_ur_ws/build/rovo_can_driver' returned '0': CMAKE_PREFIX_PATH=${CMAKE_PREFIX_PATH}:/opt/ros/jazzy DEBUGINFOD_URLS=https://debuginfod.ubuntu.com /usr/bin/cmake --install /home/kevin/Desktop/rovo_ur_ws/build/rovo_can_driver
