[0.020s] Invoking command in '/home/kevin/Desktop/rovo_ur_ws/build/rovo_ur_description': CMAKE_PREFIX_PATH=${CMAKE_PREFIX_PATH}:/home/kevin/Desktop/rovo_ur_ws/install/rovo_can_bridge:/opt/ros/jazzy DEBUGINFOD_URLS=https://debuginfod.ubuntu.com /usr/bin/cmake /home/kevin/Desktop/rovo_ur_ws/src/rovo_ur_description -DAMENT_CMAKE_SYMLINK_INSTALL=1 -DCMAKE_INSTALL_PREFIX=/home/kevin/Desktop/rovo_ur_ws/install/rovo_ur_description
[0.042s] -- Found ament_cmake: 2.5.4 (/opt/ros/jazzy/share/ament_cmake/cmake)
[1.135s] -- Override CMake install command with custom implementation using symlinks instead of copying resources
[1.431s] -- Configuring done (1.4s)
[1.444s] -- Generating done (0.0s)
[1.451s] -- Build files have been written to: /home/kevin/Desktop/rovo_ur_ws/build/rovo_ur_description
[1.459s] Invoked command in '/home/kevin/Desktop/rovo_ur_ws/build/rovo_ur_description' returned '0': CMAKE_PREFIX_PATH=${CMAKE_PREFIX_PATH}:/home/kevin/Desktop/rovo_ur_ws/install/rovo_can_bridge:/opt/ros/jazzy DEBUGINFOD_URLS=https://debuginfod.ubuntu.com /usr/bin/cmake /home/kevin/Desktop/rovo_ur_ws/src/rovo_ur_description -DAMENT_CMAKE_SYMLINK_INSTALL=1 -DCMAKE_INSTALL_PREFIX=/home/kevin/Desktop/rovo_ur_ws/install/rovo_ur_description
[1.461s] Invoking command in '/home/kevin/Desktop/rovo_ur_ws/build/rovo_ur_description': CMAKE_PREFIX_PATH=${CMAKE_PREFIX_PATH}:/home/kevin/Desktop/rovo_ur_ws/install/rovo_can_bridge:/opt/ros/jazzy DEBUGINFOD_URLS=https://debuginfod.ubuntu.com /usr/bin/cmake --build /home/kevin/Desktop/rovo_ur_ws/build/rovo_ur_description -- -j44 -l44
[1.518s] Invoked command in '/home/kevin/Desktop/rovo_ur_ws/build/rovo_ur_description' returned '0': CMAKE_PREFIX_PATH=${CMAKE_PREFIX_PATH}:/home/kevin/Desktop/rovo_ur_ws/install/rovo_can_bridge:/opt/ros/jazzy DEBUGINFOD_URLS=https://debuginfod.ubuntu.com /usr/bin/cmake --build /home/kevin/Desktop/rovo_ur_ws/build/rovo_ur_description -- -j44 -l44
[1.521s] Invoking command in '/home/kevin/Desktop/rovo_ur_ws/build/rovo_ur_description': CMAKE_PREFIX_PATH=${CMAKE_PREFIX_PATH}:/home/kevin/Desktop/rovo_ur_ws/install/rovo_can_bridge:/opt/ros/jazzy DEBUGINFOD_URLS=https://debuginfod.ubuntu.com /usr/bin/cmake --install /home/kevin/Desktop/rovo_ur_ws/build/rovo_ur_description
[1.533s] -- Install configuration: ""
[1.534s] -- Execute custom install script
[1.535s] -- Up-to-date symlink: /home/kevin/Desktop/rovo_ur_ws/install/rovo_ur_description/share/rovo_ur_description/urdf/kiros.xacro
[1.535s] -- Up-to-date symlink: /home/kevin/Desktop/rovo_ur_ws/install/rovo_ur_description/share/rovo_ur_description/urdf/rovo_ur.xacro
[1.535s] -- Up-to-date symlink: /home/kevin/Desktop/rovo_ur_ws/install/rovo_ur_description/share/rovo_ur_description/meshes/rovo.dae
[1.536s] -- Up-to-date symlink: /home/kevin/Desktop/rovo_ur_ws/install/rovo_ur_description/share/rovo_ur_description/rviz/rovo_ur.rviz
[1.536s] -- Up-to-date symlink: /home/kevin/Desktop/rovo_ur_ws/install/rovo_ur_description/share/rovo_ur_description/config/controllers.yaml
[1.536s] -- Up-to-date symlink: /home/kevin/Desktop/rovo_ur_ws/install/rovo_ur_description/share/ament_index/resource_index/package_run_dependencies/rovo_ur_description
[1.537s] -- Up-to-date symlink: /home/kevin/Desktop/rovo_ur_ws/install/rovo_ur_description/share/ament_index/resource_index/parent_prefix_path/rovo_ur_description
[1.537s] -- Up-to-date symlink: /home/kevin/Desktop/rovo_ur_ws/install/rovo_ur_description/share/rovo_ur_description/environment/ament_prefix_path.sh
[1.538s] -- Up-to-date symlink: /home/kevin/Desktop/rovo_ur_ws/install/rovo_ur_description/share/rovo_ur_description/environment/ament_prefix_path.dsv
[1.538s] -- Up-to-date symlink: /home/kevin/Desktop/rovo_ur_ws/install/rovo_ur_description/share/rovo_ur_description/environment/path.sh
[1.538s] -- Up-to-date symlink: /home/kevin/Desktop/rovo_ur_ws/install/rovo_ur_description/share/rovo_ur_description/environment/path.dsv
[1.539s] -- Up-to-date symlink: /home/kevin/Desktop/rovo_ur_ws/install/rovo_ur_description/share/rovo_ur_description/local_setup.bash
[1.539s] -- Up-to-date symlink: /home/kevin/Desktop/rovo_ur_ws/install/rovo_ur_description/share/rovo_ur_description/local_setup.sh
[1.539s] -- Up-to-date symlink: /home/kevin/Desktop/rovo_ur_ws/install/rovo_ur_description/share/rovo_ur_description/local_setup.zsh
[1.540s] -- Up-to-date symlink: /home/kevin/Desktop/rovo_ur_ws/install/rovo_ur_description/share/rovo_ur_description/local_setup.dsv
[1.540s] -- Symlinking: /home/kevin/Desktop/rovo_ur_ws/install/rovo_ur_description/share/rovo_ur_description/package.dsv
[1.554s] -- Up-to-date symlink: /home/kevin/Desktop/rovo_ur_ws/install/rovo_ur_description/share/ament_index/resource_index/packages/rovo_ur_description
[1.554s] -- Up-to-date symlink: /home/kevin/Desktop/rovo_ur_ws/install/rovo_ur_description/share/rovo_ur_description/cmake/rovo_ur_descriptionConfig.cmake
[1.555s] -- Up-to-date symlink: /home/kevin/Desktop/rovo_ur_ws/install/rovo_ur_description/share/rovo_ur_description/cmake/rovo_ur_descriptionConfig-version.cmake
[1.555s] -- Up-to-date symlink: /home/kevin/Desktop/rovo_ur_ws/install/rovo_ur_description/share/rovo_ur_description/package.xml
[1.559s] Invoked command in '/home/kevin/Desktop/rovo_ur_ws/build/rovo_ur_description' returned '0': CMAKE_PREFIX_PATH=${CMAKE_PREFIX_PATH}:/home/kevin/Desktop/rovo_ur_ws/install/rovo_can_bridge:/opt/ros/jazzy DEBUGINFOD_URLS=https://debuginfod.ubuntu.com /usr/bin/cmake --install /home/kevin/Desktop/rovo_ur_ws/build/rovo_ur_description
