-- Found ament_cmake: 2.5.4 (/opt/ros/jazzy/share/ament_cmake/cmake)
-- Override CMake install command with custom implementation using symlinks instead of copying resources
-- Found sick_safetyscanners2: 1.0.4 (/opt/ros/jazzy/share/sick_safetyscanners2/cmake)
-- Found rosidl_generator_c: 4.6.6 (/opt/ros/jazzy/share/rosidl_generator_c/cmake)
-- Found rosidl_generator_cpp: 4.6.6 (/opt/ros/jazzy/share/rosidl_generator_cpp/cmake)
-- Using all available rosidl_typesupport_c: rosidl_typesupport_fastrtps_c;rosidl_typesupport_introspection_c
-- Using all available rosidl_typesupport_cpp: rosidl_typesupport_fastrtps_cpp;rosidl_typesupport_introspection_cpp
-- Found rmw_implementation_cmake: 7.3.2 (/opt/ros/jazzy/share/rmw_implementation_cmake/cmake)
-- Found rmw_fastrtps_cpp: 8.4.3 (/opt/ros/jazzy/share/rmw_fastrtps_cpp/cmake)
-- Using RMW implementation 'rmw_fastrtps_cpp' as default
-- Found ament_lint_auto: 0.17.3 (/opt/ros/jazzy/share/ament_lint_auto/cmake)
-- Added test 'flake8' to check Python code syntax and style conventions
-- Configured 'flake8' exclude dirs and/or files: 
-- Added test 'lint_cmake' to check CMake code style
-- Added test 'pep257' to check Python code against some of the docstring style conventions in PEP 257
-- Added test 'xmllint' to check XML markup files
-- Configuring done (1.8s)
-- Generating done (0.0s)
-- Build files have been written to: /home/kevin/Desktop/rovo_ur_ws/build/rovo_sensors
-- Install configuration: ""
-- Execute custom install script
-- Up-to-date symlink: /home/kevin/Desktop/rovo_ur_ws/install/rovo_sensors/share/rovo_sensors/config/micro_scan.yaml
-- Up-to-date symlink: /home/kevin/Desktop/rovo_ur_ws/install/rovo_sensors/share/rovo_sensors/config/nano_scan.yaml
-- Up-to-date symlink: /home/kevin/Desktop/rovo_ur_ws/install/rovo_sensors/share/rovo_sensors/launch/lidars.launch.py
-- Up-to-date symlink: /home/kevin/Desktop/rovo_ur_ws/install/rovo_sensors/lib/rovo_sensors/scan_fixer.py
-- Up-to-date symlink: /home/kevin/Desktop/rovo_ur_ws/install/rovo_sensors/share/ament_index/resource_index/package_run_dependencies/rovo_sensors
-- Up-to-date symlink: /home/kevin/Desktop/rovo_ur_ws/install/rovo_sensors/share/ament_index/resource_index/parent_prefix_path/rovo_sensors
-- Up-to-date symlink: /home/kevin/Desktop/rovo_ur_ws/install/rovo_sensors/share/rovo_sensors/environment/ament_prefix_path.sh
-- Up-to-date symlink: /home/kevin/Desktop/rovo_ur_ws/install/rovo_sensors/share/rovo_sensors/environment/ament_prefix_path.dsv
-- Up-to-date symlink: /home/kevin/Desktop/rovo_ur_ws/install/rovo_sensors/share/rovo_sensors/environment/path.sh
-- Up-to-date symlink: /home/kevin/Desktop/rovo_ur_ws/install/rovo_sensors/share/rovo_sensors/environment/path.dsv
-- Up-to-date symlink: /home/kevin/Desktop/rovo_ur_ws/install/rovo_sensors/share/rovo_sensors/local_setup.bash
-- Up-to-date symlink: /home/kevin/Desktop/rovo_ur_ws/install/rovo_sensors/share/rovo_sensors/local_setup.sh
-- Up-to-date symlink: /home/kevin/Desktop/rovo_ur_ws/install/rovo_sensors/share/rovo_sensors/local_setup.zsh
-- Up-to-date symlink: /home/kevin/Desktop/rovo_ur_ws/install/rovo_sensors/share/rovo_sensors/local_setup.dsv
-- Symlinking: /home/kevin/Desktop/rovo_ur_ws/install/rovo_sensors/share/rovo_sensors/package.dsv
-- Up-to-date symlink: /home/kevin/Desktop/rovo_ur_ws/install/rovo_sensors/share/ament_index/resource_index/packages/rovo_sensors
-- Up-to-date symlink: /home/kevin/Desktop/rovo_ur_ws/install/rovo_sensors/share/rovo_sensors/cmake/rovo_sensorsConfig.cmake
-- Up-to-date symlink: /home/kevin/Desktop/rovo_ur_ws/install/rovo_sensors/share/rovo_sensors/cmake/rovo_sensorsConfig-version.cmake
-- Up-to-date symlink: /home/kevin/Desktop/rovo_ur_ws/install/rovo_sensors/share/rovo_sensors/package.xml
