[0.023s] Invoking command in '/home/kevin/Desktop/rovo_ur_ws/build/rovo_sensors': CMAKE_PREFIX_PATH=${CMAKE_PREFIX_PATH}:/opt/ros/jazzy DEBUGINFOD_URLS=https://debuginfod.ubuntu.com /usr/bin/cmake /home/kevin/Desktop/rovo_ur_ws/src/rovo_sensors -DCMAKE_INSTALL_PREFIX=/home/kevin/Desktop/rovo_ur_ws/install/rovo_sensors
[0.042s] -- Found ament_cmake: 2.5.4 (/opt/ros/jazzy/share/ament_cmake/cmake)
[0.935s] -- Override CMake install command with custom implementation using symlinks instead of copying resources
[0.958s] -- Found sick_safetyscanners2: 1.0.4 (/opt/ros/jazzy/share/sick_safetyscanners2/cmake)
[1.028s] -- Found rosidl_generator_c: 4.6.6 (/opt/ros/jazzy/share/rosidl_generator_c/cmake)
[1.045s] -- Found rosidl_generator_cpp: 4.6.6 (/opt/ros/jazzy/share/rosidl_generator_cpp/cmake)
[1.065s] -- Using all available rosidl_typesupport_c: rosidl_typesupport_fastrtps_c;rosidl_typesupport_introspection_c
[1.091s] -- Using all available rosidl_typesupport_cpp: rosidl_typesupport_fastrtps_cpp;rosidl_typesupport_introspection_cpp
[1.275s] -- Found rmw_implementation_cmake: 7.3.2 (/opt/ros/jazzy/share/rmw_implementation_cmake/cmake)
[1.280s] -- Found rmw_fastrtps_cpp: 8.4.3 (/opt/ros/jazzy/share/rmw_fastrtps_cpp/cmake)
[1.390s] -- Using RMW implementation 'rmw_fastrtps_cpp' as default
[1.629s] -- Found ament_lint_auto: 0.17.3 (/opt/ros/jazzy/share/ament_lint_auto/cmake)
[1.877s] -- Added test 'flake8' to check Python code syntax and style conventions
[1.877s] -- Configured 'flake8' exclude dirs and/or files: 
[1.878s] -- Added test 'lint_cmake' to check CMake code style
[1.878s] -- Added test 'pep257' to check Python code against some of the docstring style conventions in PEP 257
[1.879s] -- Added test 'xmllint' to check XML markup files
[1.881s] -- Configuring done (1.8s)
[1.888s] -- Generating done (0.0s)
[1.891s] -- Build files have been written to: /home/kevin/Desktop/rovo_ur_ws/build/rovo_sensors
[1.903s] Invoked command in '/home/kevin/Desktop/rovo_ur_ws/build/rovo_sensors' returned '0': CMAKE_PREFIX_PATH=${CMAKE_PREFIX_PATH}:/opt/ros/jazzy DEBUGINFOD_URLS=https://debuginfod.ubuntu.com /usr/bin/cmake /home/kevin/Desktop/rovo_ur_ws/src/rovo_sensors -DCMAKE_INSTALL_PREFIX=/home/kevin/Desktop/rovo_ur_ws/install/rovo_sensors
[1.906s] Invoking command in '/home/kevin/Desktop/rovo_ur_ws/build/rovo_sensors': CMAKE_PREFIX_PATH=${CMAKE_PREFIX_PATH}:/opt/ros/jazzy DEBUGINFOD_URLS=https://debuginfod.ubuntu.com /usr/bin/cmake --build /home/kevin/Desktop/rovo_ur_ws/build/rovo_sensors -- -j44 -l44
[1.971s] Invoked command in '/home/kevin/Desktop/rovo_ur_ws/build/rovo_sensors' returned '0': CMAKE_PREFIX_PATH=${CMAKE_PREFIX_PATH}:/opt/ros/jazzy DEBUGINFOD_URLS=https://debuginfod.ubuntu.com /usr/bin/cmake --build /home/kevin/Desktop/rovo_ur_ws/build/rovo_sensors -- -j44 -l44
[1.973s] Invoking command in '/home/kevin/Desktop/rovo_ur_ws/build/rovo_sensors': CMAKE_PREFIX_PATH=${CMAKE_PREFIX_PATH}:/opt/ros/jazzy DEBUGINFOD_URLS=https://debuginfod.ubuntu.com /usr/bin/cmake --install /home/kevin/Desktop/rovo_ur_ws/build/rovo_sensors
[1.986s] -- Install configuration: ""
[1.986s] -- Execute custom install script
[1.987s] -- Up-to-date symlink: /home/kevin/Desktop/rovo_ur_ws/install/rovo_sensors/share/rovo_sensors/config/micro_scan.yaml
[1.987s] -- Up-to-date symlink: /home/kevin/Desktop/rovo_ur_ws/install/rovo_sensors/share/rovo_sensors/config/nano_scan.yaml
[1.988s] -- Up-to-date symlink: /home/kevin/Desktop/rovo_ur_ws/install/rovo_sensors/share/rovo_sensors/launch/lidars.launch.py
[1.988s] -- Up-to-date symlink: /home/kevin/Desktop/rovo_ur_ws/install/rovo_sensors/lib/rovo_sensors/scan_fixer.py
[1.988s] -- Up-to-date symlink: /home/kevin/Desktop/rovo_ur_ws/install/rovo_sensors/share/ament_index/resource_index/package_run_dependencies/rovo_sensors
[1.989s] -- Up-to-date symlink: /home/kevin/Desktop/rovo_ur_ws/install/rovo_sensors/share/ament_index/resource_index/parent_prefix_path/rovo_sensors
[1.989s] -- Up-to-date symlink: /home/kevin/Desktop/rovo_ur_ws/install/rovo_sensors/share/rovo_sensors/environment/ament_prefix_path.sh
[1.989s] -- Up-to-date symlink: /home/kevin/Desktop/rovo_ur_ws/install/rovo_sensors/share/rovo_sensors/environment/ament_prefix_path.dsv
[1.989s] -- Up-to-date symlink: /home/kevin/Desktop/rovo_ur_ws/install/rovo_sensors/share/rovo_sensors/environment/path.sh
[1.990s] -- Up-to-date symlink: /home/kevin/Desktop/rovo_ur_ws/install/rovo_sensors/share/rovo_sensors/environment/path.dsv
[1.990s] -- Up-to-date symlink: /home/kevin/Desktop/rovo_ur_ws/install/rovo_sensors/share/rovo_sensors/local_setup.bash
[1.990s] -- Up-to-date symlink: /home/kevin/Desktop/rovo_ur_ws/install/rovo_sensors/share/rovo_sensors/local_setup.sh
[1.991s] -- Up-to-date symlink: /home/kevin/Desktop/rovo_ur_ws/install/rovo_sensors/share/rovo_sensors/local_setup.zsh
[1.991s] -- Up-to-date symlink: /home/kevin/Desktop/rovo_ur_ws/install/rovo_sensors/share/rovo_sensors/local_setup.dsv
[1.991s] -- Symlinking: /home/kevin/Desktop/rovo_ur_ws/install/rovo_sensors/share/rovo_sensors/package.dsv
[2.004s] -- Up-to-date symlink: /home/kevin/Desktop/rovo_ur_ws/install/rovo_sensors/share/ament_index/resource_index/packages/rovo_sensors
[2.004s] -- Up-to-date symlink: /home/kevin/Desktop/rovo_ur_ws/install/rovo_sensors/share/rovo_sensors/cmake/rovo_sensorsConfig.cmake
[2.004s] -- Up-to-date symlink: /home/kevin/Desktop/rovo_ur_ws/install/rovo_sensors/share/rovo_sensors/cmake/rovo_sensorsConfig-version.cmake
[2.005s] -- Up-to-date symlink: /home/kevin/Desktop/rovo_ur_ws/install/rovo_sensors/share/rovo_sensors/package.xml
[2.008s] Invoked command in '/home/kevin/Desktop/rovo_ur_ws/build/rovo_sensors' returned '0': CMAKE_PREFIX_PATH=${CMAKE_PREFIX_PATH}:/opt/ros/jazzy DEBUGINFOD_URLS=https://debuginfod.ubuntu.com /usr/bin/cmake --install /home/kevin/Desktop/rovo_ur_ws/build/rovo_sensors
