[0.014s] Invoking command in '/home/kevin/Desktop/rovo_ur_ws/build/rovo_sensors': CMAKE_PREFIX_PATH=${CMAKE_PREFIX_PATH}:/opt/ros/jazzy DEBUGINFOD_URLS=https://debuginfod.ubuntu.com /usr/bin/cmake /home/kevin/Desktop/rovo_ur_ws/src/rovo_sensors -DCMAKE_INSTALL_PREFIX=/home/kevin/Desktop/rovo_ur_ws/install/rovo_sensors
[0.099s] -- The C compiler identification is GNU 13.3.0
[0.185s] -- The CXX compiler identification is GNU 13.3.0
[0.213s] -- Detecting C compiler ABI info
[0.353s] -- Detecting C compiler ABI info - done
[0.383s] -- Check for working C compiler: /usr/bin/cc - skipped
[0.384s] -- Detecting C compile features
[0.385s] -- Detecting C compile features - done
[0.406s] -- Detecting CXX compiler ABI info
[0.568s] -- Detecting CXX compiler ABI info - done
[0.599s] -- Check for working CXX compiler: /usr/bin/c++ - skipped
[0.600s] -- Detecting CXX compile features
[0.601s] -- Detecting CXX compile features - done
[0.612s] -- Found ament_cmake: 2.5.4 (/opt/ros/jazzy/share/ament_cmake/cmake)
[1.485s] -- Found Python3: /home/kevin/.pyenv/shims/python3 (found version "3.12.3") found components: Interpreter 
[1.807s] -- Found sick_safetyscanners2: 1.0.4 (/opt/ros/jazzy/share/sick_safetyscanners2/cmake)
[1.919s] -- Found rosidl_generator_c: 4.6.6 (/opt/ros/jazzy/share/rosidl_generator_c/cmake)
[1.952s] -- Found rosidl_generator_cpp: 4.6.6 (/opt/ros/jazzy/share/rosidl_generator_cpp/cmake)
[1.988s] -- Using all available rosidl_typesupport_c: rosidl_typesupport_fastrtps_c;rosidl_typesupport_introspection_c
[2.028s] -- Using all available rosidl_typesupport_cpp: rosidl_typesupport_fastrtps_cpp;rosidl_typesupport_introspection_cpp
[2.239s] -- Found rmw_implementation_cmake: 7.3.2 (/opt/ros/jazzy/share/rmw_implementation_cmake/cmake)
[2.244s] -- Found rmw_fastrtps_cpp: 8.4.3 (/opt/ros/jazzy/share/rmw_fastrtps_cpp/cmake)
[2.370s] -- Found OpenSSL: /usr/lib/x86_64-linux-gnu/libcrypto.so (found version "3.0.13")  
[2.404s] -- Found FastRTPS: /opt/ros/jazzy/include (Required is at least version "2.13") 
[2.434s] -- Using RMW implementation 'rmw_fastrtps_cpp' as default
[2.837s] -- Found Boost: /usr/lib/x86_64-linux-gnu/cmake/Boost-1.83.0/BoostConfig.cmake (found version "1.83.0") found components: chrono system thread 
[2.907s] -- Found ament_lint_auto: 0.17.3 (/opt/ros/jazzy/share/ament_lint_auto/cmake)
[3.187s] -- Added test 'flake8' to check Python code syntax and style conventions
[3.187s] -- Configured 'flake8' exclude dirs and/or files: 
[3.188s] -- Added test 'lint_cmake' to check CMake code style
[3.190s] -- Added test 'pep257' to check Python code against some of the docstring style conventions in PEP 257
[3.192s] -- Added test 'xmllint' to check XML markup files
[3.195s] -- Configuring done (3.2s)
[3.201s] -- Generating done (0.0s)
[3.205s] -- Build files have been written to: /home/kevin/Desktop/rovo_ur_ws/build/rovo_sensors
[3.218s] Invoked command in '/home/kevin/Desktop/rovo_ur_ws/build/rovo_sensors' returned '0': CMAKE_PREFIX_PATH=${CMAKE_PREFIX_PATH}:/opt/ros/jazzy DEBUGINFOD_URLS=https://debuginfod.ubuntu.com /usr/bin/cmake /home/kevin/Desktop/rovo_ur_ws/src/rovo_sensors -DCMAKE_INSTALL_PREFIX=/home/kevin/Desktop/rovo_ur_ws/install/rovo_sensors
[3.220s] Invoking command in '/home/kevin/Desktop/rovo_ur_ws/build/rovo_sensors': CMAKE_PREFIX_PATH=${CMAKE_PREFIX_PATH}:/opt/ros/jazzy DEBUGINFOD_URLS=https://debuginfod.ubuntu.com /usr/bin/cmake --build /home/kevin/Desktop/rovo_ur_ws/build/rovo_sensors -- -j44 -l44
[3.285s] Invoked command in '/home/kevin/Desktop/rovo_ur_ws/build/rovo_sensors' returned '0': CMAKE_PREFIX_PATH=${CMAKE_PREFIX_PATH}:/opt/ros/jazzy DEBUGINFOD_URLS=https://debuginfod.ubuntu.com /usr/bin/cmake --build /home/kevin/Desktop/rovo_ur_ws/build/rovo_sensors -- -j44 -l44
[3.301s] Invoking command in '/home/kevin/Desktop/rovo_ur_ws/build/rovo_sensors': CMAKE_PREFIX_PATH=${CMAKE_PREFIX_PATH}:/opt/ros/jazzy DEBUGINFOD_URLS=https://debuginfod.ubuntu.com /usr/bin/cmake --install /home/kevin/Desktop/rovo_ur_ws/build/rovo_sensors
[3.310s] -- Install configuration: ""
[3.311s] -- Installing: /home/kevin/Desktop/rovo_ur_ws/install/rovo_sensors/share/rovo_sensors/config
[3.311s] -- Installing: /home/kevin/Desktop/rovo_ur_ws/install/rovo_sensors/share/rovo_sensors/config/micro_scan.yaml
[3.311s] -- Installing: /home/kevin/Desktop/rovo_ur_ws/install/rovo_sensors/share/rovo_sensors/config/nano_scan.yaml
[3.312s] -- Installing: /home/kevin/Desktop/rovo_ur_ws/install/rovo_sensors/share/rovo_sensors/launch
[3.312s] -- Installing: /home/kevin/Desktop/rovo_ur_ws/install/rovo_sensors/share/rovo_sensors/launch/lidars.launch.py
[3.312s] -- Installing: /home/kevin/Desktop/rovo_ur_ws/install/rovo_sensors/lib/rovo_sensors/scan_fixer.py
[3.313s] -- Installing: /home/kevin/Desktop/rovo_ur_ws/install/rovo_sensors/share/ament_index/resource_index/package_run_dependencies/rovo_sensors
[3.313s] -- Installing: /home/kevin/Desktop/rovo_ur_ws/install/rovo_sensors/share/ament_index/resource_index/parent_prefix_path/rovo_sensors
[3.313s] -- Installing: /home/kevin/Desktop/rovo_ur_ws/install/rovo_sensors/share/rovo_sensors/environment/ament_prefix_path.sh
[3.313s] -- Installing: /home/kevin/Desktop/rovo_ur_ws/install/rovo_sensors/share/rovo_sensors/environment/ament_prefix_path.dsv
[3.314s] -- Installing: /home/kevin/Desktop/rovo_ur_ws/install/rovo_sensors/share/rovo_sensors/environment/path.sh
[3.314s] -- Installing: /home/kevin/Desktop/rovo_ur_ws/install/rovo_sensors/share/rovo_sensors/environment/path.dsv
[3.314s] -- Installing: /home/kevin/Desktop/rovo_ur_ws/install/rovo_sensors/share/rovo_sensors/local_setup.bash
[3.314s] -- Installing: /home/kevin/Desktop/rovo_ur_ws/install/rovo_sensors/share/rovo_sensors/local_setup.sh
[3.315s] -- Installing: /home/kevin/Desktop/rovo_ur_ws/install/rovo_sensors/share/rovo_sensors/local_setup.zsh
[3.315s] -- Installing: /home/kevin/Desktop/rovo_ur_ws/install/rovo_sensors/share/rovo_sensors/local_setup.dsv
[3.315s] -- Installing: /home/kevin/Desktop/rovo_ur_ws/install/rovo_sensors/share/rovo_sensors/package.dsv
[3.315s] -- Installing: /home/kevin/Desktop/rovo_ur_ws/install/rovo_sensors/share/ament_index/resource_index/packages/rovo_sensors
[3.316s] -- Installing: /home/kevin/Desktop/rovo_ur_ws/install/rovo_sensors/share/rovo_sensors/cmake/rovo_sensorsConfig.cmake
[3.316s] -- Installing: /home/kevin/Desktop/rovo_ur_ws/install/rovo_sensors/share/rovo_sensors/cmake/rovo_sensorsConfig-version.cmake
[3.316s] -- Installing: /home/kevin/Desktop/rovo_ur_ws/install/rovo_sensors/share/rovo_sensors/package.xml
[3.317s] Invoked command in '/home/kevin/Desktop/rovo_ur_ws/build/rovo_sensors' returned '0': CMAKE_PREFIX_PATH=${CMAKE_PREFIX_PATH}:/opt/ros/jazzy DEBUGINFOD_URLS=https://debuginfod.ubuntu.com /usr/bin/cmake --install /home/kevin/Desktop/rovo_ur_ws/build/rovo_sensors
