[01m[K/home/kevin/Desktop/rovo_ur_ws/src/rovo_can_driver/src/rovo_can_system.cpp:[m[K In member function ‘[01m[Kvirtual hardware_interface::return_type rovo_can_driver::RovoCanSystem::[01;32m[Kwrite[m[K(const rclcpp::Time&, const rclcpp::Duration&)[m[K’:
[01m[K/home/kevin/Desktop/rovo_ur_ws/src/rovo_can_driver/src/rovo_can_system.cpp:339:16:[m[K [01;31m[Kerror: [m[Kno matching function for call to ‘[01m[Krovo_can_driver::RovoCanSystem::send_ec_tpdo1(uint8_t&, uint8_t&, uint8_t&)[m[K’
  339 |   [01;31m[Ksend_ec_tpdo1(requested_unlock_state, requested_drive_mode, requested_hv_state)[m[K;
      |   [01;31m[K~~~~~~~~~~~~~^~~~~~~~~~~~~~~~~~~~~~~~~~~~~~~~~~~~~~~~~~~~~~~~~~~~~~~~~~~~~~~~~~[m[K
In file included from [01m[K/home/kevin/Desktop/rovo_ur_ws/src/rovo_can_driver/src/rovo_can_system.cpp:1[m[K:
[01m[K/home/kevin/Desktop/rovo_ur_ws/src/rovo_can_driver/include/rovo_can_driver/rovo_can_system.hpp:68:8:[m[K [01;36m[Knote: [m[Kcandidate: ‘[01m[Kvoid rovo_can_driver::RovoCanSystem::[01;32m[Ksend_ec_tpdo1[m[K(uint8_t, uint8_t)[m[K’
   68 |   void [01;36m[Ksend_ec_tpdo1[m[K(uint8_t requested_unlock_state, uint8_t requested_drive_mode);
      |        [01;36m[K^~~~~~~~~~~~~[m[K
[01m[K/home/kevin/Desktop/rovo_ur_ws/src/rovo_can_driver/include/rovo_can_driver/rovo_can_system.hpp:68:8:[m[K [01;36m[Knote: [m[K  candidate expects 2 arguments, 3 provided
[01m[K/home/kevin/Desktop/rovo_ur_ws/src/rovo_can_driver/src/rovo_can_system.cpp:[m[K At global scope:
[01m[K/home/kevin/Desktop/rovo_ur_ws/src/rovo_can_driver/src/rovo_can_system.cpp:492:6:[m[K [01;31m[Kerror: [m[Kno declaration matches ‘[01m[Kvoid rovo_can_driver::RovoCanSystem::[01;32m[Ksend_ec_tpdo1[m[K(uint8_t, uint8_t, uint8_t)[m[K’
  492 | void [01;31m[KRovoCanSystem[m[K::send_ec_tpdo1(
      |      [01;31m[K^~~~~~~~~~~~~[m[K
[01m[K/home/kevin/Desktop/rovo_ur_ws/src/rovo_can_driver/include/rovo_can_driver/rovo_can_system.hpp:68:8:[m[K [01;36m[Knote: [m[Kcandidate is: ‘[01m[Kvoid rovo_can_driver::RovoCanSystem::[01;32m[Ksend_ec_tpdo1[m[K(uint8_t, uint8_t)[m[K’
   68 |   void [01;36m[Ksend_ec_tpdo1[m[K(uint8_t requested_unlock_state, uint8_t requested_drive_mode);
      |        [01;36m[K^~~~~~~~~~~~~[m[K
[01m[K/home/kevin/Desktop/rovo_ur_ws/src/rovo_can_driver/include/rovo_can_driver/rovo_can_system.hpp:30:7:[m[K [01;36m[Knote: [m[K‘[01m[Kclass rovo_can_driver::RovoCanSystem[m[K’ defined here
   30 | class [01;36m[KRovoCanSystem[m[K : public hardware_interface::SystemInterface
      |       [01;36m[K^~~~~~~~~~~~~[m[K
gmake[2]: *** [CMakeFiles/rovo_can_driver.dir/build.make:76: CMakeFiles/rovo_can_driver.dir/src/rovo_can_system.cpp.o] Error 1
gmake[1]: *** [CMakeFiles/Makefile2:137: CMakeFiles/rovo_can_driver.dir/all] Error 2
gmake: *** [Makefile:146: all] Error 2
