[0.197s] DEBUG:colcon:Command line arguments: ['/usr/bin/colcon', 'build']
[0.198s] DEBUG:colcon:Parsed command line arguments: Namespace(log_base=None, log_level=None, verb_name='build', build_base='build', install_base='install', merge_install=False, symlink_install=False, test_result_base=None, continue_on_error=False, executor='parallel', parallel_workers=44, event_handlers=None, ignore_user_meta=False, metas=['./colcon.meta'], base_paths=['.'], packages_ignore=None, packages_ignore_regex=None, paths=None, packages_up_to=None, packages_up_to_regex=None, packages_above=None, packages_above_and_dependencies=None, packages_above_depth=None, packages_select_by_dep=None, packages_skip_by_dep=None, packages_skip_up_to=None, packages_select_build_failed=False, packages_skip_build_finished=False, packages_select_test_failures=False, packages_skip_test_passed=False, packages_select=None, packages_skip=None, packages_select_regex=None, packages_skip_regex=None, packages_start=None, packages_end=None, allow_overriding=[], cmake_args=None, cmake_target=None, cmake_target_skip_unavailable=False, cmake_clean_cache=False, cmake_clean_first=False, cmake_force_configure=False, ament_cmake_args=None, catkin_cmake_args=None, catkin_skip_building_tests=False, mixin_files=None, mixin=None, verb_parser=<colcon_mixin.mixin.mixin_argument.MixinArgumentDecorator object at 0x75aa3e79db20>, verb_extension=<colcon_core.verb.build.BuildVerb object at 0x75aa3e8bd8e0>, main=<bound method BuildVerb.main of <colcon_core.verb.build.BuildVerb object at 0x75aa3e8bd8e0>>, mixin_verb=('build',))
[0.275s] Level 1:colcon.colcon_core.package_discovery:discover_packages(colcon_meta) check parameters
[0.275s] Level 1:colcon.colcon_core.package_discovery:discover_packages(recursive) check parameters
[0.275s] Level 1:colcon.colcon_core.package_discovery:discover_packages(ignore) check parameters
[0.275s] Level 1:colcon.colcon_core.package_discovery:discover_packages(path) check parameters
[0.275s] Level 1:colcon.colcon_core.package_discovery:discover_packages(colcon_meta) discover
[0.275s] Level 1:colcon.colcon_core.package_discovery:discover_packages(recursive) discover
[0.275s] INFO:colcon.colcon_core.package_discovery:Crawling recursively for packages in '/home/kevin/Desktop/rovo_ur_ws'
[0.275s] Level 1:colcon.colcon_core.package_identification:_identify(.) by extensions ['ignore', 'ignore_ament_install']
[0.275s] Level 1:colcon.colcon_core.package_identification:_identify(.) by extension 'ignore'
[0.275s] Level 1:colcon.colcon_core.package_identification:_identify(.) by extension 'ignore_ament_install'
[0.276s] Level 1:colcon.colcon_core.package_identification:_identify(.) by extensions ['colcon_pkg']
[0.276s] Level 1:colcon.colcon_core.package_identification:_identify(.) by extension 'colcon_pkg'
[0.276s] Level 1:colcon.colcon_core.package_identification:_identify(.) by extensions ['colcon_meta']
[0.276s] Level 1:colcon.colcon_core.package_identification:_identify(.) by extension 'colcon_meta'
[0.276s] Level 1:colcon.colcon_core.package_identification:_identify(.) by extensions ['ros']
[0.276s] Level 1:colcon.colcon_core.package_identification:_identify(.) by extension 'ros'
[0.311s] Level 1:colcon.colcon_core.package_identification:_identify(.) by extensions ['cmake', 'python']
[0.311s] Level 1:colcon.colcon_core.package_identification:_identify(.) by extension 'cmake'
[0.311s] Level 1:colcon.colcon_core.package_identification:_identify(.) by extension 'python'
[0.311s] Level 1:colcon.colcon_core.package_identification:_identify(.) by extensions ['python_setup_py']
[0.311s] Level 1:colcon.colcon_core.package_identification:_identify(.) by extension 'python_setup_py'
[0.311s] Level 1:colcon.colcon_core.package_identification:_identify(build) by extensions ['ignore', 'ignore_ament_install']
[0.311s] Level 1:colcon.colcon_core.package_identification:_identify(build) by extension 'ignore'
[0.312s] Level 1:colcon.colcon_core.package_identification:_identify(build) ignored
[0.312s] Level 1:colcon.colcon_core.package_identification:_identify(install) by extensions ['ignore', 'ignore_ament_install']
[0.312s] Level 1:colcon.colcon_core.package_identification:_identify(install) by extension 'ignore'
[0.312s] Level 1:colcon.colcon_core.package_identification:_identify(install) ignored
[0.312s] Level 1:colcon.colcon_core.package_identification:_identify(log) by extensions ['ignore', 'ignore_ament_install']
[0.312s] Level 1:colcon.colcon_core.package_identification:_identify(log) by extension 'ignore'
[0.312s] Level 1:colcon.colcon_core.package_identification:_identify(log) ignored
[0.312s] Level 1:colcon.colcon_core.package_identification:_identify(src) by extensions ['ignore', 'ignore_ament_install']
[0.312s] Level 1:colcon.colcon_core.package_identification:_identify(src) by extension 'ignore'
[0.313s] Level 1:colcon.colcon_core.package_identification:_identify(src) by extension 'ignore_ament_install'
[0.313s] Level 1:colcon.colcon_core.package_identification:_identify(src) by extensions ['colcon_pkg']
[0.313s] Level 1:colcon.colcon_core.package_identification:_identify(src) by extension 'colcon_pkg'
[0.313s] Level 1:colcon.colcon_core.package_identification:_identify(src) by extensions ['colcon_meta']
[0.313s] Level 1:colcon.colcon_core.package_identification:_identify(src) by extension 'colcon_meta'
[0.313s] Level 1:colcon.colcon_core.package_identification:_identify(src) by extensions ['ros']
[0.313s] Level 1:colcon.colcon_core.package_identification:_identify(src) by extension 'ros'
[0.313s] Level 1:colcon.colcon_core.package_identification:_identify(src) by extensions ['cmake', 'python']
[0.313s] Level 1:colcon.colcon_core.package_identification:_identify(src) by extension 'cmake'
[0.313s] Level 1:colcon.colcon_core.package_identification:_identify(src) by extension 'python'
[0.313s] Level 1:colcon.colcon_core.package_identification:_identify(src) by extensions ['python_setup_py']
[0.313s] Level 1:colcon.colcon_core.package_identification:_identify(src) by extension 'python_setup_py'
[0.313s] Level 1:colcon.colcon_core.package_identification:_identify(src/rovo_bringup) by extensions ['ignore', 'ignore_ament_install']
[0.314s] Level 1:colcon.colcon_core.package_identification:_identify(src/rovo_bringup) by extension 'ignore'
[0.314s] Level 1:colcon.colcon_core.package_identification:_identify(src/rovo_bringup) by extension 'ignore_ament_install'
[0.314s] Level 1:colcon.colcon_core.package_identification:_identify(src/rovo_bringup) by extensions ['colcon_pkg']
[0.314s] Level 1:colcon.colcon_core.package_identification:_identify(src/rovo_bringup) by extension 'colcon_pkg'
[0.314s] Level 1:colcon.colcon_core.package_identification:_identify(src/rovo_bringup) by extensions ['colcon_meta']
[0.314s] Level 1:colcon.colcon_core.package_identification:_identify(src/rovo_bringup) by extension 'colcon_meta'
[0.314s] Level 1:colcon.colcon_core.package_identification:_identify(src/rovo_bringup) by extensions ['ros']
[0.314s] Level 1:colcon.colcon_core.package_identification:_identify(src/rovo_bringup) by extension 'ros'
[0.318s] DEBUG:colcon.colcon_core.package_identification:Package 'src/rovo_bringup' with type 'ros.ament_cmake' and name 'rovo_bringup'
[0.318s] Level 1:colcon.colcon_core.package_identification:_identify(src/rovo_can_driver) by extensions ['ignore', 'ignore_ament_install']
[0.318s] Level 1:colcon.colcon_core.package_identification:_identify(src/rovo_can_driver) by extension 'ignore'
[0.318s] Level 1:colcon.colcon_core.package_identification:_identify(src/rovo_can_driver) by extension 'ignore_ament_install'
[0.318s] Level 1:colcon.colcon_core.package_identification:_identify(src/rovo_can_driver) by extensions ['colcon_pkg']
[0.318s] Level 1:colcon.colcon_core.package_identification:_identify(src/rovo_can_driver) by extension 'colcon_pkg'
[0.318s] Level 1:colcon.colcon_core.package_identification:_identify(src/rovo_can_driver) by extensions ['colcon_meta']
[0.318s] Level 1:colcon.colcon_core.package_identification:_identify(src/rovo_can_driver) by extension 'colcon_meta'
[0.319s] Level 1:colcon.colcon_core.package_identification:_identify(src/rovo_can_driver) by extensions ['ros']
[0.319s] Level 1:colcon.colcon_core.package_identification:_identify(src/rovo_can_driver) by extension 'ros'
[0.319s] DEBUG:colcon.colcon_core.package_identification:Package 'src/rovo_can_driver' with type 'ros.ament_cmake' and name 'rovo_can_driver'
[0.319s] Level 1:colcon.colcon_core.package_identification:_identify(src/rovo_ur_description) by extensions ['ignore', 'ignore_ament_install']
[0.320s] Level 1:colcon.colcon_core.package_identification:_identify(src/rovo_ur_description) by extension 'ignore'
[0.320s] Level 1:colcon.colcon_core.package_identification:_identify(src/rovo_ur_description) by extension 'ignore_ament_install'
[0.320s] Level 1:colcon.colcon_core.package_identification:_identify(src/rovo_ur_description) by extensions ['colcon_pkg']
[0.320s] Level 1:colcon.colcon_core.package_identification:_identify(src/rovo_ur_description) by extension 'colcon_pkg'
[0.320s] Level 1:colcon.colcon_core.package_identification:_identify(src/rovo_ur_description) by extensions ['colcon_meta']
[0.320s] Level 1:colcon.colcon_core.package_identification:_identify(src/rovo_ur_description) by extension 'colcon_meta'
[0.320s] Level 1:colcon.colcon_core.package_identification:_identify(src/rovo_ur_description) by extensions ['ros']
[0.320s] Level 1:colcon.colcon_core.package_identification:_identify(src/rovo_ur_description) by extension 'ros'
[0.321s] DEBUG:colcon.colcon_core.package_identification:Package 'src/rovo_ur_description' with type 'ros.ament_cmake' and name 'rovo_ur_description'
[0.321s] Level 1:colcon.colcon_core.package_discovery:discover_packages(recursive) using defaults
[0.321s] Level 1:colcon.colcon_core.package_discovery:discover_packages(ignore) discover
[0.321s] Level 1:colcon.colcon_core.package_discovery:discover_packages(ignore) using defaults
[0.321s] Level 1:colcon.colcon_core.package_discovery:discover_packages(path) discover
[0.321s] Level 1:colcon.colcon_core.package_discovery:discover_packages(path) using defaults
[0.348s] Level 1:colcon.colcon_core.package_discovery:discover_packages(prefix_path) check parameters
[0.348s] Level 1:colcon.colcon_core.package_discovery:discover_packages(prefix_path) discover
[0.352s] DEBUG:colcon.colcon_installed_package_information.package_discovery:Found 3 installed packages in /home/kevin/Desktop/rovo_ur_ws/install
[0.354s] DEBUG:colcon.colcon_installed_package_information.package_discovery:Found 369 installed packages in /opt/ros/jazzy
[0.356s] Level 1:colcon.colcon_core.package_discovery:discover_packages(prefix_path) using defaults
[0.424s] Level 5:colcon.colcon_core.verb:set package 'rovo_bringup' build argument 'cmake_args' from command line to 'None'
[0.424s] Level 5:colcon.colcon_core.verb:set package 'rovo_bringup' build argument 'cmake_target' from command line to 'None'
[0.424s] Level 5:colcon.colcon_core.verb:set package 'rovo_bringup' build argument 'cmake_target_skip_unavailable' from command line to 'False'
[0.424s] Level 5:colcon.colcon_core.verb:set package 'rovo_bringup' build argument 'cmake_clean_cache' from command line to 'False'
[0.424s] Level 5:colcon.colcon_core.verb:set package 'rovo_bringup' build argument 'cmake_clean_first' from command line to 'False'
[0.424s] Level 5:colcon.colcon_core.verb:set package 'rovo_bringup' build argument 'cmake_force_configure' from command line to 'False'
[0.424s] Level 5:colcon.colcon_core.verb:set package 'rovo_bringup' build argument 'ament_cmake_args' from command line to 'None'
[0.424s] Level 5:colcon.colcon_core.verb:set package 'rovo_bringup' build argument 'catkin_cmake_args' from command line to 'None'
[0.424s] Level 5:colcon.colcon_core.verb:set package 'rovo_bringup' build argument 'catkin_skip_building_tests' from command line to 'False'
[0.424s] DEBUG:colcon.colcon_core.verb:Building package 'rovo_bringup' with the following arguments: {'ament_cmake_args': None, 'build_base': '/home/kevin/Desktop/rovo_ur_ws/build/rovo_bringup', 'catkin_cmake_args': None, 'catkin_skip_building_tests': False, 'cmake_args': None, 'cmake_clean_cache': False, 'cmake_clean_first': False, 'cmake_force_configure': False, 'cmake_target': None, 'cmake_target_skip_unavailable': False, 'install_base': '/home/kevin/Desktop/rovo_ur_ws/install/rovo_bringup', 'merge_install': False, 'path': '/home/kevin/Desktop/rovo_ur_ws/src/rovo_bringup', 'symlink_install': False, 'test_result_base': None}
[0.425s] Level 5:colcon.colcon_core.verb:set package 'rovo_can_driver' build argument 'cmake_args' from command line to 'None'
[0.425s] Level 5:colcon.colcon_core.verb:set package 'rovo_can_driver' build argument 'cmake_target' from command line to 'None'
[0.425s] Level 5:colcon.colcon_core.verb:set package 'rovo_can_driver' build argument 'cmake_target_skip_unavailable' from command line to 'False'
[0.425s] Level 5:colcon.colcon_core.verb:set package 'rovo_can_driver' build argument 'cmake_clean_cache' from command line to 'False'
[0.425s] Level 5:colcon.colcon_core.verb:set package 'rovo_can_driver' build argument 'cmake_clean_first' from command line to 'False'
[0.425s] Level 5:colcon.colcon_core.verb:set package 'rovo_can_driver' build argument 'cmake_force_configure' from command line to 'False'
[0.425s] Level 5:colcon.colcon_core.verb:set package 'rovo_can_driver' build argument 'ament_cmake_args' from command line to 'None'
[0.425s] Level 5:colcon.colcon_core.verb:set package 'rovo_can_driver' build argument 'catkin_cmake_args' from command line to 'None'
[0.425s] Level 5:colcon.colcon_core.verb:set package 'rovo_can_driver' build argument 'catkin_skip_building_tests' from command line to 'False'
[0.425s] DEBUG:colcon.colcon_core.verb:Building package 'rovo_can_driver' with the following arguments: {'ament_cmake_args': None, 'build_base': '/home/kevin/Desktop/rovo_ur_ws/build/rovo_can_driver', 'catkin_cmake_args': None, 'catkin_skip_building_tests': False, 'cmake_args': None, 'cmake_clean_cache': False, 'cmake_clean_first': False, 'cmake_force_configure': False, 'cmake_target': None, 'cmake_target_skip_unavailable': False, 'install_base': '/home/kevin/Desktop/rovo_ur_ws/install/rovo_can_driver', 'merge_install': False, 'path': '/home/kevin/Desktop/rovo_ur_ws/src/rovo_can_driver', 'symlink_install': False, 'test_result_base': None}
[0.425s] Level 5:colcon.colcon_core.verb:set package 'rovo_ur_description' build argument 'cmake_args' from command line to 'None'
[0.425s] Level 5:colcon.colcon_core.verb:set package 'rovo_ur_description' build argument 'cmake_target' from command line to 'None'
[0.426s] Level 5:colcon.colcon_core.verb:set package 'rovo_ur_description' build argument 'cmake_target_skip_unavailable' from command line to 'False'
[0.426s] Level 5:colcon.colcon_core.verb:set package 'rovo_ur_description' build argument 'cmake_clean_cache' from command line to 'False'
[0.426s] Level 5:colcon.colcon_core.verb:set package 'rovo_ur_description' build argument 'cmake_clean_first' from command line to 'False'
[0.426s] Level 5:colcon.colcon_core.verb:set package 'rovo_ur_description' build argument 'cmake_force_configure' from command line to 'False'
[0.426s] Level 5:colcon.colcon_core.verb:set package 'rovo_ur_description' build argument 'ament_cmake_args' from command line to 'None'
[0.426s] Level 5:colcon.colcon_core.verb:set package 'rovo_ur_description' build argument 'catkin_cmake_args' from command line to 'None'
[0.426s] Level 5:colcon.colcon_core.verb:set package 'rovo_ur_description' build argument 'catkin_skip_building_tests' from command line to 'False'
[0.426s] DEBUG:colcon.colcon_core.verb:Building package 'rovo_ur_description' with the following arguments: {'ament_cmake_args': None, 'build_base': '/home/kevin/Desktop/rovo_ur_ws/build/rovo_ur_description', 'catkin_cmake_args': None, 'catkin_skip_building_tests': False, 'cmake_args': None, 'cmake_clean_cache': False, 'cmake_clean_first': False, 'cmake_force_configure': False, 'cmake_target': None, 'cmake_target_skip_unavailable': False, 'install_base': '/home/kevin/Desktop/rovo_ur_ws/install/rovo_ur_description', 'merge_install': False, 'path': '/home/kevin/Desktop/rovo_ur_ws/src/rovo_ur_description', 'symlink_install': False, 'test_result_base': None}
[0.426s] INFO:colcon.colcon_core.executor:Executing jobs using 'parallel' executor
[0.427s] DEBUG:colcon.colcon_parallel_executor.executor.parallel:run_until_complete
[0.427s] INFO:colcon.colcon_ros.task.ament_cmake.build:Building ROS package in '/home/kevin/Desktop/rovo_ur_ws/src/rovo_bringup' with build type 'ament_cmake'
[0.427s] INFO:colcon.colcon_cmake.task.cmake.build:Building CMake package in '/home/kevin/Desktop/rovo_ur_ws/src/rovo_bringup'
[0.433s] INFO:colcon.colcon_core.plugin_system:Skipping extension 'colcon_core.shell.bat': Not used on non-Windows systems
[0.434s] INFO:colcon.colcon_core.shell:Skip shell extension 'powershell' for command environment: Not usable outside of PowerShell
[0.434s] DEBUG:colcon.colcon_core.shell:Skip shell extension 'dsv' for command environment
[0.439s] INFO:colcon.colcon_ros.task.ament_cmake.build:Building ROS package in '/home/kevin/Desktop/rovo_ur_ws/src/rovo_can_driver' with build type 'ament_cmake'
[0.440s] INFO:colcon.colcon_cmake.task.cmake.build:Building CMake package in '/home/kevin/Desktop/rovo_ur_ws/src/rovo_can_driver'
[0.440s] INFO:colcon.colcon_core.shell:Skip shell extension 'powershell' for command environment: Not usable outside of PowerShell
[0.440s] DEBUG:colcon.colcon_core.shell:Skip shell extension 'dsv' for command environment
[0.445s] INFO:colcon.colcon_ros.task.ament_cmake.build:Building ROS package in '/home/kevin/Desktop/rovo_ur_ws/src/rovo_ur_description' with build type 'ament_cmake'
[0.445s] INFO:colcon.colcon_cmake.task.cmake.build:Building CMake package in '/home/kevin/Desktop/rovo_ur_ws/src/rovo_ur_description'
[0.445s] INFO:colcon.colcon_core.shell:Skip shell extension 'powershell' for command environment: Not usable outside of PowerShell
[0.445s] DEBUG:colcon.colcon_core.shell:Skip shell extension 'dsv' for command environment
[0.455s] DEBUG:colcon.colcon_core.event_handler.log_command:Invoking command in '/home/kevin/Desktop/rovo_ur_ws/build/rovo_bringup': CMAKE_PREFIX_PATH=${CMAKE_PREFIX_PATH}:/opt/ros/jazzy DEBUGINFOD_URLS=https://debuginfod.ubuntu.com /usr/bin/cmake /home/kevin/Desktop/rovo_ur_ws/src/rovo_bringup -DCMAKE_INSTALL_PREFIX=/home/kevin/Desktop/rovo_ur_ws/install/rovo_bringup
[0.460s] DEBUG:colcon.colcon_core.event_handler.log_command:Invoking command in '/home/kevin/Desktop/rovo_ur_ws/build/rovo_can_driver': CMAKE_PREFIX_PATH=${CMAKE_PREFIX_PATH}:/opt/ros/jazzy DEBUGINFOD_URLS=https://debuginfod.ubuntu.com /usr/bin/cmake /home/kevin/Desktop/rovo_ur_ws/src/rovo_can_driver -DCMAKE_INSTALL_PREFIX=/home/kevin/Desktop/rovo_ur_ws/install/rovo_can_driver
[0.464s] DEBUG:colcon.colcon_core.event_handler.log_command:Invoking command in '/home/kevin/Desktop/rovo_ur_ws/build/rovo_ur_description': CMAKE_PREFIX_PATH=${CMAKE_PREFIX_PATH}:/opt/ros/jazzy DEBUGINFOD_URLS=https://debuginfod.ubuntu.com /usr/bin/cmake /home/kevin/Desktop/rovo_ur_ws/src/rovo_ur_description -DCMAKE_INSTALL_PREFIX=/home/kevin/Desktop/rovo_ur_ws/install/rovo_ur_description
[1.813s] DEBUG:colcon.colcon_core.event_handler.log_command:Invoked command in '/home/kevin/Desktop/rovo_ur_ws/build/rovo_bringup' returned '0': CMAKE_PREFIX_PATH=${CMAKE_PREFIX_PATH}:/opt/ros/jazzy DEBUGINFOD_URLS=https://debuginfod.ubuntu.com /usr/bin/cmake /home/kevin/Desktop/rovo_ur_ws/src/rovo_bringup -DCMAKE_INSTALL_PREFIX=/home/kevin/Desktop/rovo_ur_ws/install/rovo_bringup
[1.815s] DEBUG:colcon.colcon_core.event_handler.log_command:Invoking command in '/home/kevin/Desktop/rovo_ur_ws/build/rovo_bringup': CMAKE_PREFIX_PATH=${CMAKE_PREFIX_PATH}:/opt/ros/jazzy DEBUGINFOD_URLS=https://debuginfod.ubuntu.com /usr/bin/cmake --build /home/kevin/Desktop/rovo_ur_ws/build/rovo_bringup -- -j44 -l44
[1.817s] DEBUG:colcon.colcon_core.event_handler.log_command:Invoked command in '/home/kevin/Desktop/rovo_ur_ws/build/rovo_ur_description' returned '0': CMAKE_PREFIX_PATH=${CMAKE_PREFIX_PATH}:/opt/ros/jazzy DEBUGINFOD_URLS=https://debuginfod.ubuntu.com /usr/bin/cmake /home/kevin/Desktop/rovo_ur_ws/src/rovo_ur_description -DCMAKE_INSTALL_PREFIX=/home/kevin/Desktop/rovo_ur_ws/install/rovo_ur_description
[1.818s] DEBUG:colcon.colcon_core.event_handler.log_command:Invoking command in '/home/kevin/Desktop/rovo_ur_ws/build/rovo_ur_description': CMAKE_PREFIX_PATH=${CMAKE_PREFIX_PATH}:/opt/ros/jazzy DEBUGINFOD_URLS=https://debuginfod.ubuntu.com /usr/bin/cmake --build /home/kevin/Desktop/rovo_ur_ws/build/rovo_ur_description -- -j44 -l44
[1.880s] DEBUG:colcon.colcon_core.event_handler.log_command:Invoked command in '/home/kevin/Desktop/rovo_ur_ws/build/rovo_bringup' returned '0': CMAKE_PREFIX_PATH=${CMAKE_PREFIX_PATH}:/opt/ros/jazzy DEBUGINFOD_URLS=https://debuginfod.ubuntu.com /usr/bin/cmake --build /home/kevin/Desktop/rovo_ur_ws/build/rovo_bringup -- -j44 -l44
[1.896s] DEBUG:colcon.colcon_core.event_handler.log_command:Invoking command in '/home/kevin/Desktop/rovo_ur_ws/build/rovo_bringup': CMAKE_PREFIX_PATH=${CMAKE_PREFIX_PATH}:/opt/ros/jazzy DEBUGINFOD_URLS=https://debuginfod.ubuntu.com /usr/bin/cmake --install /home/kevin/Desktop/rovo_ur_ws/build/rovo_bringup
[1.898s] DEBUG:colcon.colcon_core.event_handler.log_command:Invoked command in '/home/kevin/Desktop/rovo_ur_ws/build/rovo_ur_description' returned '0': CMAKE_PREFIX_PATH=${CMAKE_PREFIX_PATH}:/opt/ros/jazzy DEBUGINFOD_URLS=https://debuginfod.ubuntu.com /usr/bin/cmake --build /home/kevin/Desktop/rovo_ur_ws/build/rovo_ur_description -- -j44 -l44
[1.901s] DEBUG:colcon.colcon_core.event_handler.log_command:Invoking command in '/home/kevin/Desktop/rovo_ur_ws/build/rovo_ur_description': CMAKE_PREFIX_PATH=${CMAKE_PREFIX_PATH}:/opt/ros/jazzy DEBUGINFOD_URLS=https://debuginfod.ubuntu.com /usr/bin/cmake --install /home/kevin/Desktop/rovo_ur_ws/build/rovo_ur_description
[1.930s] Level 1:colcon.colcon_core.environment:create_environment_scripts_only(rovo_bringup)
[1.931s] DEBUG:colcon.colcon_core.event_handler.log_command:Invoked command in '/home/kevin/Desktop/rovo_ur_ws/build/rovo_bringup' returned '0': CMAKE_PREFIX_PATH=${CMAKE_PREFIX_PATH}:/opt/ros/jazzy DEBUGINFOD_URLS=https://debuginfod.ubuntu.com /usr/bin/cmake --install /home/kevin/Desktop/rovo_ur_ws/build/rovo_bringup
[1.940s] Level 1:colcon.colcon_core.environment:checking '/home/kevin/Desktop/rovo_ur_ws/install/rovo_bringup' for CMake module files
[1.941s] Level 1:colcon.colcon_core.environment:checking '/home/kevin/Desktop/rovo_ur_ws/install/rovo_bringup' for CMake config files
[1.941s] Level 1:colcon.colcon_core.shell:create_environment_hook('rovo_bringup', 'cmake_prefix_path')
[1.941s] INFO:colcon.colcon_core.shell:Creating environment hook '/home/kevin/Desktop/rovo_ur_ws/install/rovo_bringup/share/rovo_bringup/hook/cmake_prefix_path.ps1'
[1.943s] INFO:colcon.colcon_core.shell:Creating environment descriptor '/home/kevin/Desktop/rovo_ur_ws/install/rovo_bringup/share/rovo_bringup/hook/cmake_prefix_path.dsv'
[1.943s] INFO:colcon.colcon_core.shell:Creating environment hook '/home/kevin/Desktop/rovo_ur_ws/install/rovo_bringup/share/rovo_bringup/hook/cmake_prefix_path.sh'
[1.944s] Level 1:colcon.colcon_core.environment:checking '/home/kevin/Desktop/rovo_ur_ws/install/rovo_bringup/bin'
[1.945s] Level 1:colcon.colcon_core.environment:checking '/home/kevin/Desktop/rovo_ur_ws/install/rovo_bringup/lib/pkgconfig/rovo_bringup.pc'
[1.945s] Level 1:colcon.colcon_core.environment:checking '/home/kevin/Desktop/rovo_ur_ws/install/rovo_bringup/lib/python3.12/site-packages'
[1.945s] Level 1:colcon.colcon_core.environment:checking '/home/kevin/Desktop/rovo_ur_ws/install/rovo_bringup/bin'
[1.946s] INFO:colcon.colcon_core.shell:Creating package script '/home/kevin/Desktop/rovo_ur_ws/install/rovo_bringup/share/rovo_bringup/package.ps1'
[1.947s] INFO:colcon.colcon_core.shell:Creating package descriptor '/home/kevin/Desktop/rovo_ur_ws/install/rovo_bringup/share/rovo_bringup/package.dsv'
[1.947s] INFO:colcon.colcon_core.shell:Creating package script '/home/kevin/Desktop/rovo_ur_ws/install/rovo_bringup/share/rovo_bringup/package.sh'
[1.948s] INFO:colcon.colcon_core.shell:Creating package script '/home/kevin/Desktop/rovo_ur_ws/install/rovo_bringup/share/rovo_bringup/package.bash'
[1.949s] INFO:colcon.colcon_core.shell:Creating package script '/home/kevin/Desktop/rovo_ur_ws/install/rovo_bringup/share/rovo_bringup/package.zsh'
[1.951s] Level 1:colcon.colcon_core.environment:create_file_with_runtime_dependencies(/home/kevin/Desktop/rovo_ur_ws/install/rovo_bringup/share/colcon-core/packages/rovo_bringup)
[1.951s] Level 1:colcon.colcon_core.environment:create_environment_scripts_only(rovo_bringup)
[1.951s] Level 1:colcon.colcon_core.environment:checking '/home/kevin/Desktop/rovo_ur_ws/install/rovo_bringup' for CMake module files
[1.952s] Level 1:colcon.colcon_core.environment:checking '/home/kevin/Desktop/rovo_ur_ws/install/rovo_bringup' for CMake config files
[1.953s] Level 1:colcon.colcon_core.shell:create_environment_hook('rovo_bringup', 'cmake_prefix_path')
[1.953s] INFO:colcon.colcon_core.shell:Creating environment hook '/home/kevin/Desktop/rovo_ur_ws/install/rovo_bringup/share/rovo_bringup/hook/cmake_prefix_path.ps1'
[1.953s] INFO:colcon.colcon_core.shell:Creating environment descriptor '/home/kevin/Desktop/rovo_ur_ws/install/rovo_bringup/share/rovo_bringup/hook/cmake_prefix_path.dsv'
[1.954s] INFO:colcon.colcon_core.shell:Creating environment hook '/home/kevin/Desktop/rovo_ur_ws/install/rovo_bringup/share/rovo_bringup/hook/cmake_prefix_path.sh'
[1.954s] Level 1:colcon.colcon_core.environment:checking '/home/kevin/Desktop/rovo_ur_ws/install/rovo_bringup/bin'
[1.955s] Level 1:colcon.colcon_core.environment:checking '/home/kevin/Desktop/rovo_ur_ws/install/rovo_bringup/lib/pkgconfig/rovo_bringup.pc'
[1.955s] Level 1:colcon.colcon_core.environment:checking '/home/kevin/Desktop/rovo_ur_ws/install/rovo_bringup/lib/python3.12/site-packages'
[1.955s] Level 1:colcon.colcon_core.environment:checking '/home/kevin/Desktop/rovo_ur_ws/install/rovo_bringup/bin'
[1.956s] INFO:colcon.colcon_core.shell:Creating package script '/home/kevin/Desktop/rovo_ur_ws/install/rovo_bringup/share/rovo_bringup/package.ps1'
[1.956s] INFO:colcon.colcon_core.shell:Creating package descriptor '/home/kevin/Desktop/rovo_ur_ws/install/rovo_bringup/share/rovo_bringup/package.dsv'
[1.957s] INFO:colcon.colcon_core.shell:Creating package script '/home/kevin/Desktop/rovo_ur_ws/install/rovo_bringup/share/rovo_bringup/package.sh'
[1.957s] INFO:colcon.colcon_core.shell:Creating package script '/home/kevin/Desktop/rovo_ur_ws/install/rovo_bringup/share/rovo_bringup/package.bash'
[1.958s] INFO:colcon.colcon_core.shell:Creating package script '/home/kevin/Desktop/rovo_ur_ws/install/rovo_bringup/share/rovo_bringup/package.zsh'
[1.958s] Level 1:colcon.colcon_core.environment:create_file_with_runtime_dependencies(/home/kevin/Desktop/rovo_ur_ws/install/rovo_bringup/share/colcon-core/packages/rovo_bringup)
[1.960s] Level 1:colcon.colcon_core.environment:create_environment_scripts_only(rovo_ur_description)
[1.960s] Level 1:colcon.colcon_core.environment:checking '/home/kevin/Desktop/rovo_ur_ws/install/rovo_ur_description' for CMake module files
[1.961s] DEBUG:colcon.colcon_core.event_handler.log_command:Invoked command in '/home/kevin/Desktop/rovo_ur_ws/build/rovo_ur_description' returned '0': CMAKE_PREFIX_PATH=${CMAKE_PREFIX_PATH}:/opt/ros/jazzy DEBUGINFOD_URLS=https://debuginfod.ubuntu.com /usr/bin/cmake --install /home/kevin/Desktop/rovo_ur_ws/build/rovo_ur_description
[1.961s] Level 1:colcon.colcon_core.environment:checking '/home/kevin/Desktop/rovo_ur_ws/install/rovo_ur_description' for CMake config files
[1.962s] Level 1:colcon.colcon_core.shell:create_environment_hook('rovo_ur_description', 'cmake_prefix_path')
[1.962s] INFO:colcon.colcon_core.shell:Creating environment hook '/home/kevin/Desktop/rovo_ur_ws/install/rovo_ur_description/share/rovo_ur_description/hook/cmake_prefix_path.ps1'
[1.963s] INFO:colcon.colcon_core.shell:Creating environment descriptor '/home/kevin/Desktop/rovo_ur_ws/install/rovo_ur_description/share/rovo_ur_description/hook/cmake_prefix_path.dsv'
[1.963s] INFO:colcon.colcon_core.shell:Creating environment hook '/home/kevin/Desktop/rovo_ur_ws/install/rovo_ur_description/share/rovo_ur_description/hook/cmake_prefix_path.sh'
[1.964s] Level 1:colcon.colcon_core.environment:checking '/home/kevin/Desktop/rovo_ur_ws/install/rovo_ur_description/bin'
[1.964s] Level 1:colcon.colcon_core.environment:checking '/home/kevin/Desktop/rovo_ur_ws/install/rovo_ur_description/lib/pkgconfig/rovo_ur_description.pc'
[1.965s] Level 1:colcon.colcon_core.environment:checking '/home/kevin/Desktop/rovo_ur_ws/install/rovo_ur_description/lib/python3.12/site-packages'
[1.965s] Level 1:colcon.colcon_core.environment:checking '/home/kevin/Desktop/rovo_ur_ws/install/rovo_ur_description/bin'
[1.965s] INFO:colcon.colcon_core.shell:Creating package script '/home/kevin/Desktop/rovo_ur_ws/install/rovo_ur_description/share/rovo_ur_description/package.ps1'
[1.966s] INFO:colcon.colcon_core.shell:Creating package descriptor '/home/kevin/Desktop/rovo_ur_ws/install/rovo_ur_description/share/rovo_ur_description/package.dsv'
[1.966s] INFO:colcon.colcon_core.shell:Creating package script '/home/kevin/Desktop/rovo_ur_ws/install/rovo_ur_description/share/rovo_ur_description/package.sh'
[1.967s] INFO:colcon.colcon_core.shell:Creating package script '/home/kevin/Desktop/rovo_ur_ws/install/rovo_ur_description/share/rovo_ur_description/package.bash'
[1.967s] INFO:colcon.colcon_core.shell:Creating package script '/home/kevin/Desktop/rovo_ur_ws/install/rovo_ur_description/share/rovo_ur_description/package.zsh'
[1.968s] Level 1:colcon.colcon_core.environment:create_file_with_runtime_dependencies(/home/kevin/Desktop/rovo_ur_ws/install/rovo_ur_description/share/colcon-core/packages/rovo_ur_description)
[1.969s] Level 1:colcon.colcon_core.environment:create_environment_scripts_only(rovo_ur_description)
[1.969s] Level 1:colcon.colcon_core.environment:checking '/home/kevin/Desktop/rovo_ur_ws/install/rovo_ur_description' for CMake module files
[1.969s] Level 1:colcon.colcon_core.environment:checking '/home/kevin/Desktop/rovo_ur_ws/install/rovo_ur_description' for CMake config files
[1.970s] Level 1:colcon.colcon_core.shell:create_environment_hook('rovo_ur_description', 'cmake_prefix_path')
[1.970s] INFO:colcon.colcon_core.shell:Creating environment hook '/home/kevin/Desktop/rovo_ur_ws/install/rovo_ur_description/share/rovo_ur_description/hook/cmake_prefix_path.ps1'
[1.971s] INFO:colcon.colcon_core.shell:Creating environment descriptor '/home/kevin/Desktop/rovo_ur_ws/install/rovo_ur_description/share/rovo_ur_description/hook/cmake_prefix_path.dsv'
[1.971s] INFO:colcon.colcon_core.shell:Creating environment hook '/home/kevin/Desktop/rovo_ur_ws/install/rovo_ur_description/share/rovo_ur_description/hook/cmake_prefix_path.sh'
[1.972s] Level 1:colcon.colcon_core.environment:checking '/home/kevin/Desktop/rovo_ur_ws/install/rovo_ur_description/bin'
[1.972s] Level 1:colcon.colcon_core.environment:checking '/home/kevin/Desktop/rovo_ur_ws/install/rovo_ur_description/lib/pkgconfig/rovo_ur_description.pc'
[1.972s] Level 1:colcon.colcon_core.environment:checking '/home/kevin/Desktop/rovo_ur_ws/install/rovo_ur_description/lib/python3.12/site-packages'
[1.973s] Level 1:colcon.colcon_core.environment:checking '/home/kevin/Desktop/rovo_ur_ws/install/rovo_ur_description/bin'
[1.973s] INFO:colcon.colcon_core.shell:Creating package script '/home/kevin/Desktop/rovo_ur_ws/install/rovo_ur_description/share/rovo_ur_description/package.ps1'
[1.974s] INFO:colcon.colcon_core.shell:Creating package descriptor '/home/kevin/Desktop/rovo_ur_ws/install/rovo_ur_description/share/rovo_ur_description/package.dsv'
[1.974s] INFO:colcon.colcon_core.shell:Creating package script '/home/kevin/Desktop/rovo_ur_ws/install/rovo_ur_description/share/rovo_ur_description/package.sh'
[1.975s] INFO:colcon.colcon_core.shell:Creating package script '/home/kevin/Desktop/rovo_ur_ws/install/rovo_ur_description/share/rovo_ur_description/package.bash'
[1.975s] INFO:colcon.colcon_core.shell:Creating package script '/home/kevin/Desktop/rovo_ur_ws/install/rovo_ur_description/share/rovo_ur_description/package.zsh'
[1.976s] Level 1:colcon.colcon_core.environment:create_file_with_runtime_dependencies(/home/kevin/Desktop/rovo_ur_ws/install/rovo_ur_description/share/colcon-core/packages/rovo_ur_description)
[2.766s] DEBUG:colcon.colcon_core.event_handler.log_command:Invoked command in '/home/kevin/Desktop/rovo_ur_ws/build/rovo_can_driver' returned '0': CMAKE_PREFIX_PATH=${CMAKE_PREFIX_PATH}:/opt/ros/jazzy DEBUGINFOD_URLS=https://debuginfod.ubuntu.com /usr/bin/cmake /home/kevin/Desktop/rovo_ur_ws/src/rovo_can_driver -DCMAKE_INSTALL_PREFIX=/home/kevin/Desktop/rovo_ur_ws/install/rovo_can_driver
[2.769s] DEBUG:colcon.colcon_core.event_handler.log_command:Invoking command in '/home/kevin/Desktop/rovo_ur_ws/build/rovo_can_driver': CMAKE_PREFIX_PATH=${CMAKE_PREFIX_PATH}:/opt/ros/jazzy DEBUGINFOD_URLS=https://debuginfod.ubuntu.com /usr/bin/cmake --build /home/kevin/Desktop/rovo_ur_ws/build/rovo_can_driver -- -j44 -l44
[2.915s] DEBUG:colcon.colcon_core.event_handler.log_command:Invoked command in '/home/kevin/Desktop/rovo_ur_ws/build/rovo_can_driver' returned '0': CMAKE_PREFIX_PATH=${CMAKE_PREFIX_PATH}:/opt/ros/jazzy DEBUGINFOD_URLS=https://debuginfod.ubuntu.com /usr/bin/cmake --build /home/kevin/Desktop/rovo_ur_ws/build/rovo_can_driver -- -j44 -l44
[2.918s] DEBUG:colcon.colcon_core.event_handler.log_command:Invoking command in '/home/kevin/Desktop/rovo_ur_ws/build/rovo_can_driver': CMAKE_PREFIX_PATH=${CMAKE_PREFIX_PATH}:/opt/ros/jazzy DEBUGINFOD_URLS=https://debuginfod.ubuntu.com /usr/bin/cmake --install /home/kevin/Desktop/rovo_ur_ws/build/rovo_can_driver
[2.957s] Level 1:colcon.colcon_core.environment:create_environment_scripts_only(rovo_can_driver)
[2.957s] Level 1:colcon.colcon_core.environment:checking '/home/kevin/Desktop/rovo_ur_ws/install/rovo_can_driver' for CMake module files
[2.958s] DEBUG:colcon.colcon_core.event_handler.log_command:Invoked command in '/home/kevin/Desktop/rovo_ur_ws/build/rovo_can_driver' returned '0': CMAKE_PREFIX_PATH=${CMAKE_PREFIX_PATH}:/opt/ros/jazzy DEBUGINFOD_URLS=https://debuginfod.ubuntu.com /usr/bin/cmake --install /home/kevin/Desktop/rovo_ur_ws/build/rovo_can_driver
[2.960s] Level 1:colcon.colcon_core.environment:checking '/home/kevin/Desktop/rovo_ur_ws/install/rovo_can_driver' for CMake config files
[2.961s] Level 1:colcon.colcon_core.shell:create_environment_hook('rovo_can_driver', 'cmake_prefix_path')
[2.961s] INFO:colcon.colcon_core.shell:Creating environment hook '/home/kevin/Desktop/rovo_ur_ws/install/rovo_can_driver/share/rovo_can_driver/hook/cmake_prefix_path.ps1'
[2.963s] INFO:colcon.colcon_core.shell:Creating environment descriptor '/home/kevin/Desktop/rovo_ur_ws/install/rovo_can_driver/share/rovo_can_driver/hook/cmake_prefix_path.dsv'
[2.964s] INFO:colcon.colcon_core.shell:Creating environment hook '/home/kevin/Desktop/rovo_ur_ws/install/rovo_can_driver/share/rovo_can_driver/hook/cmake_prefix_path.sh'
[2.965s] Level 1:colcon.colcon_core.environment:checking '/home/kevin/Desktop/rovo_ur_ws/install/rovo_can_driver/lib'
[2.966s] Level 1:colcon.colcon_core.shell:create_environment_hook('rovo_can_driver', 'ld_library_path_lib')
[2.966s] INFO:colcon.colcon_core.shell:Creating environment hook '/home/kevin/Desktop/rovo_ur_ws/install/rovo_can_driver/share/rovo_can_driver/hook/ld_library_path_lib.ps1'
[2.967s] INFO:colcon.colcon_core.shell:Creating environment descriptor '/home/kevin/Desktop/rovo_ur_ws/install/rovo_can_driver/share/rovo_can_driver/hook/ld_library_path_lib.dsv'
[2.968s] INFO:colcon.colcon_core.shell:Creating environment hook '/home/kevin/Desktop/rovo_ur_ws/install/rovo_can_driver/share/rovo_can_driver/hook/ld_library_path_lib.sh'
[2.969s] Level 1:colcon.colcon_core.environment:checking '/home/kevin/Desktop/rovo_ur_ws/install/rovo_can_driver/bin'
[2.969s] Level 1:colcon.colcon_core.environment:checking '/home/kevin/Desktop/rovo_ur_ws/install/rovo_can_driver/lib/pkgconfig/rovo_can_driver.pc'
[2.970s] Level 1:colcon.colcon_core.environment:checking '/home/kevin/Desktop/rovo_ur_ws/install/rovo_can_driver/lib/python3.12/site-packages'
[2.971s] Level 1:colcon.colcon_core.environment:checking '/home/kevin/Desktop/rovo_ur_ws/install/rovo_can_driver/bin'
[2.972s] INFO:colcon.colcon_core.shell:Creating package script '/home/kevin/Desktop/rovo_ur_ws/install/rovo_can_driver/share/rovo_can_driver/package.ps1'
[2.973s] INFO:colcon.colcon_core.shell:Creating package descriptor '/home/kevin/Desktop/rovo_ur_ws/install/rovo_can_driver/share/rovo_can_driver/package.dsv'
[2.974s] INFO:colcon.colcon_core.shell:Creating package script '/home/kevin/Desktop/rovo_ur_ws/install/rovo_can_driver/share/rovo_can_driver/package.sh'
[2.975s] INFO:colcon.colcon_core.shell:Creating package script '/home/kevin/Desktop/rovo_ur_ws/install/rovo_can_driver/share/rovo_can_driver/package.bash'
[2.976s] INFO:colcon.colcon_core.shell:Creating package script '/home/kevin/Desktop/rovo_ur_ws/install/rovo_can_driver/share/rovo_can_driver/package.zsh'
[2.977s] Level 1:colcon.colcon_core.environment:create_file_with_runtime_dependencies(/home/kevin/Desktop/rovo_ur_ws/install/rovo_can_driver/share/colcon-core/packages/rovo_can_driver)
[2.979s] Level 1:colcon.colcon_core.environment:create_environment_scripts_only(rovo_can_driver)
[2.979s] Level 1:colcon.colcon_core.environment:checking '/home/kevin/Desktop/rovo_ur_ws/install/rovo_can_driver' for CMake module files
[2.981s] Level 1:colcon.colcon_core.environment:checking '/home/kevin/Desktop/rovo_ur_ws/install/rovo_can_driver' for CMake config files
[2.982s] Level 1:colcon.colcon_core.shell:create_environment_hook('rovo_can_driver', 'cmake_prefix_path')
[2.982s] INFO:colcon.colcon_core.shell:Creating environment hook '/home/kevin/Desktop/rovo_ur_ws/install/rovo_can_driver/share/rovo_can_driver/hook/cmake_prefix_path.ps1'
[2.983s] INFO:colcon.colcon_core.shell:Creating environment descriptor '/home/kevin/Desktop/rovo_ur_ws/install/rovo_can_driver/share/rovo_can_driver/hook/cmake_prefix_path.dsv'
[2.984s] INFO:colcon.colcon_core.shell:Creating environment hook '/home/kevin/Desktop/rovo_ur_ws/install/rovo_can_driver/share/rovo_can_driver/hook/cmake_prefix_path.sh'
[2.986s] Level 1:colcon.colcon_core.environment:checking '/home/kevin/Desktop/rovo_ur_ws/install/rovo_can_driver/lib'
[2.986s] Level 1:colcon.colcon_core.shell:create_environment_hook('rovo_can_driver', 'ld_library_path_lib')
[2.986s] INFO:colcon.colcon_core.shell:Creating environment hook '/home/kevin/Desktop/rovo_ur_ws/install/rovo_can_driver/share/rovo_can_driver/hook/ld_library_path_lib.ps1'
[2.987s] INFO:colcon.colcon_core.shell:Creating environment descriptor '/home/kevin/Desktop/rovo_ur_ws/install/rovo_can_driver/share/rovo_can_driver/hook/ld_library_path_lib.dsv'
[2.988s] INFO:colcon.colcon_core.shell:Creating environment hook '/home/kevin/Desktop/rovo_ur_ws/install/rovo_can_driver/share/rovo_can_driver/hook/ld_library_path_lib.sh'
[2.990s] Level 1:colcon.colcon_core.environment:checking '/home/kevin/Desktop/rovo_ur_ws/install/rovo_can_driver/bin'
[2.990s] Level 1:colcon.colcon_core.environment:checking '/home/kevin/Desktop/rovo_ur_ws/install/rovo_can_driver/lib/pkgconfig/rovo_can_driver.pc'
[2.990s] Level 1:colcon.colcon_core.environment:checking '/home/kevin/Desktop/rovo_ur_ws/install/rovo_can_driver/lib/python3.12/site-packages'
[2.991s] Level 1:colcon.colcon_core.environment:checking '/home/kevin/Desktop/rovo_ur_ws/install/rovo_can_driver/bin'
[2.992s] INFO:colcon.colcon_core.shell:Creating package script '/home/kevin/Desktop/rovo_ur_ws/install/rovo_can_driver/share/rovo_can_driver/package.ps1'
[2.994s] INFO:colcon.colcon_core.shell:Creating package descriptor '/home/kevin/Desktop/rovo_ur_ws/install/rovo_can_driver/share/rovo_can_driver/package.dsv'
[2.995s] INFO:colcon.colcon_core.shell:Creating package script '/home/kevin/Desktop/rovo_ur_ws/install/rovo_can_driver/share/rovo_can_driver/package.sh'
[2.996s] INFO:colcon.colcon_core.shell:Creating package script '/home/kevin/Desktop/rovo_ur_ws/install/rovo_can_driver/share/rovo_can_driver/package.bash'
[2.997s] INFO:colcon.colcon_core.shell:Creating package script '/home/kevin/Desktop/rovo_ur_ws/install/rovo_can_driver/share/rovo_can_driver/package.zsh'
[2.998s] Level 1:colcon.colcon_core.environment:create_file_with_runtime_dependencies(/home/kevin/Desktop/rovo_ur_ws/install/rovo_can_driver/share/colcon-core/packages/rovo_can_driver)
[2.999s] DEBUG:colcon.colcon_parallel_executor.executor.parallel:closing loop
[3.000s] DEBUG:colcon.colcon_parallel_executor.executor.parallel:loop closed
[3.000s] DEBUG:colcon.colcon_parallel_executor.executor.parallel:run_until_complete finished with '0'
[3.000s] DEBUG:colcon.colcon_core.event_reactor:joining thread
[3.025s] INFO:colcon.colcon_core.plugin_system:Skipping extension 'colcon_notification.desktop_notification.terminal_notifier': Not used on non-Darwin systems
[3.025s] INFO:colcon.colcon_core.plugin_system:Skipping extension 'colcon_notification.desktop_notification.win32': Not used on non-Windows systems
[3.025s] INFO:colcon.colcon_notification.desktop_notification:Sending desktop notification using 'notify2'
[3.062s] DEBUG:colcon.colcon_core.event_reactor:joined thread
[3.063s] INFO:colcon.colcon_core.shell:Creating prefix script '/home/kevin/Desktop/rovo_ur_ws/install/local_setup.ps1'
[3.065s] INFO:colcon.colcon_core.shell:Creating prefix util module '/home/kevin/Desktop/rovo_ur_ws/install/_local_setup_util_ps1.py'
[3.069s] INFO:colcon.colcon_core.shell:Creating prefix chain script '/home/kevin/Desktop/rovo_ur_ws/install/setup.ps1'
[3.072s] INFO:colcon.colcon_core.shell:Creating prefix script '/home/kevin/Desktop/rovo_ur_ws/install/local_setup.sh'
[3.073s] INFO:colcon.colcon_core.shell:Creating prefix util module '/home/kevin/Desktop/rovo_ur_ws/install/_local_setup_util_sh.py'
[3.075s] INFO:colcon.colcon_core.shell:Creating prefix chain script '/home/kevin/Desktop/rovo_ur_ws/install/setup.sh'
[3.078s] INFO:colcon.colcon_core.shell:Creating prefix script '/home/kevin/Desktop/rovo_ur_ws/install/local_setup.bash'
[3.080s] INFO:colcon.colcon_core.shell:Creating prefix chain script '/home/kevin/Desktop/rovo_ur_ws/install/setup.bash'
[3.083s] INFO:colcon.colcon_core.shell:Creating prefix script '/home/kevin/Desktop/rovo_ur_ws/install/local_setup.zsh'
[3.084s] INFO:colcon.colcon_core.shell:Creating prefix chain script '/home/kevin/Desktop/rovo_ur_ws/install/setup.zsh'
