[0.019s] Invoking command in '/home/kevin/Desktop/rovo_ur_ws/build/rovo_ur_description': CMAKE_PREFIX_PATH=${CMAKE_PREFIX_PATH}:/home/kevin/Desktop/rovo_ur_ws/install/rovo_can_bridge:/opt/ros/jazzy DEBUGINFOD_URLS=https://debuginfod.ubuntu.com /usr/bin/cmake /home/kevin/Desktop/rovo_ur_ws/src/rovo_ur_description -DCMAKE_INSTALL_PREFIX=/home/kevin/Desktop/rovo_ur_ws/install/rovo_ur_description
[0.039s] -- Found ament_cmake: 2.5.4 (/opt/ros/jazzy/share/ament_cmake/cmake)
[1.055s] -- Override CMake install command with custom implementation using symlinks instead of copying resources
[1.312s] -- Configuring done (1.3s)
[1.321s] -- Generating done (0.0s)
[1.326s] -- Build files have been written to: /home/kevin/Desktop/rovo_ur_ws/build/rovo_ur_description
[1.332s] Invoked command in '/home/kevin/Desktop/rovo_ur_ws/build/rovo_ur_description' returned '0': CMAKE_PREFIX_PATH=${CMAKE_PREFIX_PATH}:/home/kevin/Desktop/rovo_ur_ws/install/rovo_can_bridge:/opt/ros/jazzy DEBUGINFOD_URLS=https://debuginfod.ubuntu.com /usr/bin/cmake /home/kevin/Desktop/rovo_ur_ws/src/rovo_ur_description -DCMAKE_INSTALL_PREFIX=/home/kevin/Desktop/rovo_ur_ws/install/rovo_ur_description
[1.334s] Invoking command in '/home/kevin/Desktop/rovo_ur_ws/build/rovo_ur_description': CMAKE_PREFIX_PATH=${CMAKE_PREFIX_PATH}:/home/kevin/Desktop/rovo_ur_ws/install/rovo_can_bridge:/opt/ros/jazzy DEBUGINFOD_URLS=https://debuginfod.ubuntu.com /usr/bin/cmake --build /home/kevin/Desktop/rovo_ur_ws/build/rovo_ur_description -- -j44 -l44
[1.397s] Invoked command in '/home/kevin/Desktop/rovo_ur_ws/build/rovo_ur_description' returned '0': CMAKE_PREFIX_PATH=${CMAKE_PREFIX_PATH}:/home/kevin/Desktop/rovo_ur_ws/install/rovo_can_bridge:/opt/ros/jazzy DEBUGINFOD_URLS=https://debuginfod.ubuntu.com /usr/bin/cmake --build /home/kevin/Desktop/rovo_ur_ws/build/rovo_ur_description -- -j44 -l44
[1.413s] Invoking command in '/home/kevin/Desktop/rovo_ur_ws/build/rovo_ur_description': CMAKE_PREFIX_PATH=${CMAKE_PREFIX_PATH}:/home/kevin/Desktop/rovo_ur_ws/install/rovo_can_bridge:/opt/ros/jazzy DEBUGINFOD_URLS=https://debuginfod.ubuntu.com /usr/bin/cmake --install /home/kevin/Desktop/rovo_ur_ws/build/rovo_ur_description
[1.423s] -- Install configuration: ""
[1.423s] -- Execute custom install script
[1.424s] -- Up-to-date symlink: /home/kevin/Desktop/rovo_ur_ws/install/rovo_ur_description/share/rovo_ur_description/urdf/kiros.xacro
[1.424s] -- Up-to-date symlink: /home/kevin/Desktop/rovo_ur_ws/install/rovo_ur_description/share/rovo_ur_description/urdf/rovo_ur.xacro
[1.424s] -- Up-to-date symlink: /home/kevin/Desktop/rovo_ur_ws/install/rovo_ur_description/share/rovo_ur_description/meshes/rovo.dae
[1.425s] -- Up-to-date symlink: /home/kevin/Desktop/rovo_ur_ws/install/rovo_ur_description/share/rovo_ur_description/rviz/rovo_ur.rviz
[1.425s] -- Up-to-date symlink: /home/kevin/Desktop/rovo_ur_ws/install/rovo_ur_description/share/rovo_ur_description/config/controllers.yaml
[1.426s] -- Up-to-date symlink: /home/kevin/Desktop/rovo_ur_ws/install/rovo_ur_description/share/ament_index/resource_index/package_run_dependencies/rovo_ur_description
[1.426s] -- Up-to-date symlink: /home/kevin/Desktop/rovo_ur_ws/install/rovo_ur_description/share/ament_index/resource_index/parent_prefix_path/rovo_ur_description
[1.427s] -- Up-to-date symlink: /home/kevin/Desktop/rovo_ur_ws/install/rovo_ur_description/share/rovo_ur_description/environment/ament_prefix_path.sh
[1.428s] -- Up-to-date symlink: /home/kevin/Desktop/rovo_ur_ws/install/rovo_ur_description/share/rovo_ur_description/environment/ament_prefix_path.dsv
[1.428s] -- Up-to-date symlink: /home/kevin/Desktop/rovo_ur_ws/install/rovo_ur_description/share/rovo_ur_description/environment/path.sh
[1.429s] -- Up-to-date symlink: /home/kevin/Desktop/rovo_ur_ws/install/rovo_ur_description/share/rovo_ur_description/environment/path.dsv
[1.430s] -- Up-to-date symlink: /home/kevin/Desktop/rovo_ur_ws/install/rovo_ur_description/share/rovo_ur_description/local_setup.bash
[1.430s] -- Up-to-date symlink: /home/kevin/Desktop/rovo_ur_ws/install/rovo_ur_description/share/rovo_ur_description/local_setup.sh
[1.431s] -- Up-to-date symlink: /home/kevin/Desktop/rovo_ur_ws/install/rovo_ur_description/share/rovo_ur_description/local_setup.zsh
[1.431s] -- Up-to-date symlink: /home/kevin/Desktop/rovo_ur_ws/install/rovo_ur_description/share/rovo_ur_description/local_setup.dsv
[1.431s] -- Symlinking: /home/kevin/Desktop/rovo_ur_ws/install/rovo_ur_description/share/rovo_ur_description/package.dsv
[1.441s] -- Up-to-date symlink: /home/kevin/Desktop/rovo_ur_ws/install/rovo_ur_description/share/ament_index/resource_index/packages/rovo_ur_description
[1.442s] -- Up-to-date symlink: /home/kevin/Desktop/rovo_ur_ws/install/rovo_ur_description/share/rovo_ur_description/cmake/rovo_ur_descriptionConfig.cmake
[1.442s] -- Up-to-date symlink: /home/kevin/Desktop/rovo_ur_ws/install/rovo_ur_description/share/rovo_ur_description/cmake/rovo_ur_descriptionConfig-version.cmake
[1.443s] -- Up-to-date symlink: /home/kevin/Desktop/rovo_ur_ws/install/rovo_ur_description/share/rovo_ur_description/package.xml
[1.448s] Invoked command in '/home/kevin/Desktop/rovo_ur_ws/build/rovo_ur_description' returned '0': CMAKE_PREFIX_PATH=${CMAKE_PREFIX_PATH}:/home/kevin/Desktop/rovo_ur_ws/install/rovo_can_bridge:/opt/ros/jazzy DEBUGINFOD_URLS=https://debuginfod.ubuntu.com /usr/bin/cmake --install /home/kevin/Desktop/rovo_ur_ws/build/rovo_ur_description
