[0.135s] DEBUG:colcon:Command line arguments: ['/usr/bin/colcon', 'build', '--symlink-install']
[0.135s] DEBUG:colcon:Parsed command line arguments: Namespace(log_base=None, log_level=None, verb_name='build', build_base='build', install_base='install', merge_install=False, symlink_install=True, test_result_base=None, continue_on_error=False, executor='parallel', parallel_workers=44, event_handlers=None, ignore_user_meta=False, metas=['./colcon.meta'], base_paths=['.'], packages_ignore=None, packages_ignore_regex=None, paths=None, packages_up_to=None, packages_up_to_regex=None, packages_above=None, packages_above_and_dependencies=None, packages_above_depth=None, packages_select_by_dep=None, packages_skip_by_dep=None, packages_skip_up_to=None, packages_select_build_failed=False, packages_skip_build_finished=False, packages_select_test_failures=False, packages_skip_test_passed=False, packages_select=None, packages_skip=None, packages_select_regex=None, packages_skip_regex=None, packages_start=None, packages_end=None, allow_overriding=[], cmake_args=None, cmake_target=None, cmake_target_skip_unavailable=False, cmake_clean_cache=False, cmake_clean_first=False, cmake_force_configure=False, ament_cmake_args=None, catkin_cmake_args=None, catkin_skip_building_tests=False, mixin_files=None, mixin=None, verb_parser=<colcon_mixin.mixin.mixin_argument.MixinArgumentDecorator object at 0x7cc4ad499f40>, verb_extension=<colcon_core.verb.build.BuildVerb object at 0x7cc4ad53a6c0>, main=<bound method BuildVerb.main of <colcon_core.verb.build.BuildVerb object at 0x7cc4ad53a6c0>>, mixin_verb=('build',))
[0.182s] Level 1:colcon.colcon_core.package_discovery:discover_packages(colcon_meta) check parameters
[0.182s] Level 1:colcon.colcon_core.package_discovery:discover_packages(recursive) check parameters
[0.182s] Level 1:colcon.colcon_core.package_discovery:discover_packages(ignore) check parameters
[0.182s] Level 1:colcon.colcon_core.package_discovery:discover_packages(path) check parameters
[0.182s] Level 1:colcon.colcon_core.package_discovery:discover_packages(colcon_meta) discover
[0.182s] Level 1:colcon.colcon_core.package_discovery:discover_packages(recursive) discover
[0.182s] INFO:colcon.colcon_core.package_discovery:Crawling recursively for packages in '/home/kevin/Desktop/rovo_ur_ws'
[0.182s] Level 1:colcon.colcon_core.package_identification:_identify(.) by extensions ['ignore', 'ignore_ament_install']
[0.183s] Level 1:colcon.colcon_core.package_identification:_identify(.) by extension 'ignore'
[0.183s] Level 1:colcon.colcon_core.package_identification:_identify(.) by extension 'ignore_ament_install'
[0.183s] Level 1:colcon.colcon_core.package_identification:_identify(.) by extensions ['colcon_pkg']
[0.183s] Level 1:colcon.colcon_core.package_identification:_identify(.) by extension 'colcon_pkg'
[0.183s] Level 1:colcon.colcon_core.package_identification:_identify(.) by extensions ['colcon_meta']
[0.183s] Level 1:colcon.colcon_core.package_identification:_identify(.) by extension 'colcon_meta'
[0.183s] Level 1:colcon.colcon_core.package_identification:_identify(.) by extensions ['ros']
[0.183s] Level 1:colcon.colcon_core.package_identification:_identify(.) by extension 'ros'
[0.215s] Level 1:colcon.colcon_core.package_identification:_identify(.) by extensions ['cmake', 'python']
[0.215s] Level 1:colcon.colcon_core.package_identification:_identify(.) by extension 'cmake'
[0.215s] Level 1:colcon.colcon_core.package_identification:_identify(.) by extension 'python'
[0.215s] Level 1:colcon.colcon_core.package_identification:_identify(.) by extensions ['python_setup_py']
[0.215s] Level 1:colcon.colcon_core.package_identification:_identify(.) by extension 'python_setup_py'
[0.215s] Level 1:colcon.colcon_core.package_identification:_identify(build) by extensions ['ignore', 'ignore_ament_install']
[0.215s] Level 1:colcon.colcon_core.package_identification:_identify(build) by extension 'ignore'
[0.215s] Level 1:colcon.colcon_core.package_identification:_identify(build) ignored
[0.216s] Level 1:colcon.colcon_core.package_identification:_identify(install) by extensions ['ignore', 'ignore_ament_install']
[0.216s] Level 1:colcon.colcon_core.package_identification:_identify(install) by extension 'ignore'
[0.216s] Level 1:colcon.colcon_core.package_identification:_identify(install) ignored
[0.216s] Level 1:colcon.colcon_core.package_identification:_identify(log) by extensions ['ignore', 'ignore_ament_install']
[0.216s] Level 1:colcon.colcon_core.package_identification:_identify(log) by extension 'ignore'
[0.216s] Level 1:colcon.colcon_core.package_identification:_identify(log) ignored
[0.216s] Level 1:colcon.colcon_core.package_identification:_identify(src) by extensions ['ignore', 'ignore_ament_install']
[0.216s] Level 1:colcon.colcon_core.package_identification:_identify(src) by extension 'ignore'
[0.216s] Level 1:colcon.colcon_core.package_identification:_identify(src) by extension 'ignore_ament_install'
[0.217s] Level 1:colcon.colcon_core.package_identification:_identify(src) by extensions ['colcon_pkg']
[0.217s] Level 1:colcon.colcon_core.package_identification:_identify(src) by extension 'colcon_pkg'
[0.217s] Level 1:colcon.colcon_core.package_identification:_identify(src) by extensions ['colcon_meta']
[0.217s] Level 1:colcon.colcon_core.package_identification:_identify(src) by extension 'colcon_meta'
[0.217s] Level 1:colcon.colcon_core.package_identification:_identify(src) by extensions ['ros']
[0.217s] Level 1:colcon.colcon_core.package_identification:_identify(src) by extension 'ros'
[0.217s] Level 1:colcon.colcon_core.package_identification:_identify(src) by extensions ['cmake', 'python']
[0.217s] Level 1:colcon.colcon_core.package_identification:_identify(src) by extension 'cmake'
[0.217s] Level 1:colcon.colcon_core.package_identification:_identify(src) by extension 'python'
[0.217s] Level 1:colcon.colcon_core.package_identification:_identify(src) by extensions ['python_setup_py']
[0.217s] Level 1:colcon.colcon_core.package_identification:_identify(src) by extension 'python_setup_py'
[0.217s] Level 1:colcon.colcon_core.package_identification:_identify(src/rovo_bringup) by extensions ['ignore', 'ignore_ament_install']
[0.217s] Level 1:colcon.colcon_core.package_identification:_identify(src/rovo_bringup) by extension 'ignore'
[0.218s] Level 1:colcon.colcon_core.package_identification:_identify(src/rovo_bringup) by extension 'ignore_ament_install'
[0.218s] Level 1:colcon.colcon_core.package_identification:_identify(src/rovo_bringup) by extensions ['colcon_pkg']
[0.218s] Level 1:colcon.colcon_core.package_identification:_identify(src/rovo_bringup) by extension 'colcon_pkg'
[0.218s] Level 1:colcon.colcon_core.package_identification:_identify(src/rovo_bringup) by extensions ['colcon_meta']
[0.218s] Level 1:colcon.colcon_core.package_identification:_identify(src/rovo_bringup) by extension 'colcon_meta'
[0.218s] Level 1:colcon.colcon_core.package_identification:_identify(src/rovo_bringup) by extensions ['ros']
[0.218s] Level 1:colcon.colcon_core.package_identification:_identify(src/rovo_bringup) by extension 'ros'
[0.220s] DEBUG:colcon.colcon_core.package_identification:Package 'src/rovo_bringup' with type 'ros.ament_cmake' and name 'rovo_bringup'
[0.221s] Level 1:colcon.colcon_core.package_identification:_identify(src/rovo_can_bridge) by extensions ['ignore', 'ignore_ament_install']
[0.221s] Level 1:colcon.colcon_core.package_identification:_identify(src/rovo_can_bridge) by extension 'ignore'
[0.221s] Level 1:colcon.colcon_core.package_identification:_identify(src/rovo_can_bridge) by extension 'ignore_ament_install'
[0.221s] Level 1:colcon.colcon_core.package_identification:_identify(src/rovo_can_bridge) by extensions ['colcon_pkg']
[0.221s] Level 1:colcon.colcon_core.package_identification:_identify(src/rovo_can_bridge) by extension 'colcon_pkg'
[0.221s] Level 1:colcon.colcon_core.package_identification:_identify(src/rovo_can_bridge) by extensions ['colcon_meta']
[0.221s] Level 1:colcon.colcon_core.package_identification:_identify(src/rovo_can_bridge) by extension 'colcon_meta'
[0.221s] Level 1:colcon.colcon_core.package_identification:_identify(src/rovo_can_bridge) by extensions ['ros']
[0.221s] Level 1:colcon.colcon_core.package_identification:_identify(src/rovo_can_bridge) by extension 'ros'
[0.222s] DEBUG:colcon.colcon_core.package_identification:Package 'src/rovo_can_bridge' with type 'ros.ament_python' and name 'rovo_can_bridge'
[0.222s] Level 1:colcon.colcon_core.package_identification:_identify(src/rovo_ur_description) by extensions ['ignore', 'ignore_ament_install']
[0.222s] Level 1:colcon.colcon_core.package_identification:_identify(src/rovo_ur_description) by extension 'ignore'
[0.222s] Level 1:colcon.colcon_core.package_identification:_identify(src/rovo_ur_description) by extension 'ignore_ament_install'
[0.223s] Level 1:colcon.colcon_core.package_identification:_identify(src/rovo_ur_description) by extensions ['colcon_pkg']
[0.223s] Level 1:colcon.colcon_core.package_identification:_identify(src/rovo_ur_description) by extension 'colcon_pkg'
[0.223s] Level 1:colcon.colcon_core.package_identification:_identify(src/rovo_ur_description) by extensions ['colcon_meta']
[0.223s] Level 1:colcon.colcon_core.package_identification:_identify(src/rovo_ur_description) by extension 'colcon_meta'
[0.223s] Level 1:colcon.colcon_core.package_identification:_identify(src/rovo_ur_description) by extensions ['ros']
[0.223s] Level 1:colcon.colcon_core.package_identification:_identify(src/rovo_ur_description) by extension 'ros'
[0.223s] DEBUG:colcon.colcon_core.package_identification:Package 'src/rovo_ur_description' with type 'ros.ament_cmake' and name 'rovo_ur_description'
[0.223s] Level 1:colcon.colcon_core.package_discovery:discover_packages(recursive) using defaults
[0.223s] Level 1:colcon.colcon_core.package_discovery:discover_packages(ignore) discover
[0.224s] Level 1:colcon.colcon_core.package_discovery:discover_packages(ignore) using defaults
[0.224s] Level 1:colcon.colcon_core.package_discovery:discover_packages(path) discover
[0.224s] Level 1:colcon.colcon_core.package_discovery:discover_packages(path) using defaults
[0.244s] Level 1:colcon.colcon_core.package_discovery:discover_packages(prefix_path) check parameters
[0.244s] Level 1:colcon.colcon_core.package_discovery:discover_packages(prefix_path) discover
[0.246s] DEBUG:colcon.colcon_installed_package_information.package_discovery:Found 3 installed packages in /home/kevin/Desktop/rovo_ur_ws/install
[0.248s] DEBUG:colcon.colcon_installed_package_information.package_discovery:Found 369 installed packages in /opt/ros/jazzy
[0.250s] Level 1:colcon.colcon_core.package_discovery:discover_packages(prefix_path) using defaults
[0.316s] Level 5:colcon.colcon_core.verb:set package 'rovo_bringup' build argument 'cmake_args' from command line to 'None'
[0.316s] Level 5:colcon.colcon_core.verb:set package 'rovo_bringup' build argument 'cmake_target' from command line to 'None'
[0.316s] Level 5:colcon.colcon_core.verb:set package 'rovo_bringup' build argument 'cmake_target_skip_unavailable' from command line to 'False'
[0.316s] Level 5:colcon.colcon_core.verb:set package 'rovo_bringup' build argument 'cmake_clean_cache' from command line to 'False'
[0.316s] Level 5:colcon.colcon_core.verb:set package 'rovo_bringup' build argument 'cmake_clean_first' from command line to 'False'
[0.316s] Level 5:colcon.colcon_core.verb:set package 'rovo_bringup' build argument 'cmake_force_configure' from command line to 'False'
[0.316s] Level 5:colcon.colcon_core.verb:set package 'rovo_bringup' build argument 'ament_cmake_args' from command line to 'None'
[0.316s] Level 5:colcon.colcon_core.verb:set package 'rovo_bringup' build argument 'catkin_cmake_args' from command line to 'None'
[0.316s] Level 5:colcon.colcon_core.verb:set package 'rovo_bringup' build argument 'catkin_skip_building_tests' from command line to 'False'
[0.317s] DEBUG:colcon.colcon_core.verb:Building package 'rovo_bringup' with the following arguments: {'ament_cmake_args': None, 'build_base': '/home/kevin/Desktop/rovo_ur_ws/build/rovo_bringup', 'catkin_cmake_args': None, 'catkin_skip_building_tests': False, 'cmake_args': None, 'cmake_clean_cache': False, 'cmake_clean_first': False, 'cmake_force_configure': False, 'cmake_target': None, 'cmake_target_skip_unavailable': False, 'install_base': '/home/kevin/Desktop/rovo_ur_ws/install/rovo_bringup', 'merge_install': False, 'path': '/home/kevin/Desktop/rovo_ur_ws/src/rovo_bringup', 'symlink_install': True, 'test_result_base': None}
[0.317s] Level 5:colcon.colcon_core.verb:set package 'rovo_can_bridge' build argument 'cmake_args' from command line to 'None'
[0.317s] Level 5:colcon.colcon_core.verb:set package 'rovo_can_bridge' build argument 'cmake_target' from command line to 'None'
[0.317s] Level 5:colcon.colcon_core.verb:set package 'rovo_can_bridge' build argument 'cmake_target_skip_unavailable' from command line to 'False'
[0.317s] Level 5:colcon.colcon_core.verb:set package 'rovo_can_bridge' build argument 'cmake_clean_cache' from command line to 'False'
[0.317s] Level 5:colcon.colcon_core.verb:set package 'rovo_can_bridge' build argument 'cmake_clean_first' from command line to 'False'
[0.317s] Level 5:colcon.colcon_core.verb:set package 'rovo_can_bridge' build argument 'cmake_force_configure' from command line to 'False'
[0.317s] Level 5:colcon.colcon_core.verb:set package 'rovo_can_bridge' build argument 'ament_cmake_args' from command line to 'None'
[0.317s] Level 5:colcon.colcon_core.verb:set package 'rovo_can_bridge' build argument 'catkin_cmake_args' from command line to 'None'
[0.317s] Level 5:colcon.colcon_core.verb:set package 'rovo_can_bridge' build argument 'catkin_skip_building_tests' from command line to 'False'
[0.317s] DEBUG:colcon.colcon_core.verb:Building package 'rovo_can_bridge' with the following arguments: {'ament_cmake_args': None, 'build_base': '/home/kevin/Desktop/rovo_ur_ws/build/rovo_can_bridge', 'catkin_cmake_args': None, 'catkin_skip_building_tests': False, 'cmake_args': None, 'cmake_clean_cache': False, 'cmake_clean_first': False, 'cmake_force_configure': False, 'cmake_target': None, 'cmake_target_skip_unavailable': False, 'install_base': '/home/kevin/Desktop/rovo_ur_ws/install/rovo_can_bridge', 'merge_install': False, 'path': '/home/kevin/Desktop/rovo_ur_ws/src/rovo_can_bridge', 'symlink_install': True, 'test_result_base': None}
[0.318s] Level 5:colcon.colcon_core.verb:set package 'rovo_ur_description' build argument 'cmake_args' from command line to 'None'
[0.318s] Level 5:colcon.colcon_core.verb:set package 'rovo_ur_description' build argument 'cmake_target' from command line to 'None'
[0.318s] Level 5:colcon.colcon_core.verb:set package 'rovo_ur_description' build argument 'cmake_target_skip_unavailable' from command line to 'False'
[0.318s] Level 5:colcon.colcon_core.verb:set package 'rovo_ur_description' build argument 'cmake_clean_cache' from command line to 'False'
[0.318s] Level 5:colcon.colcon_core.verb:set package 'rovo_ur_description' build argument 'cmake_clean_first' from command line to 'False'
[0.318s] Level 5:colcon.colcon_core.verb:set package 'rovo_ur_description' build argument 'cmake_force_configure' from command line to 'False'
[0.318s] Level 5:colcon.colcon_core.verb:set package 'rovo_ur_description' build argument 'ament_cmake_args' from command line to 'None'
[0.318s] Level 5:colcon.colcon_core.verb:set package 'rovo_ur_description' build argument 'catkin_cmake_args' from command line to 'None'
[0.318s] Level 5:colcon.colcon_core.verb:set package 'rovo_ur_description' build argument 'catkin_skip_building_tests' from command line to 'False'
[0.318s] DEBUG:colcon.colcon_core.verb:Building package 'rovo_ur_description' with the following arguments: {'ament_cmake_args': None, 'build_base': '/home/kevin/Desktop/rovo_ur_ws/build/rovo_ur_description', 'catkin_cmake_args': None, 'catkin_skip_building_tests': False, 'cmake_args': None, 'cmake_clean_cache': False, 'cmake_clean_first': False, 'cmake_force_configure': False, 'cmake_target': None, 'cmake_target_skip_unavailable': False, 'install_base': '/home/kevin/Desktop/rovo_ur_ws/install/rovo_ur_description', 'merge_install': False, 'path': '/home/kevin/Desktop/rovo_ur_ws/src/rovo_ur_description', 'symlink_install': True, 'test_result_base': None}
[0.318s] INFO:colcon.colcon_core.executor:Executing jobs using 'parallel' executor
[0.319s] DEBUG:colcon.colcon_parallel_executor.executor.parallel:run_until_complete
[0.320s] INFO:colcon.colcon_ros.task.ament_cmake.build:Building ROS package in '/home/kevin/Desktop/rovo_ur_ws/src/rovo_bringup' with build type 'ament_cmake'
[0.320s] INFO:colcon.colcon_cmake.task.cmake.build:Building CMake package in '/home/kevin/Desktop/rovo_ur_ws/src/rovo_bringup'
[0.323s] INFO:colcon.colcon_core.plugin_system:Skipping extension 'colcon_core.shell.bat': Not used on non-Windows systems
[0.323s] INFO:colcon.colcon_core.shell:Skip shell extension 'powershell' for command environment: Not usable outside of PowerShell
[0.323s] DEBUG:colcon.colcon_core.shell:Skip shell extension 'dsv' for command environment
[0.328s] INFO:colcon.colcon_ros.task.ament_python.build:Building ROS package in '/home/kevin/Desktop/rovo_ur_ws/src/rovo_can_bridge' with build type 'ament_python'
[0.328s] Level 1:colcon.colcon_core.shell:create_environment_hook('rovo_can_bridge', 'ament_prefix_path')
[0.329s] INFO:colcon.colcon_core.shell:Creating environment hook '/home/kevin/Desktop/rovo_ur_ws/install/rovo_can_bridge/share/rovo_can_bridge/hook/ament_prefix_path.ps1'
[0.329s] INFO:colcon.colcon_core.shell:Creating environment descriptor '/home/kevin/Desktop/rovo_ur_ws/install/rovo_can_bridge/share/rovo_can_bridge/hook/ament_prefix_path.dsv'
[0.330s] INFO:colcon.colcon_core.shell:Creating environment hook '/home/kevin/Desktop/rovo_ur_ws/install/rovo_can_bridge/share/rovo_can_bridge/hook/ament_prefix_path.sh'
[0.331s] INFO:colcon.colcon_core.shell:Skip shell extension 'powershell' for command environment: Not usable outside of PowerShell
[0.331s] DEBUG:colcon.colcon_core.shell:Skip shell extension 'dsv' for command environment
[0.336s] INFO:colcon.colcon_ros.task.ament_cmake.build:Building ROS package in '/home/kevin/Desktop/rovo_ur_ws/src/rovo_ur_description' with build type 'ament_cmake'
[0.336s] INFO:colcon.colcon_cmake.task.cmake.build:Building CMake package in '/home/kevin/Desktop/rovo_ur_ws/src/rovo_ur_description'
[0.336s] INFO:colcon.colcon_core.shell:Skip shell extension 'powershell' for command environment: Not usable outside of PowerShell
[0.336s] DEBUG:colcon.colcon_core.shell:Skip shell extension 'dsv' for command environment
[0.347s] DEBUG:colcon.colcon_core.event_handler.log_command:Invoking command in '/home/kevin/Desktop/rovo_ur_ws/build/rovo_bringup': CMAKE_PREFIX_PATH=${CMAKE_PREFIX_PATH}:/home/kevin/Desktop/rovo_ur_ws/install/rovo_can_bridge:/opt/ros/jazzy DEBUGINFOD_URLS=https://debuginfod.ubuntu.com /usr/bin/cmake --build /home/kevin/Desktop/rovo_ur_ws/build/rovo_bringup -- -j44 -l44
[0.660s] INFO:colcon.colcon_core.task.python.build:Building Python package in '/home/kevin/Desktop/rovo_ur_ws/src/rovo_can_bridge'
[0.660s] INFO:colcon.colcon_core.shell:Skip shell extension 'powershell' for command environment: Not usable outside of PowerShell
[0.660s] DEBUG:colcon.colcon_core.shell:Skip shell extension 'dsv' for command environment
[0.672s] DEBUG:colcon.colcon_core.event_handler.log_command:Invoking command in '/home/kevin/Desktop/rovo_ur_ws/build/rovo_ur_description': CMAKE_PREFIX_PATH=${CMAKE_PREFIX_PATH}:/home/kevin/Desktop/rovo_ur_ws/install/rovo_can_bridge:/opt/ros/jazzy DEBUGINFOD_URLS=https://debuginfod.ubuntu.com /usr/bin/cmake --build /home/kevin/Desktop/rovo_ur_ws/build/rovo_ur_description -- -j44 -l44
[0.673s] DEBUG:colcon.colcon_core.event_handler.log_command:Invoked command in '/home/kevin/Desktop/rovo_ur_ws/build/rovo_bringup' returned '0': CMAKE_PREFIX_PATH=${CMAKE_PREFIX_PATH}:/home/kevin/Desktop/rovo_ur_ws/install/rovo_can_bridge:/opt/ros/jazzy DEBUGINFOD_URLS=https://debuginfod.ubuntu.com /usr/bin/cmake --build /home/kevin/Desktop/rovo_ur_ws/build/rovo_bringup -- -j44 -l44
[0.688s] DEBUG:colcon.colcon_core.event_handler.log_command:Invoking command in '/home/kevin/Desktop/rovo_ur_ws/build/rovo_bringup': CMAKE_PREFIX_PATH=${CMAKE_PREFIX_PATH}:/home/kevin/Desktop/rovo_ur_ws/install/rovo_can_bridge:/opt/ros/jazzy DEBUGINFOD_URLS=https://debuginfod.ubuntu.com /usr/bin/cmake --install /home/kevin/Desktop/rovo_ur_ws/build/rovo_bringup
[0.719s] Level 1:colcon.colcon_core.environment:create_environment_scripts_only(rovo_bringup)
[0.720s] DEBUG:colcon.colcon_core.event_handler.log_command:Invoked command in '/home/kevin/Desktop/rovo_ur_ws/build/rovo_bringup' returned '0': CMAKE_PREFIX_PATH=${CMAKE_PREFIX_PATH}:/home/kevin/Desktop/rovo_ur_ws/install/rovo_can_bridge:/opt/ros/jazzy DEBUGINFOD_URLS=https://debuginfod.ubuntu.com /usr/bin/cmake --install /home/kevin/Desktop/rovo_ur_ws/build/rovo_bringup
[0.725s] Level 1:colcon.colcon_core.environment:checking '/home/kevin/Desktop/rovo_ur_ws/install/rovo_bringup' for CMake module files
[0.726s] Level 1:colcon.colcon_core.environment:checking '/home/kevin/Desktop/rovo_ur_ws/install/rovo_bringup' for CMake config files
[0.727s] Level 1:colcon.colcon_core.shell:create_environment_hook('rovo_bringup', 'cmake_prefix_path')
[0.727s] INFO:colcon.colcon_core.shell:Creating environment hook '/home/kevin/Desktop/rovo_ur_ws/install/rovo_bringup/share/rovo_bringup/hook/cmake_prefix_path.ps1'
[0.728s] INFO:colcon.colcon_core.shell:Creating environment descriptor '/home/kevin/Desktop/rovo_ur_ws/install/rovo_bringup/share/rovo_bringup/hook/cmake_prefix_path.dsv'
[0.729s] INFO:colcon.colcon_core.shell:Creating environment hook '/home/kevin/Desktop/rovo_ur_ws/install/rovo_bringup/share/rovo_bringup/hook/cmake_prefix_path.sh'
[0.730s] Level 1:colcon.colcon_core.environment:checking '/home/kevin/Desktop/rovo_ur_ws/install/rovo_bringup/bin'
[0.730s] Level 1:colcon.colcon_core.environment:checking '/home/kevin/Desktop/rovo_ur_ws/install/rovo_bringup/lib/pkgconfig/rovo_bringup.pc'
[0.731s] Level 1:colcon.colcon_core.environment:checking '/home/kevin/Desktop/rovo_ur_ws/install/rovo_bringup/lib/python3.12/site-packages'
[0.732s] Level 1:colcon.colcon_core.environment:checking '/home/kevin/Desktop/rovo_ur_ws/install/rovo_bringup/bin'
[0.732s] INFO:colcon.colcon_core.shell:Creating package script '/home/kevin/Desktop/rovo_ur_ws/install/rovo_bringup/share/rovo_bringup/package.ps1'
[0.733s] INFO:colcon.colcon_core.shell:Creating package descriptor '/home/kevin/Desktop/rovo_ur_ws/install/rovo_bringup/share/rovo_bringup/package.dsv'
[0.734s] INFO:colcon.colcon_core.shell:Creating package script '/home/kevin/Desktop/rovo_ur_ws/install/rovo_bringup/share/rovo_bringup/package.sh'
[0.736s] INFO:colcon.colcon_core.shell:Creating package script '/home/kevin/Desktop/rovo_ur_ws/install/rovo_bringup/share/rovo_bringup/package.bash'
[0.737s] INFO:colcon.colcon_core.shell:Creating package script '/home/kevin/Desktop/rovo_ur_ws/install/rovo_bringup/share/rovo_bringup/package.zsh'
[0.738s] Level 1:colcon.colcon_core.environment:create_file_with_runtime_dependencies(/home/kevin/Desktop/rovo_ur_ws/install/rovo_bringup/share/colcon-core/packages/rovo_bringup)
[0.739s] Level 1:colcon.colcon_core.environment:create_environment_scripts_only(rovo_bringup)
[0.740s] Level 1:colcon.colcon_core.environment:checking '/home/kevin/Desktop/rovo_ur_ws/install/rovo_bringup' for CMake module files
[0.741s] Level 1:colcon.colcon_core.environment:checking '/home/kevin/Desktop/rovo_ur_ws/install/rovo_bringup' for CMake config files
[0.741s] Level 1:colcon.colcon_core.shell:create_environment_hook('rovo_bringup', 'cmake_prefix_path')
[0.742s] INFO:colcon.colcon_core.shell:Creating environment hook '/home/kevin/Desktop/rovo_ur_ws/install/rovo_bringup/share/rovo_bringup/hook/cmake_prefix_path.ps1'
[0.742s] INFO:colcon.colcon_core.shell:Creating environment descriptor '/home/kevin/Desktop/rovo_ur_ws/install/rovo_bringup/share/rovo_bringup/hook/cmake_prefix_path.dsv'
[0.743s] INFO:colcon.colcon_core.shell:Creating environment hook '/home/kevin/Desktop/rovo_ur_ws/install/rovo_bringup/share/rovo_bringup/hook/cmake_prefix_path.sh'
[0.744s] Level 1:colcon.colcon_core.environment:checking '/home/kevin/Desktop/rovo_ur_ws/install/rovo_bringup/bin'
[0.744s] Level 1:colcon.colcon_core.environment:checking '/home/kevin/Desktop/rovo_ur_ws/install/rovo_bringup/lib/pkgconfig/rovo_bringup.pc'
[0.745s] Level 1:colcon.colcon_core.environment:checking '/home/kevin/Desktop/rovo_ur_ws/install/rovo_bringup/lib/python3.12/site-packages'
[0.746s] Level 1:colcon.colcon_core.environment:checking '/home/kevin/Desktop/rovo_ur_ws/install/rovo_bringup/bin'
[0.746s] INFO:colcon.colcon_core.shell:Creating package script '/home/kevin/Desktop/rovo_ur_ws/install/rovo_bringup/share/rovo_bringup/package.ps1'
[0.747s] INFO:colcon.colcon_core.shell:Creating package descriptor '/home/kevin/Desktop/rovo_ur_ws/install/rovo_bringup/share/rovo_bringup/package.dsv'
[0.748s] INFO:colcon.colcon_core.shell:Creating package script '/home/kevin/Desktop/rovo_ur_ws/install/rovo_bringup/share/rovo_bringup/package.sh'
[0.749s] INFO:colcon.colcon_core.shell:Creating package script '/home/kevin/Desktop/rovo_ur_ws/install/rovo_bringup/share/rovo_bringup/package.bash'
[0.750s] INFO:colcon.colcon_core.shell:Creating package script '/home/kevin/Desktop/rovo_ur_ws/install/rovo_bringup/share/rovo_bringup/package.zsh'
[0.751s] Level 1:colcon.colcon_core.environment:create_file_with_runtime_dependencies(/home/kevin/Desktop/rovo_ur_ws/install/rovo_bringup/share/colcon-core/packages/rovo_bringup)
[0.754s] DEBUG:colcon.colcon_core.event_handler.log_command:Invoked command in '/home/kevin/Desktop/rovo_ur_ws/build/rovo_ur_description' returned '0': CMAKE_PREFIX_PATH=${CMAKE_PREFIX_PATH}:/home/kevin/Desktop/rovo_ur_ws/install/rovo_can_bridge:/opt/ros/jazzy DEBUGINFOD_URLS=https://debuginfod.ubuntu.com /usr/bin/cmake --build /home/kevin/Desktop/rovo_ur_ws/build/rovo_ur_description -- -j44 -l44
[0.756s] DEBUG:colcon.colcon_core.event_handler.log_command:Invoking command in '/home/kevin/Desktop/rovo_ur_ws/build/rovo_ur_description': CMAKE_PREFIX_PATH=${CMAKE_PREFIX_PATH}:/home/kevin/Desktop/rovo_ur_ws/install/rovo_can_bridge:/opt/ros/jazzy DEBUGINFOD_URLS=https://debuginfod.ubuntu.com /usr/bin/cmake --install /home/kevin/Desktop/rovo_ur_ws/build/rovo_ur_description
[0.789s] Level 1:colcon.colcon_core.environment:create_environment_scripts_only(rovo_ur_description)
[0.789s] Level 1:colcon.colcon_core.environment:checking '/home/kevin/Desktop/rovo_ur_ws/install/rovo_ur_description' for CMake module files
[0.791s] DEBUG:colcon.colcon_core.event_handler.log_command:Invoked command in '/home/kevin/Desktop/rovo_ur_ws/build/rovo_ur_description' returned '0': CMAKE_PREFIX_PATH=${CMAKE_PREFIX_PATH}:/home/kevin/Desktop/rovo_ur_ws/install/rovo_can_bridge:/opt/ros/jazzy DEBUGINFOD_URLS=https://debuginfod.ubuntu.com /usr/bin/cmake --install /home/kevin/Desktop/rovo_ur_ws/build/rovo_ur_description
[0.792s] Level 1:colcon.colcon_core.environment:checking '/home/kevin/Desktop/rovo_ur_ws/install/rovo_ur_description' for CMake config files
[0.793s] Level 1:colcon.colcon_core.shell:create_environment_hook('rovo_ur_description', 'cmake_prefix_path')
[0.793s] INFO:colcon.colcon_core.shell:Creating environment hook '/home/kevin/Desktop/rovo_ur_ws/install/rovo_ur_description/share/rovo_ur_description/hook/cmake_prefix_path.ps1'
[0.795s] INFO:colcon.colcon_core.shell:Creating environment descriptor '/home/kevin/Desktop/rovo_ur_ws/install/rovo_ur_description/share/rovo_ur_description/hook/cmake_prefix_path.dsv'
[0.795s] INFO:colcon.colcon_core.shell:Creating environment hook '/home/kevin/Desktop/rovo_ur_ws/install/rovo_ur_description/share/rovo_ur_description/hook/cmake_prefix_path.sh'
[0.797s] Level 1:colcon.colcon_core.environment:checking '/home/kevin/Desktop/rovo_ur_ws/install/rovo_ur_description/bin'
[0.797s] Level 1:colcon.colcon_core.environment:checking '/home/kevin/Desktop/rovo_ur_ws/install/rovo_ur_description/lib/pkgconfig/rovo_ur_description.pc'
[0.798s] Level 1:colcon.colcon_core.environment:checking '/home/kevin/Desktop/rovo_ur_ws/install/rovo_ur_description/lib/python3.12/site-packages'
[0.799s] Level 1:colcon.colcon_core.environment:checking '/home/kevin/Desktop/rovo_ur_ws/install/rovo_ur_description/bin'
[0.800s] INFO:colcon.colcon_core.shell:Creating package script '/home/kevin/Desktop/rovo_ur_ws/install/rovo_ur_description/share/rovo_ur_description/package.ps1'
[0.801s] INFO:colcon.colcon_core.shell:Creating package descriptor '/home/kevin/Desktop/rovo_ur_ws/install/rovo_ur_description/share/rovo_ur_description/package.dsv'
[0.802s] INFO:colcon.colcon_core.shell:Creating package script '/home/kevin/Desktop/rovo_ur_ws/install/rovo_ur_description/share/rovo_ur_description/package.sh'
[0.803s] INFO:colcon.colcon_core.shell:Creating package script '/home/kevin/Desktop/rovo_ur_ws/install/rovo_ur_description/share/rovo_ur_description/package.bash'
[0.804s] INFO:colcon.colcon_core.shell:Creating package script '/home/kevin/Desktop/rovo_ur_ws/install/rovo_ur_description/share/rovo_ur_description/package.zsh'
[0.805s] Level 1:colcon.colcon_core.environment:create_file_with_runtime_dependencies(/home/kevin/Desktop/rovo_ur_ws/install/rovo_ur_description/share/colcon-core/packages/rovo_ur_description)
[0.806s] Level 1:colcon.colcon_core.environment:create_environment_scripts_only(rovo_ur_description)
[0.807s] Level 1:colcon.colcon_core.environment:checking '/home/kevin/Desktop/rovo_ur_ws/install/rovo_ur_description' for CMake module files
[0.808s] Level 1:colcon.colcon_core.environment:checking '/home/kevin/Desktop/rovo_ur_ws/install/rovo_ur_description' for CMake config files
[0.809s] Level 1:colcon.colcon_core.shell:create_environment_hook('rovo_ur_description', 'cmake_prefix_path')
[0.810s] INFO:colcon.colcon_core.shell:Creating environment hook '/home/kevin/Desktop/rovo_ur_ws/install/rovo_ur_description/share/rovo_ur_description/hook/cmake_prefix_path.ps1'
[0.811s] INFO:colcon.colcon_core.shell:Creating environment descriptor '/home/kevin/Desktop/rovo_ur_ws/install/rovo_ur_description/share/rovo_ur_description/hook/cmake_prefix_path.dsv'
[0.812s] INFO:colcon.colcon_core.shell:Creating environment hook '/home/kevin/Desktop/rovo_ur_ws/install/rovo_ur_description/share/rovo_ur_description/hook/cmake_prefix_path.sh'
[0.813s] Level 1:colcon.colcon_core.environment:checking '/home/kevin/Desktop/rovo_ur_ws/install/rovo_ur_description/bin'
[0.814s] Level 1:colcon.colcon_core.environment:checking '/home/kevin/Desktop/rovo_ur_ws/install/rovo_ur_description/lib/pkgconfig/rovo_ur_description.pc'
[0.814s] Level 1:colcon.colcon_core.environment:checking '/home/kevin/Desktop/rovo_ur_ws/install/rovo_ur_description/lib/python3.12/site-packages'
[0.815s] Level 1:colcon.colcon_core.environment:checking '/home/kevin/Desktop/rovo_ur_ws/install/rovo_ur_description/bin'
[0.816s] INFO:colcon.colcon_core.shell:Creating package script '/home/kevin/Desktop/rovo_ur_ws/install/rovo_ur_description/share/rovo_ur_description/package.ps1'
[0.817s] INFO:colcon.colcon_core.shell:Creating package descriptor '/home/kevin/Desktop/rovo_ur_ws/install/rovo_ur_description/share/rovo_ur_description/package.dsv'
[0.818s] INFO:colcon.colcon_core.shell:Creating package script '/home/kevin/Desktop/rovo_ur_ws/install/rovo_ur_description/share/rovo_ur_description/package.sh'
[0.819s] INFO:colcon.colcon_core.shell:Creating package script '/home/kevin/Desktop/rovo_ur_ws/install/rovo_ur_description/share/rovo_ur_description/package.bash'
[0.820s] INFO:colcon.colcon_core.shell:Creating package script '/home/kevin/Desktop/rovo_ur_ws/install/rovo_ur_description/share/rovo_ur_description/package.zsh'
[0.822s] Level 1:colcon.colcon_core.environment:create_file_with_runtime_dependencies(/home/kevin/Desktop/rovo_ur_ws/install/rovo_ur_description/share/colcon-core/packages/rovo_ur_description)
[1.608s] DEBUG:colcon.colcon_core.event_handler.log_command:Invoking command in '/home/kevin/Desktop/rovo_ur_ws/build/rovo_can_bridge': DEBUGINFOD_URLS=https://debuginfod.ubuntu.com PYTHONPATH=/home/kevin/Desktop/rovo_ur_ws/build/rovo_can_bridge/prefix_override:/usr/lib/python3/dist-packages/colcon_core/task/python/colcon_distutils_commands:/home/kevin/Desktop/rovo_ur_ws/install/rovo_can_bridge/lib/python3.12/site-packages:${PYTHONPATH} /usr/bin/python3 -W ignore:setup.py install is deprecated -W ignore:easy_install command is deprecated setup.py develop --editable --build-directory /home/kevin/Desktop/rovo_ur_ws/build/rovo_can_bridge/build --no-deps symlink_data
[2.557s] Level 1:colcon.colcon_core.shell:create_environment_hook('rovo_can_bridge', 'pythonpath_develop')
[2.557s] INFO:colcon.colcon_core.shell:Creating environment hook '/home/kevin/Desktop/rovo_ur_ws/build/rovo_can_bridge/share/rovo_can_bridge/hook/pythonpath_develop.ps1'
[2.558s] DEBUG:colcon.colcon_core.event_handler.log_command:Invoked command in '/home/kevin/Desktop/rovo_ur_ws/build/rovo_can_bridge' returned '0': DEBUGINFOD_URLS=https://debuginfod.ubuntu.com PYTHONPATH=/home/kevin/Desktop/rovo_ur_ws/build/rovo_can_bridge/prefix_override:/usr/lib/python3/dist-packages/colcon_core/task/python/colcon_distutils_commands:/home/kevin/Desktop/rovo_ur_ws/install/rovo_can_bridge/lib/python3.12/site-packages:${PYTHONPATH} /usr/bin/python3 -W ignore:setup.py install is deprecated -W ignore:easy_install command is deprecated setup.py develop --editable --build-directory /home/kevin/Desktop/rovo_ur_ws/build/rovo_can_bridge/build --no-deps symlink_data
[2.559s] INFO:colcon.colcon_core.shell:Creating environment descriptor '/home/kevin/Desktop/rovo_ur_ws/build/rovo_can_bridge/share/rovo_can_bridge/hook/pythonpath_develop.dsv'
[2.560s] INFO:colcon.colcon_core.shell:Creating environment hook '/home/kevin/Desktop/rovo_ur_ws/build/rovo_can_bridge/share/rovo_can_bridge/hook/pythonpath_develop.sh'
[2.562s] Level 1:colcon.colcon_core.environment:checking '/home/kevin/Desktop/rovo_ur_ws/install/rovo_can_bridge' for CMake module files
[2.563s] Level 1:colcon.colcon_core.environment:checking '/home/kevin/Desktop/rovo_ur_ws/install/rovo_can_bridge' for CMake config files
[2.564s] Level 1:colcon.colcon_core.environment:checking '/home/kevin/Desktop/rovo_ur_ws/install/rovo_can_bridge/lib'
[2.565s] Level 1:colcon.colcon_core.environment:checking '/home/kevin/Desktop/rovo_ur_ws/install/rovo_can_bridge/bin'
[2.565s] Level 1:colcon.colcon_core.environment:checking '/home/kevin/Desktop/rovo_ur_ws/install/rovo_can_bridge/lib/pkgconfig/rovo_can_bridge.pc'
[2.566s] Level 1:colcon.colcon_core.environment:checking '/home/kevin/Desktop/rovo_ur_ws/install/rovo_can_bridge/lib/python3.12/site-packages'
[2.566s] Level 1:colcon.colcon_core.shell:create_environment_hook('rovo_can_bridge', 'pythonpath')
[2.566s] INFO:colcon.colcon_core.shell:Creating environment hook '/home/kevin/Desktop/rovo_ur_ws/install/rovo_can_bridge/share/rovo_can_bridge/hook/pythonpath.ps1'
[2.568s] INFO:colcon.colcon_core.shell:Creating environment descriptor '/home/kevin/Desktop/rovo_ur_ws/install/rovo_can_bridge/share/rovo_can_bridge/hook/pythonpath.dsv'
[2.568s] INFO:colcon.colcon_core.shell:Creating environment hook '/home/kevin/Desktop/rovo_ur_ws/install/rovo_can_bridge/share/rovo_can_bridge/hook/pythonpath.sh'
[2.571s] Level 1:colcon.colcon_core.environment:checking '/home/kevin/Desktop/rovo_ur_ws/install/rovo_can_bridge/bin'
[2.571s] Level 1:colcon.colcon_core.environment:create_environment_scripts_only(rovo_can_bridge)
[2.571s] INFO:colcon.colcon_core.shell:Creating package script '/home/kevin/Desktop/rovo_ur_ws/install/rovo_can_bridge/share/rovo_can_bridge/package.ps1'
[2.573s] INFO:colcon.colcon_core.shell:Creating package descriptor '/home/kevin/Desktop/rovo_ur_ws/install/rovo_can_bridge/share/rovo_can_bridge/package.dsv'
[2.574s] INFO:colcon.colcon_core.shell:Creating package script '/home/kevin/Desktop/rovo_ur_ws/install/rovo_can_bridge/share/rovo_can_bridge/package.sh'
[2.576s] INFO:colcon.colcon_core.shell:Creating package script '/home/kevin/Desktop/rovo_ur_ws/install/rovo_can_bridge/share/rovo_can_bridge/package.bash'
[2.577s] INFO:colcon.colcon_core.shell:Creating package script '/home/kevin/Desktop/rovo_ur_ws/install/rovo_can_bridge/share/rovo_can_bridge/package.zsh'
[2.578s] Level 1:colcon.colcon_core.environment:create_file_with_runtime_dependencies(/home/kevin/Desktop/rovo_ur_ws/install/rovo_can_bridge/share/colcon-core/packages/rovo_can_bridge)
[2.579s] DEBUG:colcon.colcon_parallel_executor.executor.parallel:closing loop
[2.579s] DEBUG:colcon.colcon_parallel_executor.executor.parallel:loop closed
[2.580s] DEBUG:colcon.colcon_parallel_executor.executor.parallel:run_until_complete finished with '0'
[2.580s] DEBUG:colcon.colcon_core.event_reactor:joining thread
[2.594s] INFO:colcon.colcon_core.plugin_system:Skipping extension 'colcon_notification.desktop_notification.terminal_notifier': Not used on non-Darwin systems
[2.595s] INFO:colcon.colcon_core.plugin_system:Skipping extension 'colcon_notification.desktop_notification.win32': Not used on non-Windows systems
[2.595s] INFO:colcon.colcon_notification.desktop_notification:Sending desktop notification using 'notify2'
[2.627s] DEBUG:colcon.colcon_core.event_reactor:joined thread
[2.627s] INFO:colcon.colcon_core.shell:Creating prefix script '/home/kevin/Desktop/rovo_ur_ws/install/local_setup.ps1'
[2.629s] INFO:colcon.colcon_core.shell:Creating prefix util module '/home/kevin/Desktop/rovo_ur_ws/install/_local_setup_util_ps1.py'
[2.632s] INFO:colcon.colcon_core.shell:Creating prefix chain script '/home/kevin/Desktop/rovo_ur_ws/install/setup.ps1'
[2.635s] INFO:colcon.colcon_core.shell:Creating prefix script '/home/kevin/Desktop/rovo_ur_ws/install/local_setup.sh'
[2.637s] INFO:colcon.colcon_core.shell:Creating prefix util module '/home/kevin/Desktop/rovo_ur_ws/install/_local_setup_util_sh.py'
[2.638s] INFO:colcon.colcon_core.shell:Creating prefix chain script '/home/kevin/Desktop/rovo_ur_ws/install/setup.sh'
[2.641s] INFO:colcon.colcon_core.shell:Creating prefix script '/home/kevin/Desktop/rovo_ur_ws/install/local_setup.bash'
[2.643s] INFO:colcon.colcon_core.shell:Creating prefix chain script '/home/kevin/Desktop/rovo_ur_ws/install/setup.bash'
[2.645s] INFO:colcon.colcon_core.shell:Creating prefix script '/home/kevin/Desktop/rovo_ur_ws/install/local_setup.zsh'
[2.647s] INFO:colcon.colcon_core.shell:Creating prefix chain script '/home/kevin/Desktop/rovo_ur_ws/install/setup.zsh'
