[0.127s] DEBUG:colcon:Command line arguments: ['/usr/bin/colcon', 'build']
[0.127s] DEBUG:colcon:Parsed command line arguments: Namespace(log_base=None, log_level=None, verb_name='build', build_base='build', install_base='install', merge_install=False, symlink_install=False, test_result_base=None, continue_on_error=False, executor='parallel', parallel_workers=44, event_handlers=None, ignore_user_meta=False, metas=['./colcon.meta'], base_paths=['.'], packages_ignore=None, packages_ignore_regex=None, paths=None, packages_up_to=None, packages_up_to_regex=None, packages_above=None, packages_above_and_dependencies=None, packages_above_depth=None, packages_select_by_dep=None, packages_skip_by_dep=None, packages_skip_up_to=None, packages_select_build_failed=False, packages_skip_build_finished=False, packages_select_test_failures=False, packages_skip_test_passed=False, packages_select=None, packages_skip=None, packages_select_regex=None, packages_skip_regex=None, packages_start=None, packages_end=None, allow_overriding=[], cmake_args=None, cmake_target=None, cmake_target_skip_unavailable=False, cmake_clean_cache=False, cmake_clean_first=False, cmake_force_configure=False, ament_cmake_args=None, catkin_cmake_args=None, catkin_skip_building_tests=False, mixin_files=None, mixin=None, verb_parser=<colcon_mixin.mixin.mixin_argument.MixinArgumentDecorator object at 0x75413ac9dc40>, verb_extension=<colcon_core.verb.build.BuildVerb object at 0x75413adbdb50>, main=<bound method BuildVerb.main of <colcon_core.verb.build.BuildVerb object at 0x75413adbdb50>>, mixin_verb=('build',))
[0.169s] Level 1:colcon.colcon_core.package_discovery:discover_packages(colcon_meta) check parameters
[0.169s] Level 1:colcon.colcon_core.package_discovery:discover_packages(recursive) check parameters
[0.169s] Level 1:colcon.colcon_core.package_discovery:discover_packages(ignore) check parameters
[0.169s] Level 1:colcon.colcon_core.package_discovery:discover_packages(path) check parameters
[0.169s] Level 1:colcon.colcon_core.package_discovery:discover_packages(colcon_meta) discover
[0.169s] Level 1:colcon.colcon_core.package_discovery:discover_packages(recursive) discover
[0.169s] INFO:colcon.colcon_core.package_discovery:Crawling recursively for packages in '/home/kevin/Desktop/rovo_ur_ws'
[0.169s] Level 1:colcon.colcon_core.package_identification:_identify(.) by extensions ['ignore', 'ignore_ament_install']
[0.169s] Level 1:colcon.colcon_core.package_identification:_identify(.) by extension 'ignore'
[0.169s] Level 1:colcon.colcon_core.package_identification:_identify(.) by extension 'ignore_ament_install'
[0.169s] Level 1:colcon.colcon_core.package_identification:_identify(.) by extensions ['colcon_pkg']
[0.169s] Level 1:colcon.colcon_core.package_identification:_identify(.) by extension 'colcon_pkg'
[0.169s] Level 1:colcon.colcon_core.package_identification:_identify(.) by extensions ['colcon_meta']
[0.169s] Level 1:colcon.colcon_core.package_identification:_identify(.) by extension 'colcon_meta'
[0.169s] Level 1:colcon.colcon_core.package_identification:_identify(.) by extensions ['ros']
[0.170s] Level 1:colcon.colcon_core.package_identification:_identify(.) by extension 'ros'
[0.196s] Level 1:colcon.colcon_core.package_identification:_identify(.) by extensions ['cmake', 'python']
[0.196s] Level 1:colcon.colcon_core.package_identification:_identify(.) by extension 'cmake'
[0.196s] Level 1:colcon.colcon_core.package_identification:_identify(.) by extension 'python'
[0.197s] Level 1:colcon.colcon_core.package_identification:_identify(.) by extensions ['python_setup_py']
[0.197s] Level 1:colcon.colcon_core.package_identification:_identify(.) by extension 'python_setup_py'
[0.197s] Level 1:colcon.colcon_core.package_identification:_identify(build) by extensions ['ignore', 'ignore_ament_install']
[0.197s] Level 1:colcon.colcon_core.package_identification:_identify(build) by extension 'ignore'
[0.197s] Level 1:colcon.colcon_core.package_identification:_identify(build) ignored
[0.197s] Level 1:colcon.colcon_core.package_identification:_identify(install) by extensions ['ignore', 'ignore_ament_install']
[0.197s] Level 1:colcon.colcon_core.package_identification:_identify(install) by extension 'ignore'
[0.197s] Level 1:colcon.colcon_core.package_identification:_identify(install) ignored
[0.197s] Level 1:colcon.colcon_core.package_identification:_identify(log) by extensions ['ignore', 'ignore_ament_install']
[0.198s] Level 1:colcon.colcon_core.package_identification:_identify(log) by extension 'ignore'
[0.198s] Level 1:colcon.colcon_core.package_identification:_identify(log) ignored
[0.198s] Level 1:colcon.colcon_core.package_identification:_identify(src) by extensions ['ignore', 'ignore_ament_install']
[0.198s] Level 1:colcon.colcon_core.package_identification:_identify(src) by extension 'ignore'
[0.198s] Level 1:colcon.colcon_core.package_identification:_identify(src) by extension 'ignore_ament_install'
[0.198s] Level 1:colcon.colcon_core.package_identification:_identify(src) by extensions ['colcon_pkg']
[0.198s] Level 1:colcon.colcon_core.package_identification:_identify(src) by extension 'colcon_pkg'
[0.198s] Level 1:colcon.colcon_core.package_identification:_identify(src) by extensions ['colcon_meta']
[0.198s] Level 1:colcon.colcon_core.package_identification:_identify(src) by extension 'colcon_meta'
[0.198s] Level 1:colcon.colcon_core.package_identification:_identify(src) by extensions ['ros']
[0.198s] Level 1:colcon.colcon_core.package_identification:_identify(src) by extension 'ros'
[0.198s] Level 1:colcon.colcon_core.package_identification:_identify(src) by extensions ['cmake', 'python']
[0.198s] Level 1:colcon.colcon_core.package_identification:_identify(src) by extension 'cmake'
[0.198s] Level 1:colcon.colcon_core.package_identification:_identify(src) by extension 'python'
[0.198s] Level 1:colcon.colcon_core.package_identification:_identify(src) by extensions ['python_setup_py']
[0.199s] Level 1:colcon.colcon_core.package_identification:_identify(src) by extension 'python_setup_py'
[0.199s] Level 1:colcon.colcon_core.package_identification:_identify(src/rovo_bringup) by extensions ['ignore', 'ignore_ament_install']
[0.199s] Level 1:colcon.colcon_core.package_identification:_identify(src/rovo_bringup) by extension 'ignore'
[0.199s] Level 1:colcon.colcon_core.package_identification:_identify(src/rovo_bringup) by extension 'ignore_ament_install'
[0.199s] Level 1:colcon.colcon_core.package_identification:_identify(src/rovo_bringup) by extensions ['colcon_pkg']
[0.199s] Level 1:colcon.colcon_core.package_identification:_identify(src/rovo_bringup) by extension 'colcon_pkg'
[0.199s] Level 1:colcon.colcon_core.package_identification:_identify(src/rovo_bringup) by extensions ['colcon_meta']
[0.199s] Level 1:colcon.colcon_core.package_identification:_identify(src/rovo_bringup) by extension 'colcon_meta'
[0.199s] Level 1:colcon.colcon_core.package_identification:_identify(src/rovo_bringup) by extensions ['ros']
[0.199s] Level 1:colcon.colcon_core.package_identification:_identify(src/rovo_bringup) by extension 'ros'
[0.202s] DEBUG:colcon.colcon_core.package_identification:Package 'src/rovo_bringup' with type 'ros.ament_cmake' and name 'rovo_bringup'
[0.202s] Level 1:colcon.colcon_core.package_identification:_identify(src/rovo_can_driver) by extensions ['ignore', 'ignore_ament_install']
[0.202s] Level 1:colcon.colcon_core.package_identification:_identify(src/rovo_can_driver) by extension 'ignore'
[0.202s] Level 1:colcon.colcon_core.package_identification:_identify(src/rovo_can_driver) by extension 'ignore_ament_install'
[0.202s] Level 1:colcon.colcon_core.package_identification:_identify(src/rovo_can_driver) by extensions ['colcon_pkg']
[0.202s] Level 1:colcon.colcon_core.package_identification:_identify(src/rovo_can_driver) by extension 'colcon_pkg'
[0.202s] Level 1:colcon.colcon_core.package_identification:_identify(src/rovo_can_driver) by extensions ['colcon_meta']
[0.202s] Level 1:colcon.colcon_core.package_identification:_identify(src/rovo_can_driver) by extension 'colcon_meta'
[0.202s] Level 1:colcon.colcon_core.package_identification:_identify(src/rovo_can_driver) by extensions ['ros']
[0.202s] Level 1:colcon.colcon_core.package_identification:_identify(src/rovo_can_driver) by extension 'ros'
[0.203s] DEBUG:colcon.colcon_core.package_identification:Package 'src/rovo_can_driver' with type 'ros.ament_cmake' and name 'rovo_can_driver'
[0.203s] Level 1:colcon.colcon_core.package_identification:_identify(src/rovo_ur_description) by extensions ['ignore', 'ignore_ament_install']
[0.203s] Level 1:colcon.colcon_core.package_identification:_identify(src/rovo_ur_description) by extension 'ignore'
[0.203s] Level 1:colcon.colcon_core.package_identification:_identify(src/rovo_ur_description) by extension 'ignore_ament_install'
[0.204s] Level 1:colcon.colcon_core.package_identification:_identify(src/rovo_ur_description) by extensions ['colcon_pkg']
[0.204s] Level 1:colcon.colcon_core.package_identification:_identify(src/rovo_ur_description) by extension 'colcon_pkg'
[0.204s] Level 1:colcon.colcon_core.package_identification:_identify(src/rovo_ur_description) by extensions ['colcon_meta']
[0.204s] Level 1:colcon.colcon_core.package_identification:_identify(src/rovo_ur_description) by extension 'colcon_meta'
[0.204s] Level 1:colcon.colcon_core.package_identification:_identify(src/rovo_ur_description) by extensions ['ros']
[0.204s] Level 1:colcon.colcon_core.package_identification:_identify(src/rovo_ur_description) by extension 'ros'
[0.204s] DEBUG:colcon.colcon_core.package_identification:Package 'src/rovo_ur_description' with type 'ros.ament_cmake' and name 'rovo_ur_description'
[0.204s] Level 1:colcon.colcon_core.package_discovery:discover_packages(recursive) using defaults
[0.205s] Level 1:colcon.colcon_core.package_discovery:discover_packages(ignore) discover
[0.205s] Level 1:colcon.colcon_core.package_discovery:discover_packages(ignore) using defaults
[0.205s] Level 1:colcon.colcon_core.package_discovery:discover_packages(path) discover
[0.205s] Level 1:colcon.colcon_core.package_discovery:discover_packages(path) using defaults
[0.224s] Level 1:colcon.colcon_core.package_discovery:discover_packages(prefix_path) check parameters
[0.224s] Level 1:colcon.colcon_core.package_discovery:discover_packages(prefix_path) discover
[0.226s] DEBUG:colcon.colcon_installed_package_information.package_discovery:Found 3 installed packages in /home/kevin/Desktop/rovo_ur_ws/install
[0.228s] DEBUG:colcon.colcon_installed_package_information.package_discovery:Found 369 installed packages in /opt/ros/jazzy
[0.229s] Level 1:colcon.colcon_core.package_discovery:discover_packages(prefix_path) using defaults
[0.290s] Level 5:colcon.colcon_core.verb:set package 'rovo_bringup' build argument 'cmake_args' from command line to 'None'
[0.290s] Level 5:colcon.colcon_core.verb:set package 'rovo_bringup' build argument 'cmake_target' from command line to 'None'
[0.290s] Level 5:colcon.colcon_core.verb:set package 'rovo_bringup' build argument 'cmake_target_skip_unavailable' from command line to 'False'
[0.290s] Level 5:colcon.colcon_core.verb:set package 'rovo_bringup' build argument 'cmake_clean_cache' from command line to 'False'
[0.290s] Level 5:colcon.colcon_core.verb:set package 'rovo_bringup' build argument 'cmake_clean_first' from command line to 'False'
[0.290s] Level 5:colcon.colcon_core.verb:set package 'rovo_bringup' build argument 'cmake_force_configure' from command line to 'False'
[0.290s] Level 5:colcon.colcon_core.verb:set package 'rovo_bringup' build argument 'ament_cmake_args' from command line to 'None'
[0.290s] Level 5:colcon.colcon_core.verb:set package 'rovo_bringup' build argument 'catkin_cmake_args' from command line to 'None'
[0.290s] Level 5:colcon.colcon_core.verb:set package 'rovo_bringup' build argument 'catkin_skip_building_tests' from command line to 'False'
[0.290s] DEBUG:colcon.colcon_core.verb:Building package 'rovo_bringup' with the following arguments: {'ament_cmake_args': None, 'build_base': '/home/kevin/Desktop/rovo_ur_ws/build/rovo_bringup', 'catkin_cmake_args': None, 'catkin_skip_building_tests': False, 'cmake_args': None, 'cmake_clean_cache': False, 'cmake_clean_first': False, 'cmake_force_configure': False, 'cmake_target': None, 'cmake_target_skip_unavailable': False, 'install_base': '/home/kevin/Desktop/rovo_ur_ws/install/rovo_bringup', 'merge_install': False, 'path': '/home/kevin/Desktop/rovo_ur_ws/src/rovo_bringup', 'symlink_install': False, 'test_result_base': None}
[0.290s] Level 5:colcon.colcon_core.verb:set package 'rovo_can_driver' build argument 'cmake_args' from command line to 'None'
[0.290s] Level 5:colcon.colcon_core.verb:set package 'rovo_can_driver' build argument 'cmake_target' from command line to 'None'
[0.290s] Level 5:colcon.colcon_core.verb:set package 'rovo_can_driver' build argument 'cmake_target_skip_unavailable' from command line to 'False'
[0.290s] Level 5:colcon.colcon_core.verb:set package 'rovo_can_driver' build argument 'cmake_clean_cache' from command line to 'False'
[0.290s] Level 5:colcon.colcon_core.verb:set package 'rovo_can_driver' build argument 'cmake_clean_first' from command line to 'False'
[0.290s] Level 5:colcon.colcon_core.verb:set package 'rovo_can_driver' build argument 'cmake_force_configure' from command line to 'False'
[0.290s] Level 5:colcon.colcon_core.verb:set package 'rovo_can_driver' build argument 'ament_cmake_args' from command line to 'None'
[0.290s] Level 5:colcon.colcon_core.verb:set package 'rovo_can_driver' build argument 'catkin_cmake_args' from command line to 'None'
[0.290s] Level 5:colcon.colcon_core.verb:set package 'rovo_can_driver' build argument 'catkin_skip_building_tests' from command line to 'False'
[0.291s] DEBUG:colcon.colcon_core.verb:Building package 'rovo_can_driver' with the following arguments: {'ament_cmake_args': None, 'build_base': '/home/kevin/Desktop/rovo_ur_ws/build/rovo_can_driver', 'catkin_cmake_args': None, 'catkin_skip_building_tests': False, 'cmake_args': None, 'cmake_clean_cache': False, 'cmake_clean_first': False, 'cmake_force_configure': False, 'cmake_target': None, 'cmake_target_skip_unavailable': False, 'install_base': '/home/kevin/Desktop/rovo_ur_ws/install/rovo_can_driver', 'merge_install': False, 'path': '/home/kevin/Desktop/rovo_ur_ws/src/rovo_can_driver', 'symlink_install': False, 'test_result_base': None}
[0.291s] Level 5:colcon.colcon_core.verb:set package 'rovo_ur_description' build argument 'cmake_args' from command line to 'None'
[0.291s] Level 5:colcon.colcon_core.verb:set package 'rovo_ur_description' build argument 'cmake_target' from command line to 'None'
[0.291s] Level 5:colcon.colcon_core.verb:set package 'rovo_ur_description' build argument 'cmake_target_skip_unavailable' from command line to 'False'
[0.291s] Level 5:colcon.colcon_core.verb:set package 'rovo_ur_description' build argument 'cmake_clean_cache' from command line to 'False'
[0.291s] Level 5:colcon.colcon_core.verb:set package 'rovo_ur_description' build argument 'cmake_clean_first' from command line to 'False'
[0.291s] Level 5:colcon.colcon_core.verb:set package 'rovo_ur_description' build argument 'cmake_force_configure' from command line to 'False'
[0.291s] Level 5:colcon.colcon_core.verb:set package 'rovo_ur_description' build argument 'ament_cmake_args' from command line to 'None'
[0.291s] Level 5:colcon.colcon_core.verb:set package 'rovo_ur_description' build argument 'catkin_cmake_args' from command line to 'None'
[0.291s] Level 5:colcon.colcon_core.verb:set package 'rovo_ur_description' build argument 'catkin_skip_building_tests' from command line to 'False'
[0.291s] DEBUG:colcon.colcon_core.verb:Building package 'rovo_ur_description' with the following arguments: {'ament_cmake_args': None, 'build_base': '/home/kevin/Desktop/rovo_ur_ws/build/rovo_ur_description', 'catkin_cmake_args': None, 'catkin_skip_building_tests': False, 'cmake_args': None, 'cmake_clean_cache': False, 'cmake_clean_first': False, 'cmake_force_configure': False, 'cmake_target': None, 'cmake_target_skip_unavailable': False, 'install_base': '/home/kevin/Desktop/rovo_ur_ws/install/rovo_ur_description', 'merge_install': False, 'path': '/home/kevin/Desktop/rovo_ur_ws/src/rovo_ur_description', 'symlink_install': False, 'test_result_base': None}
[0.291s] INFO:colcon.colcon_core.executor:Executing jobs using 'parallel' executor
[0.292s] DEBUG:colcon.colcon_parallel_executor.executor.parallel:run_until_complete
[0.293s] INFO:colcon.colcon_ros.task.ament_cmake.build:Building ROS package in '/home/kevin/Desktop/rovo_ur_ws/src/rovo_bringup' with build type 'ament_cmake'
[0.293s] INFO:colcon.colcon_cmake.task.cmake.build:Building CMake package in '/home/kevin/Desktop/rovo_ur_ws/src/rovo_bringup'
[0.295s] INFO:colcon.colcon_core.plugin_system:Skipping extension 'colcon_core.shell.bat': Not used on non-Windows systems
[0.295s] INFO:colcon.colcon_core.shell:Skip shell extension 'powershell' for command environment: Not usable outside of PowerShell
[0.295s] DEBUG:colcon.colcon_core.shell:Skip shell extension 'dsv' for command environment
[0.300s] INFO:colcon.colcon_ros.task.ament_cmake.build:Building ROS package in '/home/kevin/Desktop/rovo_ur_ws/src/rovo_can_driver' with build type 'ament_cmake'
[0.300s] INFO:colcon.colcon_cmake.task.cmake.build:Building CMake package in '/home/kevin/Desktop/rovo_ur_ws/src/rovo_can_driver'
[0.301s] INFO:colcon.colcon_core.shell:Skip shell extension 'powershell' for command environment: Not usable outside of PowerShell
[0.301s] DEBUG:colcon.colcon_core.shell:Skip shell extension 'dsv' for command environment
[0.305s] INFO:colcon.colcon_ros.task.ament_cmake.build:Building ROS package in '/home/kevin/Desktop/rovo_ur_ws/src/rovo_ur_description' with build type 'ament_cmake'
[0.305s] INFO:colcon.colcon_cmake.task.cmake.build:Building CMake package in '/home/kevin/Desktop/rovo_ur_ws/src/rovo_ur_description'
[0.306s] INFO:colcon.colcon_core.shell:Skip shell extension 'powershell' for command environment: Not usable outside of PowerShell
[0.306s] DEBUG:colcon.colcon_core.shell:Skip shell extension 'dsv' for command environment
[0.316s] DEBUG:colcon.colcon_core.event_handler.log_command:Invoking command in '/home/kevin/Desktop/rovo_ur_ws/build/rovo_bringup': CMAKE_PREFIX_PATH=${CMAKE_PREFIX_PATH}:/opt/ros/jazzy DEBUGINFOD_URLS=https://debuginfod.ubuntu.com /usr/bin/cmake --build /home/kevin/Desktop/rovo_ur_ws/build/rovo_bringup -- -j44 -l44
[0.320s] DEBUG:colcon.colcon_core.event_handler.log_command:Invoking command in '/home/kevin/Desktop/rovo_ur_ws/build/rovo_can_driver': CMAKE_PREFIX_PATH=${CMAKE_PREFIX_PATH}:/opt/ros/jazzy DEBUGINFOD_URLS=https://debuginfod.ubuntu.com /usr/bin/cmake --build /home/kevin/Desktop/rovo_ur_ws/build/rovo_can_driver -- -j44 -l44
[0.324s] DEBUG:colcon.colcon_core.event_handler.log_command:Invoking command in '/home/kevin/Desktop/rovo_ur_ws/build/rovo_ur_description': CMAKE_PREFIX_PATH=${CMAKE_PREFIX_PATH}:/opt/ros/jazzy DEBUGINFOD_URLS=https://debuginfod.ubuntu.com /usr/bin/cmake --build /home/kevin/Desktop/rovo_ur_ws/build/rovo_ur_description -- -j44 -l44
[0.381s] DEBUG:colcon.colcon_core.event_handler.log_command:Invoked command in '/home/kevin/Desktop/rovo_ur_ws/build/rovo_bringup' returned '0': CMAKE_PREFIX_PATH=${CMAKE_PREFIX_PATH}:/opt/ros/jazzy DEBUGINFOD_URLS=https://debuginfod.ubuntu.com /usr/bin/cmake --build /home/kevin/Desktop/rovo_ur_ws/build/rovo_bringup -- -j44 -l44
[0.396s] DEBUG:colcon.colcon_core.event_handler.log_command:Invoking command in '/home/kevin/Desktop/rovo_ur_ws/build/rovo_bringup': CMAKE_PREFIX_PATH=${CMAKE_PREFIX_PATH}:/opt/ros/jazzy DEBUGINFOD_URLS=https://debuginfod.ubuntu.com /usr/bin/cmake --install /home/kevin/Desktop/rovo_ur_ws/build/rovo_bringup
[0.398s] DEBUG:colcon.colcon_core.event_handler.log_command:Invoked command in '/home/kevin/Desktop/rovo_ur_ws/build/rovo_ur_description' returned '0': CMAKE_PREFIX_PATH=${CMAKE_PREFIX_PATH}:/opt/ros/jazzy DEBUGINFOD_URLS=https://debuginfod.ubuntu.com /usr/bin/cmake --build /home/kevin/Desktop/rovo_ur_ws/build/rovo_ur_description -- -j44 -l44
[0.400s] DEBUG:colcon.colcon_core.event_handler.log_command:Invoking command in '/home/kevin/Desktop/rovo_ur_ws/build/rovo_ur_description': CMAKE_PREFIX_PATH=${CMAKE_PREFIX_PATH}:/opt/ros/jazzy DEBUGINFOD_URLS=https://debuginfod.ubuntu.com /usr/bin/cmake --install /home/kevin/Desktop/rovo_ur_ws/build/rovo_ur_description
[0.431s] Level 1:colcon.colcon_core.environment:create_environment_scripts_only(rovo_bringup)
[0.432s] DEBUG:colcon.colcon_core.event_handler.log_command:Invoked command in '/home/kevin/Desktop/rovo_ur_ws/build/rovo_bringup' returned '0': CMAKE_PREFIX_PATH=${CMAKE_PREFIX_PATH}:/opt/ros/jazzy DEBUGINFOD_URLS=https://debuginfod.ubuntu.com /usr/bin/cmake --install /home/kevin/Desktop/rovo_ur_ws/build/rovo_bringup
[0.439s] Level 1:colcon.colcon_core.environment:checking '/home/kevin/Desktop/rovo_ur_ws/install/rovo_bringup' for CMake module files
[0.441s] Level 1:colcon.colcon_core.environment:checking '/home/kevin/Desktop/rovo_ur_ws/install/rovo_bringup' for CMake config files
[0.442s] Level 1:colcon.colcon_core.shell:create_environment_hook('rovo_bringup', 'cmake_prefix_path')
[0.442s] INFO:colcon.colcon_core.shell:Creating environment hook '/home/kevin/Desktop/rovo_ur_ws/install/rovo_bringup/share/rovo_bringup/hook/cmake_prefix_path.ps1'
[0.444s] INFO:colcon.colcon_core.shell:Creating environment descriptor '/home/kevin/Desktop/rovo_ur_ws/install/rovo_bringup/share/rovo_bringup/hook/cmake_prefix_path.dsv'
[0.445s] INFO:colcon.colcon_core.shell:Creating environment hook '/home/kevin/Desktop/rovo_ur_ws/install/rovo_bringup/share/rovo_bringup/hook/cmake_prefix_path.sh'
[0.447s] Level 1:colcon.colcon_core.environment:checking '/home/kevin/Desktop/rovo_ur_ws/install/rovo_bringup/bin'
[0.448s] Level 1:colcon.colcon_core.environment:checking '/home/kevin/Desktop/rovo_ur_ws/install/rovo_bringup/lib/pkgconfig/rovo_bringup.pc'
[0.448s] Level 1:colcon.colcon_core.environment:checking '/home/kevin/Desktop/rovo_ur_ws/install/rovo_bringup/lib/python3.12/site-packages'
[0.449s] Level 1:colcon.colcon_core.environment:checking '/home/kevin/Desktop/rovo_ur_ws/install/rovo_bringup/bin'
[0.450s] INFO:colcon.colcon_core.shell:Creating package script '/home/kevin/Desktop/rovo_ur_ws/install/rovo_bringup/share/rovo_bringup/package.ps1'
[0.452s] INFO:colcon.colcon_core.shell:Creating package descriptor '/home/kevin/Desktop/rovo_ur_ws/install/rovo_bringup/share/rovo_bringup/package.dsv'
[0.453s] INFO:colcon.colcon_core.shell:Creating package script '/home/kevin/Desktop/rovo_ur_ws/install/rovo_bringup/share/rovo_bringup/package.sh'
[0.455s] INFO:colcon.colcon_core.shell:Creating package script '/home/kevin/Desktop/rovo_ur_ws/install/rovo_bringup/share/rovo_bringup/package.bash'
[0.456s] INFO:colcon.colcon_core.shell:Creating package script '/home/kevin/Desktop/rovo_ur_ws/install/rovo_bringup/share/rovo_bringup/package.zsh'
[0.458s] Level 1:colcon.colcon_core.environment:create_file_with_runtime_dependencies(/home/kevin/Desktop/rovo_ur_ws/install/rovo_bringup/share/colcon-core/packages/rovo_bringup)
[0.459s] Level 1:colcon.colcon_core.environment:create_environment_scripts_only(rovo_bringup)
[0.459s] Level 1:colcon.colcon_core.environment:checking '/home/kevin/Desktop/rovo_ur_ws/install/rovo_bringup' for CMake module files
[0.461s] Level 1:colcon.colcon_core.environment:checking '/home/kevin/Desktop/rovo_ur_ws/install/rovo_bringup' for CMake config files
[0.462s] Level 1:colcon.colcon_core.shell:create_environment_hook('rovo_bringup', 'cmake_prefix_path')
[0.462s] INFO:colcon.colcon_core.shell:Creating environment hook '/home/kevin/Desktop/rovo_ur_ws/install/rovo_bringup/share/rovo_bringup/hook/cmake_prefix_path.ps1'
[0.463s] INFO:colcon.colcon_core.shell:Creating environment descriptor '/home/kevin/Desktop/rovo_ur_ws/install/rovo_bringup/share/rovo_bringup/hook/cmake_prefix_path.dsv'
[0.464s] INFO:colcon.colcon_core.shell:Creating environment hook '/home/kevin/Desktop/rovo_ur_ws/install/rovo_bringup/share/rovo_bringup/hook/cmake_prefix_path.sh'
[0.465s] Level 1:colcon.colcon_core.environment:checking '/home/kevin/Desktop/rovo_ur_ws/install/rovo_bringup/bin'
[0.465s] Level 1:colcon.colcon_core.environment:checking '/home/kevin/Desktop/rovo_ur_ws/install/rovo_bringup/lib/pkgconfig/rovo_bringup.pc'
[0.465s] Level 1:colcon.colcon_core.environment:checking '/home/kevin/Desktop/rovo_ur_ws/install/rovo_bringup/lib/python3.12/site-packages'
[0.466s] Level 1:colcon.colcon_core.environment:checking '/home/kevin/Desktop/rovo_ur_ws/install/rovo_bringup/bin'
[0.467s] INFO:colcon.colcon_core.shell:Creating package script '/home/kevin/Desktop/rovo_ur_ws/install/rovo_bringup/share/rovo_bringup/package.ps1'
[0.468s] INFO:colcon.colcon_core.shell:Creating package descriptor '/home/kevin/Desktop/rovo_ur_ws/install/rovo_bringup/share/rovo_bringup/package.dsv'
[0.469s] INFO:colcon.colcon_core.shell:Creating package script '/home/kevin/Desktop/rovo_ur_ws/install/rovo_bringup/share/rovo_bringup/package.sh'
[0.469s] INFO:colcon.colcon_core.shell:Creating package script '/home/kevin/Desktop/rovo_ur_ws/install/rovo_bringup/share/rovo_bringup/package.bash'
[0.470s] INFO:colcon.colcon_core.shell:Creating package script '/home/kevin/Desktop/rovo_ur_ws/install/rovo_bringup/share/rovo_bringup/package.zsh'
[0.471s] Level 1:colcon.colcon_core.environment:create_file_with_runtime_dependencies(/home/kevin/Desktop/rovo_ur_ws/install/rovo_bringup/share/colcon-core/packages/rovo_bringup)
[0.473s] Level 1:colcon.colcon_core.environment:create_environment_scripts_only(rovo_ur_description)
[0.473s] Level 1:colcon.colcon_core.environment:checking '/home/kevin/Desktop/rovo_ur_ws/install/rovo_ur_description' for CMake module files
[0.475s] DEBUG:colcon.colcon_core.event_handler.log_command:Invoked command in '/home/kevin/Desktop/rovo_ur_ws/build/rovo_ur_description' returned '0': CMAKE_PREFIX_PATH=${CMAKE_PREFIX_PATH}:/opt/ros/jazzy DEBUGINFOD_URLS=https://debuginfod.ubuntu.com /usr/bin/cmake --install /home/kevin/Desktop/rovo_ur_ws/build/rovo_ur_description
[0.475s] Level 1:colcon.colcon_core.environment:checking '/home/kevin/Desktop/rovo_ur_ws/install/rovo_ur_description' for CMake config files
[0.476s] Level 1:colcon.colcon_core.shell:create_environment_hook('rovo_ur_description', 'cmake_prefix_path')
[0.477s] INFO:colcon.colcon_core.shell:Creating environment hook '/home/kevin/Desktop/rovo_ur_ws/install/rovo_ur_description/share/rovo_ur_description/hook/cmake_prefix_path.ps1'
[0.477s] INFO:colcon.colcon_core.shell:Creating environment descriptor '/home/kevin/Desktop/rovo_ur_ws/install/rovo_ur_description/share/rovo_ur_description/hook/cmake_prefix_path.dsv'
[0.478s] INFO:colcon.colcon_core.shell:Creating environment hook '/home/kevin/Desktop/rovo_ur_ws/install/rovo_ur_description/share/rovo_ur_description/hook/cmake_prefix_path.sh'
[0.479s] Level 1:colcon.colcon_core.environment:checking '/home/kevin/Desktop/rovo_ur_ws/install/rovo_ur_description/bin'
[0.479s] Level 1:colcon.colcon_core.environment:checking '/home/kevin/Desktop/rovo_ur_ws/install/rovo_ur_description/lib/pkgconfig/rovo_ur_description.pc'
[0.480s] Level 1:colcon.colcon_core.environment:checking '/home/kevin/Desktop/rovo_ur_ws/install/rovo_ur_description/lib/python3.12/site-packages'
[0.480s] Level 1:colcon.colcon_core.environment:checking '/home/kevin/Desktop/rovo_ur_ws/install/rovo_ur_description/bin'
[0.481s] INFO:colcon.colcon_core.shell:Creating package script '/home/kevin/Desktop/rovo_ur_ws/install/rovo_ur_description/share/rovo_ur_description/package.ps1'
[0.482s] INFO:colcon.colcon_core.shell:Creating package descriptor '/home/kevin/Desktop/rovo_ur_ws/install/rovo_ur_description/share/rovo_ur_description/package.dsv'
[0.482s] INFO:colcon.colcon_core.shell:Creating package script '/home/kevin/Desktop/rovo_ur_ws/install/rovo_ur_description/share/rovo_ur_description/package.sh'
[0.483s] INFO:colcon.colcon_core.shell:Creating package script '/home/kevin/Desktop/rovo_ur_ws/install/rovo_ur_description/share/rovo_ur_description/package.bash'
[0.484s] INFO:colcon.colcon_core.shell:Creating package script '/home/kevin/Desktop/rovo_ur_ws/install/rovo_ur_description/share/rovo_ur_description/package.zsh'
[0.485s] Level 1:colcon.colcon_core.environment:create_file_with_runtime_dependencies(/home/kevin/Desktop/rovo_ur_ws/install/rovo_ur_description/share/colcon-core/packages/rovo_ur_description)
[0.486s] Level 1:colcon.colcon_core.environment:create_environment_scripts_only(rovo_ur_description)
[0.486s] Level 1:colcon.colcon_core.environment:checking '/home/kevin/Desktop/rovo_ur_ws/install/rovo_ur_description' for CMake module files
[0.487s] Level 1:colcon.colcon_core.environment:checking '/home/kevin/Desktop/rovo_ur_ws/install/rovo_ur_description' for CMake config files
[0.488s] Level 1:colcon.colcon_core.shell:create_environment_hook('rovo_ur_description', 'cmake_prefix_path')
[0.488s] INFO:colcon.colcon_core.shell:Creating environment hook '/home/kevin/Desktop/rovo_ur_ws/install/rovo_ur_description/share/rovo_ur_description/hook/cmake_prefix_path.ps1'
[0.489s] INFO:colcon.colcon_core.shell:Creating environment descriptor '/home/kevin/Desktop/rovo_ur_ws/install/rovo_ur_description/share/rovo_ur_description/hook/cmake_prefix_path.dsv'
[0.489s] INFO:colcon.colcon_core.shell:Creating environment hook '/home/kevin/Desktop/rovo_ur_ws/install/rovo_ur_description/share/rovo_ur_description/hook/cmake_prefix_path.sh'
[0.490s] Level 1:colcon.colcon_core.environment:checking '/home/kevin/Desktop/rovo_ur_ws/install/rovo_ur_description/bin'
[0.491s] Level 1:colcon.colcon_core.environment:checking '/home/kevin/Desktop/rovo_ur_ws/install/rovo_ur_description/lib/pkgconfig/rovo_ur_description.pc'
[0.491s] Level 1:colcon.colcon_core.environment:checking '/home/kevin/Desktop/rovo_ur_ws/install/rovo_ur_description/lib/python3.12/site-packages'
[0.492s] Level 1:colcon.colcon_core.environment:checking '/home/kevin/Desktop/rovo_ur_ws/install/rovo_ur_description/bin'
[0.492s] INFO:colcon.colcon_core.shell:Creating package script '/home/kevin/Desktop/rovo_ur_ws/install/rovo_ur_description/share/rovo_ur_description/package.ps1'
[0.493s] INFO:colcon.colcon_core.shell:Creating package descriptor '/home/kevin/Desktop/rovo_ur_ws/install/rovo_ur_description/share/rovo_ur_description/package.dsv'
[0.494s] INFO:colcon.colcon_core.shell:Creating package script '/home/kevin/Desktop/rovo_ur_ws/install/rovo_ur_description/share/rovo_ur_description/package.sh'
[0.495s] INFO:colcon.colcon_core.shell:Creating package script '/home/kevin/Desktop/rovo_ur_ws/install/rovo_ur_description/share/rovo_ur_description/package.bash'
[0.496s] INFO:colcon.colcon_core.shell:Creating package script '/home/kevin/Desktop/rovo_ur_ws/install/rovo_ur_description/share/rovo_ur_description/package.zsh'
[0.497s] Level 1:colcon.colcon_core.environment:create_file_with_runtime_dependencies(/home/kevin/Desktop/rovo_ur_ws/install/rovo_ur_description/share/colcon-core/packages/rovo_ur_description)
[7.312s] DEBUG:colcon.colcon_core.event_handler.log_command:Invoked command in '/home/kevin/Desktop/rovo_ur_ws/build/rovo_can_driver' returned '0': CMAKE_PREFIX_PATH=${CMAKE_PREFIX_PATH}:/opt/ros/jazzy DEBUGINFOD_URLS=https://debuginfod.ubuntu.com /usr/bin/cmake --build /home/kevin/Desktop/rovo_ur_ws/build/rovo_can_driver -- -j44 -l44
[7.315s] DEBUG:colcon.colcon_core.event_handler.log_command:Invoking command in '/home/kevin/Desktop/rovo_ur_ws/build/rovo_can_driver': CMAKE_PREFIX_PATH=${CMAKE_PREFIX_PATH}:/opt/ros/jazzy DEBUGINFOD_URLS=https://debuginfod.ubuntu.com /usr/bin/cmake --install /home/kevin/Desktop/rovo_ur_ws/build/rovo_can_driver
[7.351s] Level 1:colcon.colcon_core.environment:create_environment_scripts_only(rovo_can_driver)
[7.352s] Level 1:colcon.colcon_core.environment:checking '/home/kevin/Desktop/rovo_ur_ws/install/rovo_can_driver' for CMake module files
[7.353s] DEBUG:colcon.colcon_core.event_handler.log_command:Invoked command in '/home/kevin/Desktop/rovo_ur_ws/build/rovo_can_driver' returned '0': CMAKE_PREFIX_PATH=${CMAKE_PREFIX_PATH}:/opt/ros/jazzy DEBUGINFOD_URLS=https://debuginfod.ubuntu.com /usr/bin/cmake --install /home/kevin/Desktop/rovo_ur_ws/build/rovo_can_driver
[7.354s] Level 1:colcon.colcon_core.environment:checking '/home/kevin/Desktop/rovo_ur_ws/install/rovo_can_driver' for CMake config files
[7.355s] Level 1:colcon.colcon_core.shell:create_environment_hook('rovo_can_driver', 'cmake_prefix_path')
[7.356s] INFO:colcon.colcon_core.shell:Creating environment hook '/home/kevin/Desktop/rovo_ur_ws/install/rovo_can_driver/share/rovo_can_driver/hook/cmake_prefix_path.ps1'
[7.357s] INFO:colcon.colcon_core.shell:Creating environment descriptor '/home/kevin/Desktop/rovo_ur_ws/install/rovo_can_driver/share/rovo_can_driver/hook/cmake_prefix_path.dsv'
[7.358s] INFO:colcon.colcon_core.shell:Creating environment hook '/home/kevin/Desktop/rovo_ur_ws/install/rovo_can_driver/share/rovo_can_driver/hook/cmake_prefix_path.sh'
[7.359s] Level 1:colcon.colcon_core.environment:checking '/home/kevin/Desktop/rovo_ur_ws/install/rovo_can_driver/lib'
[7.360s] Level 1:colcon.colcon_core.shell:create_environment_hook('rovo_can_driver', 'ld_library_path_lib')
[7.360s] INFO:colcon.colcon_core.shell:Creating environment hook '/home/kevin/Desktop/rovo_ur_ws/install/rovo_can_driver/share/rovo_can_driver/hook/ld_library_path_lib.ps1'
[7.361s] INFO:colcon.colcon_core.shell:Creating environment descriptor '/home/kevin/Desktop/rovo_ur_ws/install/rovo_can_driver/share/rovo_can_driver/hook/ld_library_path_lib.dsv'
[7.362s] INFO:colcon.colcon_core.shell:Creating environment hook '/home/kevin/Desktop/rovo_ur_ws/install/rovo_can_driver/share/rovo_can_driver/hook/ld_library_path_lib.sh'
[7.363s] Level 1:colcon.colcon_core.environment:checking '/home/kevin/Desktop/rovo_ur_ws/install/rovo_can_driver/bin'
[7.363s] Level 1:colcon.colcon_core.environment:checking '/home/kevin/Desktop/rovo_ur_ws/install/rovo_can_driver/lib/pkgconfig/rovo_can_driver.pc'
[7.364s] Level 1:colcon.colcon_core.environment:checking '/home/kevin/Desktop/rovo_ur_ws/install/rovo_can_driver/lib/python3.12/site-packages'
[7.365s] Level 1:colcon.colcon_core.environment:checking '/home/kevin/Desktop/rovo_ur_ws/install/rovo_can_driver/bin'
[7.366s] INFO:colcon.colcon_core.shell:Creating package script '/home/kevin/Desktop/rovo_ur_ws/install/rovo_can_driver/share/rovo_can_driver/package.ps1'
[7.367s] INFO:colcon.colcon_core.shell:Creating package descriptor '/home/kevin/Desktop/rovo_ur_ws/install/rovo_can_driver/share/rovo_can_driver/package.dsv'
[7.368s] INFO:colcon.colcon_core.shell:Creating package script '/home/kevin/Desktop/rovo_ur_ws/install/rovo_can_driver/share/rovo_can_driver/package.sh'
[7.369s] INFO:colcon.colcon_core.shell:Creating package script '/home/kevin/Desktop/rovo_ur_ws/install/rovo_can_driver/share/rovo_can_driver/package.bash'
[7.370s] INFO:colcon.colcon_core.shell:Creating package script '/home/kevin/Desktop/rovo_ur_ws/install/rovo_can_driver/share/rovo_can_driver/package.zsh'
[7.371s] Level 1:colcon.colcon_core.environment:create_file_with_runtime_dependencies(/home/kevin/Desktop/rovo_ur_ws/install/rovo_can_driver/share/colcon-core/packages/rovo_can_driver)
[7.373s] Level 1:colcon.colcon_core.environment:create_environment_scripts_only(rovo_can_driver)
[7.373s] Level 1:colcon.colcon_core.environment:checking '/home/kevin/Desktop/rovo_ur_ws/install/rovo_can_driver' for CMake module files
[7.375s] Level 1:colcon.colcon_core.environment:checking '/home/kevin/Desktop/rovo_ur_ws/install/rovo_can_driver' for CMake config files
[7.376s] Level 1:colcon.colcon_core.shell:create_environment_hook('rovo_can_driver', 'cmake_prefix_path')
[7.377s] INFO:colcon.colcon_core.shell:Creating environment hook '/home/kevin/Desktop/rovo_ur_ws/install/rovo_can_driver/share/rovo_can_driver/hook/cmake_prefix_path.ps1'
[7.378s] INFO:colcon.colcon_core.shell:Creating environment descriptor '/home/kevin/Desktop/rovo_ur_ws/install/rovo_can_driver/share/rovo_can_driver/hook/cmake_prefix_path.dsv'
[7.379s] INFO:colcon.colcon_core.shell:Creating environment hook '/home/kevin/Desktop/rovo_ur_ws/install/rovo_can_driver/share/rovo_can_driver/hook/cmake_prefix_path.sh'
[7.380s] Level 1:colcon.colcon_core.environment:checking '/home/kevin/Desktop/rovo_ur_ws/install/rovo_can_driver/lib'
[7.380s] Level 1:colcon.colcon_core.shell:create_environment_hook('rovo_can_driver', 'ld_library_path_lib')
[7.381s] INFO:colcon.colcon_core.shell:Creating environment hook '/home/kevin/Desktop/rovo_ur_ws/install/rovo_can_driver/share/rovo_can_driver/hook/ld_library_path_lib.ps1'
[7.382s] INFO:colcon.colcon_core.shell:Creating environment descriptor '/home/kevin/Desktop/rovo_ur_ws/install/rovo_can_driver/share/rovo_can_driver/hook/ld_library_path_lib.dsv'
[7.383s] INFO:colcon.colcon_core.shell:Creating environment hook '/home/kevin/Desktop/rovo_ur_ws/install/rovo_can_driver/share/rovo_can_driver/hook/ld_library_path_lib.sh'
[7.384s] Level 1:colcon.colcon_core.environment:checking '/home/kevin/Desktop/rovo_ur_ws/install/rovo_can_driver/bin'
[7.384s] Level 1:colcon.colcon_core.environment:checking '/home/kevin/Desktop/rovo_ur_ws/install/rovo_can_driver/lib/pkgconfig/rovo_can_driver.pc'
[7.385s] Level 1:colcon.colcon_core.environment:checking '/home/kevin/Desktop/rovo_ur_ws/install/rovo_can_driver/lib/python3.12/site-packages'
[7.386s] Level 1:colcon.colcon_core.environment:checking '/home/kevin/Desktop/rovo_ur_ws/install/rovo_can_driver/bin'
[7.386s] INFO:colcon.colcon_core.shell:Creating package script '/home/kevin/Desktop/rovo_ur_ws/install/rovo_can_driver/share/rovo_can_driver/package.ps1'
[7.388s] INFO:colcon.colcon_core.shell:Creating package descriptor '/home/kevin/Desktop/rovo_ur_ws/install/rovo_can_driver/share/rovo_can_driver/package.dsv'
[7.389s] INFO:colcon.colcon_core.shell:Creating package script '/home/kevin/Desktop/rovo_ur_ws/install/rovo_can_driver/share/rovo_can_driver/package.sh'
[7.390s] INFO:colcon.colcon_core.shell:Creating package script '/home/kevin/Desktop/rovo_ur_ws/install/rovo_can_driver/share/rovo_can_driver/package.bash'
[7.391s] INFO:colcon.colcon_core.shell:Creating package script '/home/kevin/Desktop/rovo_ur_ws/install/rovo_can_driver/share/rovo_can_driver/package.zsh'
[7.392s] Level 1:colcon.colcon_core.environment:create_file_with_runtime_dependencies(/home/kevin/Desktop/rovo_ur_ws/install/rovo_can_driver/share/colcon-core/packages/rovo_can_driver)
[7.393s] DEBUG:colcon.colcon_parallel_executor.executor.parallel:closing loop
[7.394s] DEBUG:colcon.colcon_parallel_executor.executor.parallel:loop closed
[7.394s] DEBUG:colcon.colcon_parallel_executor.executor.parallel:run_until_complete finished with '0'
[7.394s] DEBUG:colcon.colcon_core.event_reactor:joining thread
[7.408s] INFO:colcon.colcon_core.plugin_system:Skipping extension 'colcon_notification.desktop_notification.terminal_notifier': Not used on non-Darwin systems
[7.409s] INFO:colcon.colcon_core.plugin_system:Skipping extension 'colcon_notification.desktop_notification.win32': Not used on non-Windows systems
[7.409s] INFO:colcon.colcon_notification.desktop_notification:Sending desktop notification using 'notify2'
[7.430s] DEBUG:colcon.colcon_core.event_reactor:joined thread
[7.431s] INFO:colcon.colcon_core.shell:Creating prefix script '/home/kevin/Desktop/rovo_ur_ws/install/local_setup.ps1'
[7.433s] INFO:colcon.colcon_core.shell:Creating prefix util module '/home/kevin/Desktop/rovo_ur_ws/install/_local_setup_util_ps1.py'
[7.436s] INFO:colcon.colcon_core.shell:Creating prefix chain script '/home/kevin/Desktop/rovo_ur_ws/install/setup.ps1'
[7.439s] INFO:colcon.colcon_core.shell:Creating prefix script '/home/kevin/Desktop/rovo_ur_ws/install/local_setup.sh'
[7.440s] INFO:colcon.colcon_core.shell:Creating prefix util module '/home/kevin/Desktop/rovo_ur_ws/install/_local_setup_util_sh.py'
[7.442s] INFO:colcon.colcon_core.shell:Creating prefix chain script '/home/kevin/Desktop/rovo_ur_ws/install/setup.sh'
[7.445s] INFO:colcon.colcon_core.shell:Creating prefix script '/home/kevin/Desktop/rovo_ur_ws/install/local_setup.bash'
[7.446s] INFO:colcon.colcon_core.shell:Creating prefix chain script '/home/kevin/Desktop/rovo_ur_ws/install/setup.bash'
[7.449s] INFO:colcon.colcon_core.shell:Creating prefix script '/home/kevin/Desktop/rovo_ur_ws/install/local_setup.zsh'
[7.450s] INFO:colcon.colcon_core.shell:Creating prefix chain script '/home/kevin/Desktop/rovo_ur_ws/install/setup.zsh'
