[0.025s] Invoking command in '/home/kevin/Desktop/rovo_ur_ws/build/rovo_can_driver': CMAKE_PREFIX_PATH=${CMAKE_PREFIX_PATH}:/opt/ros/jazzy DEBUGINFOD_URLS=https://debuginfod.ubuntu.com /usr/bin/cmake --build /home/kevin/Desktop/rovo_ur_ws/build/rovo_can_driver -- -j44 -l44
[0.147s] [100%] Built target rovo_can_driver
[0.200s] Invoked command in '/home/kevin/Desktop/rovo_ur_ws/build/rovo_can_driver' returned '0': CMAKE_PREFIX_PATH=${CMAKE_PREFIX_PATH}:/opt/ros/jazzy DEBUGINFOD_URLS=https://debuginfod.ubuntu.com /usr/bin/cmake --build /home/kevin/Desktop/rovo_ur_ws/build/rovo_can_driver -- -j44 -l44
[0.201s] Invoking command in '/home/kevin/Desktop/rovo_ur_ws/build/rovo_can_driver': CMAKE_PREFIX_PATH=${CMAKE_PREFIX_PATH}:/opt/ros/jazzy DEBUGINFOD_URLS=https://debuginfod.ubuntu.com /usr/bin/cmake --install /home/kevin/Desktop/rovo_ur_ws/build/rovo_can_driver
[0.211s] -- Install configuration: ""
[0.212s] -- Up-to-date: /home/kevin/Desktop/rovo_ur_ws/install/rovo_can_driver/share/rovo_can_driver/plugin_description.xml
[0.212s] -- Up-to-date: /home/kevin/Desktop/rovo_ur_ws/install/rovo_can_driver/lib/librovo_can_driver.so
[0.213s] -- Up-to-date: /home/kevin/Desktop/rovo_ur_ws/install/rovo_can_driver/include
[0.213s] -- Up-to-date: /home/kevin/Desktop/rovo_ur_ws/install/rovo_can_driver/include/rovo_can_driver
[0.213s] -- Up-to-date: /home/kevin/Desktop/rovo_ur_ws/install/rovo_can_driver/include/rovo_can_driver/rovo_can_system.hpp
[0.213s] -- Up-to-date: /home/kevin/Desktop/rovo_ur_ws/install/rovo_can_driver/share/rovo_can_driver/plugin_description.xml
[0.214s] -- Up-to-date: /home/kevin/Desktop/rovo_ur_ws/install/rovo_can_driver/share/rovo_can_driver/environment/library_path.sh
[0.214s] -- Up-to-date: /home/kevin/Desktop/rovo_ur_ws/install/rovo_can_driver/share/rovo_can_driver/environment/library_path.dsv
[0.214s] -- Up-to-date: /home/kevin/Desktop/rovo_ur_ws/install/rovo_can_driver/share/ament_index/resource_index/package_run_dependencies/rovo_can_driver
[0.215s] -- Up-to-date: /home/kevin/Desktop/rovo_ur_ws/install/rovo_can_driver/share/ament_index/resource_index/parent_prefix_path/rovo_can_driver
[0.216s] -- Up-to-date: /home/kevin/Desktop/rovo_ur_ws/install/rovo_can_driver/share/rovo_can_driver/environment/ament_prefix_path.sh
[0.216s] -- Up-to-date: /home/kevin/Desktop/rovo_ur_ws/install/rovo_can_driver/share/rovo_can_driver/environment/ament_prefix_path.dsv
[0.217s] -- Up-to-date: /home/kevin/Desktop/rovo_ur_ws/install/rovo_can_driver/share/rovo_can_driver/environment/path.sh
[0.217s] -- Up-to-date: /home/kevin/Desktop/rovo_ur_ws/install/rovo_can_driver/share/rovo_can_driver/environment/path.dsv
[0.218s] -- Up-to-date: /home/kevin/Desktop/rovo_ur_ws/install/rovo_can_driver/share/rovo_can_driver/local_setup.bash
[0.218s] -- Up-to-date: /home/kevin/Desktop/rovo_ur_ws/install/rovo_can_driver/share/rovo_can_driver/local_setup.sh
[0.218s] -- Up-to-date: /home/kevin/Desktop/rovo_ur_ws/install/rovo_can_driver/share/rovo_can_driver/local_setup.zsh
[0.219s] -- Up-to-date: /home/kevin/Desktop/rovo_ur_ws/install/rovo_can_driver/share/rovo_can_driver/local_setup.dsv
[0.219s] -- Installing: /home/kevin/Desktop/rovo_ur_ws/install/rovo_can_driver/share/rovo_can_driver/package.dsv
[0.219s] -- Up-to-date: /home/kevin/Desktop/rovo_ur_ws/install/rovo_can_driver/share/ament_index/resource_index/packages/rovo_can_driver
[0.219s] -- Up-to-date: /home/kevin/Desktop/rovo_ur_ws/install/rovo_can_driver/share/ament_index/resource_index/hardware_interface__pluginlib__plugin/rovo_can_driver
[0.220s] -- Up-to-date: /home/kevin/Desktop/rovo_ur_ws/install/rovo_can_driver/share/rovo_can_driver/cmake/export_rovo_can_driverExport.cmake
[0.220s] -- Up-to-date: /home/kevin/Desktop/rovo_ur_ws/install/rovo_can_driver/share/rovo_can_driver/cmake/export_rovo_can_driverExport-noconfig.cmake
[0.220s] -- Up-to-date: /home/kevin/Desktop/rovo_ur_ws/install/rovo_can_driver/share/rovo_can_driver/cmake/ament_cmake_export_targets-extras.cmake
[0.221s] -- Up-to-date: /home/kevin/Desktop/rovo_ur_ws/install/rovo_can_driver/share/rovo_can_driver/cmake/ament_cmake_export_dependencies-extras.cmake
[0.221s] -- Up-to-date: /home/kevin/Desktop/rovo_ur_ws/install/rovo_can_driver/share/rovo_can_driver/cmake/ament_cmake_export_libraries-extras.cmake
[0.222s] -- Up-to-date: /home/kevin/Desktop/rovo_ur_ws/install/rovo_can_driver/share/rovo_can_driver/cmake/rovo_can_driverConfig.cmake
[0.223s] -- Up-to-date: /home/kevin/Desktop/rovo_ur_ws/install/rovo_can_driver/share/rovo_can_driver/cmake/rovo_can_driverConfig-version.cmake
[0.223s] -- Up-to-date: /home/kevin/Desktop/rovo_ur_ws/install/rovo_can_driver/share/rovo_can_driver/package.xml
[0.224s] Invoked command in '/home/kevin/Desktop/rovo_ur_ws/build/rovo_can_driver' returned '0': CMAKE_PREFIX_PATH=${CMAKE_PREFIX_PATH}:/opt/ros/jazzy DEBUGINFOD_URLS=https://debuginfod.ubuntu.com /usr/bin/cmake --install /home/kevin/Desktop/rovo_ur_ws/build/rovo_can_driver
