[0.143s] DEBUG:colcon:Command line arguments: ['/usr/bin/colcon', 'build']
[0.143s] DEBUG:colcon:Parsed command line arguments: Namespace(log_base=None, log_level=None, verb_name='build', build_base='build', install_base='install', merge_install=False, symlink_install=False, test_result_base=None, continue_on_error=False, executor='parallel', parallel_workers=44, event_handlers=None, ignore_user_meta=False, metas=['./colcon.meta'], base_paths=['.'], packages_ignore=None, packages_ignore_regex=None, paths=None, packages_up_to=None, packages_up_to_regex=None, packages_above=None, packages_above_and_dependencies=None, packages_above_depth=None, packages_select_by_dep=None, packages_skip_by_dep=None, packages_skip_up_to=None, packages_select_build_failed=False, packages_skip_build_finished=False, packages_select_test_failures=False, packages_skip_test_passed=False, packages_select=None, packages_skip=None, packages_select_regex=None, packages_skip_regex=None, packages_start=None, packages_end=None, allow_overriding=[], cmake_args=None, cmake_target=None, cmake_target_skip_unavailable=False, cmake_clean_cache=False, cmake_clean_first=False, cmake_force_configure=False, ament_cmake_args=None, catkin_cmake_args=None, catkin_skip_building_tests=False, mixin_files=None, mixin=None, verb_parser=<colcon_mixin.mixin.mixin_argument.MixinArgumentDecorator object at 0x7d0cda49a060>, verb_extension=<colcon_core.verb.build.BuildVerb object at 0x7d0cdafad940>, main=<bound method BuildVerb.main of <colcon_core.verb.build.BuildVerb object at 0x7d0cdafad940>>, mixin_verb=('build',))
[0.193s] Level 1:colcon.colcon_core.package_discovery:discover_packages(colcon_meta) check parameters
[0.193s] Level 1:colcon.colcon_core.package_discovery:discover_packages(recursive) check parameters
[0.194s] Level 1:colcon.colcon_core.package_discovery:discover_packages(ignore) check parameters
[0.194s] Level 1:colcon.colcon_core.package_discovery:discover_packages(path) check parameters
[0.194s] Level 1:colcon.colcon_core.package_discovery:discover_packages(colcon_meta) discover
[0.194s] Level 1:colcon.colcon_core.package_discovery:discover_packages(recursive) discover
[0.194s] INFO:colcon.colcon_core.package_discovery:Crawling recursively for packages in '/home/kevin/Desktop/rovo_ur_ws'
[0.194s] Level 1:colcon.colcon_core.package_identification:_identify(.) by extensions ['ignore', 'ignore_ament_install']
[0.194s] Level 1:colcon.colcon_core.package_identification:_identify(.) by extension 'ignore'
[0.194s] Level 1:colcon.colcon_core.package_identification:_identify(.) by extension 'ignore_ament_install'
[0.194s] Level 1:colcon.colcon_core.package_identification:_identify(.) by extensions ['colcon_pkg']
[0.194s] Level 1:colcon.colcon_core.package_identification:_identify(.) by extension 'colcon_pkg'
[0.194s] Level 1:colcon.colcon_core.package_identification:_identify(.) by extensions ['colcon_meta']
[0.194s] Level 1:colcon.colcon_core.package_identification:_identify(.) by extension 'colcon_meta'
[0.195s] Level 1:colcon.colcon_core.package_identification:_identify(.) by extensions ['ros']
[0.195s] Level 1:colcon.colcon_core.package_identification:_identify(.) by extension 'ros'
[0.225s] Level 1:colcon.colcon_core.package_identification:_identify(.) by extensions ['cmake', 'python']
[0.225s] Level 1:colcon.colcon_core.package_identification:_identify(.) by extension 'cmake'
[0.225s] Level 1:colcon.colcon_core.package_identification:_identify(.) by extension 'python'
[0.225s] Level 1:colcon.colcon_core.package_identification:_identify(.) by extensions ['python_setup_py']
[0.225s] Level 1:colcon.colcon_core.package_identification:_identify(.) by extension 'python_setup_py'
[0.225s] Level 1:colcon.colcon_core.package_identification:_identify(build) by extensions ['ignore', 'ignore_ament_install']
[0.226s] Level 1:colcon.colcon_core.package_identification:_identify(build) by extension 'ignore'
[0.226s] Level 1:colcon.colcon_core.package_identification:_identify(build) ignored
[0.226s] Level 1:colcon.colcon_core.package_identification:_identify(install) by extensions ['ignore', 'ignore_ament_install']
[0.226s] Level 1:colcon.colcon_core.package_identification:_identify(install) by extension 'ignore'
[0.226s] Level 1:colcon.colcon_core.package_identification:_identify(install) ignored
[0.226s] Level 1:colcon.colcon_core.package_identification:_identify(log) by extensions ['ignore', 'ignore_ament_install']
[0.226s] Level 1:colcon.colcon_core.package_identification:_identify(log) by extension 'ignore'
[0.227s] Level 1:colcon.colcon_core.package_identification:_identify(log) ignored
[0.227s] Level 1:colcon.colcon_core.package_identification:_identify(src) by extensions ['ignore', 'ignore_ament_install']
[0.227s] Level 1:colcon.colcon_core.package_identification:_identify(src) by extension 'ignore'
[0.227s] Level 1:colcon.colcon_core.package_identification:_identify(src) by extension 'ignore_ament_install'
[0.227s] Level 1:colcon.colcon_core.package_identification:_identify(src) by extensions ['colcon_pkg']
[0.227s] Level 1:colcon.colcon_core.package_identification:_identify(src) by extension 'colcon_pkg'
[0.227s] Level 1:colcon.colcon_core.package_identification:_identify(src) by extensions ['colcon_meta']
[0.227s] Level 1:colcon.colcon_core.package_identification:_identify(src) by extension 'colcon_meta'
[0.227s] Level 1:colcon.colcon_core.package_identification:_identify(src) by extensions ['ros']
[0.227s] Level 1:colcon.colcon_core.package_identification:_identify(src) by extension 'ros'
[0.227s] Level 1:colcon.colcon_core.package_identification:_identify(src) by extensions ['cmake', 'python']
[0.228s] Level 1:colcon.colcon_core.package_identification:_identify(src) by extension 'cmake'
[0.228s] Level 1:colcon.colcon_core.package_identification:_identify(src) by extension 'python'
[0.228s] Level 1:colcon.colcon_core.package_identification:_identify(src) by extensions ['python_setup_py']
[0.228s] Level 1:colcon.colcon_core.package_identification:_identify(src) by extension 'python_setup_py'
[0.228s] Level 1:colcon.colcon_core.package_identification:_identify(src/rovo_bringup) by extensions ['ignore', 'ignore_ament_install']
[0.228s] Level 1:colcon.colcon_core.package_identification:_identify(src/rovo_bringup) by extension 'ignore'
[0.228s] Level 1:colcon.colcon_core.package_identification:_identify(src/rovo_bringup) by extension 'ignore_ament_install'
[0.228s] Level 1:colcon.colcon_core.package_identification:_identify(src/rovo_bringup) by extensions ['colcon_pkg']
[0.228s] Level 1:colcon.colcon_core.package_identification:_identify(src/rovo_bringup) by extension 'colcon_pkg'
[0.228s] Level 1:colcon.colcon_core.package_identification:_identify(src/rovo_bringup) by extensions ['colcon_meta']
[0.228s] Level 1:colcon.colcon_core.package_identification:_identify(src/rovo_bringup) by extension 'colcon_meta'
[0.229s] Level 1:colcon.colcon_core.package_identification:_identify(src/rovo_bringup) by extensions ['ros']
[0.229s] Level 1:colcon.colcon_core.package_identification:_identify(src/rovo_bringup) by extension 'ros'
[0.231s] DEBUG:colcon.colcon_core.package_identification:Package 'src/rovo_bringup' with type 'ros.ament_cmake' and name 'rovo_bringup'
[0.232s] Level 1:colcon.colcon_core.package_identification:_identify(src/rovo_can_driver) by extensions ['ignore', 'ignore_ament_install']
[0.232s] Level 1:colcon.colcon_core.package_identification:_identify(src/rovo_can_driver) by extension 'ignore'
[0.232s] Level 1:colcon.colcon_core.package_identification:_identify(src/rovo_can_driver) by extension 'ignore_ament_install'
[0.232s] Level 1:colcon.colcon_core.package_identification:_identify(src/rovo_can_driver) by extensions ['colcon_pkg']
[0.232s] Level 1:colcon.colcon_core.package_identification:_identify(src/rovo_can_driver) by extension 'colcon_pkg'
[0.232s] Level 1:colcon.colcon_core.package_identification:_identify(src/rovo_can_driver) by extensions ['colcon_meta']
[0.232s] Level 1:colcon.colcon_core.package_identification:_identify(src/rovo_can_driver) by extension 'colcon_meta'
[0.232s] Level 1:colcon.colcon_core.package_identification:_identify(src/rovo_can_driver) by extensions ['ros']
[0.232s] Level 1:colcon.colcon_core.package_identification:_identify(src/rovo_can_driver) by extension 'ros'
[0.233s] DEBUG:colcon.colcon_core.package_identification:Package 'src/rovo_can_driver' with type 'ros.ament_cmake' and name 'rovo_can_driver'
[0.233s] Level 1:colcon.colcon_core.package_identification:_identify(src/rovo_ur_description) by extensions ['ignore', 'ignore_ament_install']
[0.233s] Level 1:colcon.colcon_core.package_identification:_identify(src/rovo_ur_description) by extension 'ignore'
[0.233s] Level 1:colcon.colcon_core.package_identification:_identify(src/rovo_ur_description) by extension 'ignore_ament_install'
[0.234s] Level 1:colcon.colcon_core.package_identification:_identify(src/rovo_ur_description) by extensions ['colcon_pkg']
[0.234s] Level 1:colcon.colcon_core.package_identification:_identify(src/rovo_ur_description) by extension 'colcon_pkg'
[0.234s] Level 1:colcon.colcon_core.package_identification:_identify(src/rovo_ur_description) by extensions ['colcon_meta']
[0.234s] Level 1:colcon.colcon_core.package_identification:_identify(src/rovo_ur_description) by extension 'colcon_meta'
[0.234s] Level 1:colcon.colcon_core.package_identification:_identify(src/rovo_ur_description) by extensions ['ros']
[0.234s] Level 1:colcon.colcon_core.package_identification:_identify(src/rovo_ur_description) by extension 'ros'
[0.234s] DEBUG:colcon.colcon_core.package_identification:Package 'src/rovo_ur_description' with type 'ros.ament_cmake' and name 'rovo_ur_description'
[0.235s] Level 1:colcon.colcon_core.package_discovery:discover_packages(recursive) using defaults
[0.235s] Level 1:colcon.colcon_core.package_discovery:discover_packages(ignore) discover
[0.235s] Level 1:colcon.colcon_core.package_discovery:discover_packages(ignore) using defaults
[0.235s] Level 1:colcon.colcon_core.package_discovery:discover_packages(path) discover
[0.235s] Level 1:colcon.colcon_core.package_discovery:discover_packages(path) using defaults
[0.255s] Level 1:colcon.colcon_core.package_discovery:discover_packages(prefix_path) check parameters
[0.255s] Level 1:colcon.colcon_core.package_discovery:discover_packages(prefix_path) discover
[0.257s] WARNING:colcon.colcon_ros.prefix_path.ament:The path '/home/kevin/Desktop/rovo_ur_ws/install/rovo_can_bridge' in the environment variable AMENT_PREFIX_PATH doesn't exist
[0.258s] DEBUG:colcon.colcon_installed_package_information.package_discovery:Found 3 installed packages in /home/kevin/Desktop/rovo_ur_ws/install
[0.261s] DEBUG:colcon.colcon_installed_package_information.package_discovery:Found 369 installed packages in /opt/ros/jazzy
[0.263s] Level 1:colcon.colcon_core.package_discovery:discover_packages(prefix_path) using defaults
[0.333s] Level 5:colcon.colcon_core.verb:set package 'rovo_bringup' build argument 'cmake_args' from command line to 'None'
[0.333s] Level 5:colcon.colcon_core.verb:set package 'rovo_bringup' build argument 'cmake_target' from command line to 'None'
[0.333s] Level 5:colcon.colcon_core.verb:set package 'rovo_bringup' build argument 'cmake_target_skip_unavailable' from command line to 'False'
[0.333s] Level 5:colcon.colcon_core.verb:set package 'rovo_bringup' build argument 'cmake_clean_cache' from command line to 'False'
[0.333s] Level 5:colcon.colcon_core.verb:set package 'rovo_bringup' build argument 'cmake_clean_first' from command line to 'False'
[0.333s] Level 5:colcon.colcon_core.verb:set package 'rovo_bringup' build argument 'cmake_force_configure' from command line to 'False'
[0.333s] Level 5:colcon.colcon_core.verb:set package 'rovo_bringup' build argument 'ament_cmake_args' from command line to 'None'
[0.333s] Level 5:colcon.colcon_core.verb:set package 'rovo_bringup' build argument 'catkin_cmake_args' from command line to 'None'
[0.333s] Level 5:colcon.colcon_core.verb:set package 'rovo_bringup' build argument 'catkin_skip_building_tests' from command line to 'False'
[0.333s] DEBUG:colcon.colcon_core.verb:Building package 'rovo_bringup' with the following arguments: {'ament_cmake_args': None, 'build_base': '/home/kevin/Desktop/rovo_ur_ws/build/rovo_bringup', 'catkin_cmake_args': None, 'catkin_skip_building_tests': False, 'cmake_args': None, 'cmake_clean_cache': False, 'cmake_clean_first': False, 'cmake_force_configure': False, 'cmake_target': None, 'cmake_target_skip_unavailable': False, 'install_base': '/home/kevin/Desktop/rovo_ur_ws/install/rovo_bringup', 'merge_install': False, 'path': '/home/kevin/Desktop/rovo_ur_ws/src/rovo_bringup', 'symlink_install': False, 'test_result_base': None}
[0.334s] Level 5:colcon.colcon_core.verb:set package 'rovo_can_driver' build argument 'cmake_args' from command line to 'None'
[0.334s] Level 5:colcon.colcon_core.verb:set package 'rovo_can_driver' build argument 'cmake_target' from command line to 'None'
[0.334s] Level 5:colcon.colcon_core.verb:set package 'rovo_can_driver' build argument 'cmake_target_skip_unavailable' from command line to 'False'
[0.334s] Level 5:colcon.colcon_core.verb:set package 'rovo_can_driver' build argument 'cmake_clean_cache' from command line to 'False'
[0.334s] Level 5:colcon.colcon_core.verb:set package 'rovo_can_driver' build argument 'cmake_clean_first' from command line to 'False'
[0.334s] Level 5:colcon.colcon_core.verb:set package 'rovo_can_driver' build argument 'cmake_force_configure' from command line to 'False'
[0.334s] Level 5:colcon.colcon_core.verb:set package 'rovo_can_driver' build argument 'ament_cmake_args' from command line to 'None'
[0.334s] Level 5:colcon.colcon_core.verb:set package 'rovo_can_driver' build argument 'catkin_cmake_args' from command line to 'None'
[0.334s] Level 5:colcon.colcon_core.verb:set package 'rovo_can_driver' build argument 'catkin_skip_building_tests' from command line to 'False'
[0.334s] DEBUG:colcon.colcon_core.verb:Building package 'rovo_can_driver' with the following arguments: {'ament_cmake_args': None, 'build_base': '/home/kevin/Desktop/rovo_ur_ws/build/rovo_can_driver', 'catkin_cmake_args': None, 'catkin_skip_building_tests': False, 'cmake_args': None, 'cmake_clean_cache': False, 'cmake_clean_first': False, 'cmake_force_configure': False, 'cmake_target': None, 'cmake_target_skip_unavailable': False, 'install_base': '/home/kevin/Desktop/rovo_ur_ws/install/rovo_can_driver', 'merge_install': False, 'path': '/home/kevin/Desktop/rovo_ur_ws/src/rovo_can_driver', 'symlink_install': False, 'test_result_base': None}
[0.334s] Level 5:colcon.colcon_core.verb:set package 'rovo_ur_description' build argument 'cmake_args' from command line to 'None'
[0.334s] Level 5:colcon.colcon_core.verb:set package 'rovo_ur_description' build argument 'cmake_target' from command line to 'None'
[0.334s] Level 5:colcon.colcon_core.verb:set package 'rovo_ur_description' build argument 'cmake_target_skip_unavailable' from command line to 'False'
[0.335s] Level 5:colcon.colcon_core.verb:set package 'rovo_ur_description' build argument 'cmake_clean_cache' from command line to 'False'
[0.335s] Level 5:colcon.colcon_core.verb:set package 'rovo_ur_description' build argument 'cmake_clean_first' from command line to 'False'
[0.335s] Level 5:colcon.colcon_core.verb:set package 'rovo_ur_description' build argument 'cmake_force_configure' from command line to 'False'
[0.335s] Level 5:colcon.colcon_core.verb:set package 'rovo_ur_description' build argument 'ament_cmake_args' from command line to 'None'
[0.335s] Level 5:colcon.colcon_core.verb:set package 'rovo_ur_description' build argument 'catkin_cmake_args' from command line to 'None'
[0.335s] Level 5:colcon.colcon_core.verb:set package 'rovo_ur_description' build argument 'catkin_skip_building_tests' from command line to 'False'
[0.335s] DEBUG:colcon.colcon_core.verb:Building package 'rovo_ur_description' with the following arguments: {'ament_cmake_args': None, 'build_base': '/home/kevin/Desktop/rovo_ur_ws/build/rovo_ur_description', 'catkin_cmake_args': None, 'catkin_skip_building_tests': False, 'cmake_args': None, 'cmake_clean_cache': False, 'cmake_clean_first': False, 'cmake_force_configure': False, 'cmake_target': None, 'cmake_target_skip_unavailable': False, 'install_base': '/home/kevin/Desktop/rovo_ur_ws/install/rovo_ur_description', 'merge_install': False, 'path': '/home/kevin/Desktop/rovo_ur_ws/src/rovo_ur_description', 'symlink_install': False, 'test_result_base': None}
[0.335s] INFO:colcon.colcon_core.executor:Executing jobs using 'parallel' executor
[0.336s] DEBUG:colcon.colcon_parallel_executor.executor.parallel:run_until_complete
[0.337s] INFO:colcon.colcon_ros.task.ament_cmake.build:Building ROS package in '/home/kevin/Desktop/rovo_ur_ws/src/rovo_bringup' with build type 'ament_cmake'
[0.337s] INFO:colcon.colcon_cmake.task.cmake.build:Building CMake package in '/home/kevin/Desktop/rovo_ur_ws/src/rovo_bringup'
[0.340s] INFO:colcon.colcon_core.plugin_system:Skipping extension 'colcon_core.shell.bat': Not used on non-Windows systems
[0.340s] INFO:colcon.colcon_core.shell:Skip shell extension 'powershell' for command environment: Not usable outside of PowerShell
[0.340s] DEBUG:colcon.colcon_core.shell:Skip shell extension 'dsv' for command environment
[0.345s] INFO:colcon.colcon_ros.task.ament_cmake.build:Building ROS package in '/home/kevin/Desktop/rovo_ur_ws/src/rovo_can_driver' with build type 'ament_cmake'
[0.345s] INFO:colcon.colcon_cmake.task.cmake.build:Building CMake package in '/home/kevin/Desktop/rovo_ur_ws/src/rovo_can_driver'
[0.346s] INFO:colcon.colcon_core.shell:Skip shell extension 'powershell' for command environment: Not usable outside of PowerShell
[0.346s] DEBUG:colcon.colcon_core.shell:Skip shell extension 'dsv' for command environment
[0.351s] INFO:colcon.colcon_ros.task.ament_cmake.build:Building ROS package in '/home/kevin/Desktop/rovo_ur_ws/src/rovo_ur_description' with build type 'ament_cmake'
[0.351s] INFO:colcon.colcon_cmake.task.cmake.build:Building CMake package in '/home/kevin/Desktop/rovo_ur_ws/src/rovo_ur_description'
[0.351s] INFO:colcon.colcon_core.shell:Skip shell extension 'powershell' for command environment: Not usable outside of PowerShell
[0.351s] DEBUG:colcon.colcon_core.shell:Skip shell extension 'dsv' for command environment
[0.361s] DEBUG:colcon.colcon_core.event_handler.log_command:Invoking command in '/home/kevin/Desktop/rovo_ur_ws/build/rovo_bringup': CMAKE_PREFIX_PATH=${CMAKE_PREFIX_PATH}:/home/kevin/Desktop/rovo_ur_ws/install/rovo_can_bridge:/opt/ros/jazzy DEBUGINFOD_URLS=https://debuginfod.ubuntu.com /usr/bin/cmake /home/kevin/Desktop/rovo_ur_ws/src/rovo_bringup -DCMAKE_INSTALL_PREFIX=/home/kevin/Desktop/rovo_ur_ws/install/rovo_bringup
[0.365s] DEBUG:colcon.colcon_core.event_handler.log_command:Invoking command in '/home/kevin/Desktop/rovo_ur_ws/build/rovo_can_driver': CMAKE_PREFIX_PATH=${CMAKE_PREFIX_PATH}:/home/kevin/Desktop/rovo_ur_ws/install/rovo_can_bridge:/opt/ros/jazzy DEBUGINFOD_URLS=https://debuginfod.ubuntu.com /usr/bin/cmake /home/kevin/Desktop/rovo_ur_ws/src/rovo_can_driver -DCMAKE_INSTALL_PREFIX=/home/kevin/Desktop/rovo_ur_ws/install/rovo_can_driver
[0.370s] DEBUG:colcon.colcon_core.event_handler.log_command:Invoking command in '/home/kevin/Desktop/rovo_ur_ws/build/rovo_ur_description': CMAKE_PREFIX_PATH=${CMAKE_PREFIX_PATH}:/home/kevin/Desktop/rovo_ur_ws/install/rovo_can_bridge:/opt/ros/jazzy DEBUGINFOD_URLS=https://debuginfod.ubuntu.com /usr/bin/cmake /home/kevin/Desktop/rovo_ur_ws/src/rovo_ur_description -DCMAKE_INSTALL_PREFIX=/home/kevin/Desktop/rovo_ur_ws/install/rovo_ur_description
[1.683s] DEBUG:colcon.colcon_core.event_handler.log_command:Invoked command in '/home/kevin/Desktop/rovo_ur_ws/build/rovo_ur_description' returned '0': CMAKE_PREFIX_PATH=${CMAKE_PREFIX_PATH}:/home/kevin/Desktop/rovo_ur_ws/install/rovo_can_bridge:/opt/ros/jazzy DEBUGINFOD_URLS=https://debuginfod.ubuntu.com /usr/bin/cmake /home/kevin/Desktop/rovo_ur_ws/src/rovo_ur_description -DCMAKE_INSTALL_PREFIX=/home/kevin/Desktop/rovo_ur_ws/install/rovo_ur_description
[1.685s] DEBUG:colcon.colcon_core.event_handler.log_command:Invoking command in '/home/kevin/Desktop/rovo_ur_ws/build/rovo_ur_description': CMAKE_PREFIX_PATH=${CMAKE_PREFIX_PATH}:/home/kevin/Desktop/rovo_ur_ws/install/rovo_can_bridge:/opt/ros/jazzy DEBUGINFOD_URLS=https://debuginfod.ubuntu.com /usr/bin/cmake --build /home/kevin/Desktop/rovo_ur_ws/build/rovo_ur_description -- -j44 -l44
[1.721s] DEBUG:colcon.colcon_core.event_handler.log_command:Invoked command in '/home/kevin/Desktop/rovo_ur_ws/build/rovo_bringup' returned '0': CMAKE_PREFIX_PATH=${CMAKE_PREFIX_PATH}:/home/kevin/Desktop/rovo_ur_ws/install/rovo_can_bridge:/opt/ros/jazzy DEBUGINFOD_URLS=https://debuginfod.ubuntu.com /usr/bin/cmake /home/kevin/Desktop/rovo_ur_ws/src/rovo_bringup -DCMAKE_INSTALL_PREFIX=/home/kevin/Desktop/rovo_ur_ws/install/rovo_bringup
[1.723s] DEBUG:colcon.colcon_core.event_handler.log_command:Invoking command in '/home/kevin/Desktop/rovo_ur_ws/build/rovo_bringup': CMAKE_PREFIX_PATH=${CMAKE_PREFIX_PATH}:/home/kevin/Desktop/rovo_ur_ws/install/rovo_can_bridge:/opt/ros/jazzy DEBUGINFOD_URLS=https://debuginfod.ubuntu.com /usr/bin/cmake --build /home/kevin/Desktop/rovo_ur_ws/build/rovo_bringup -- -j44 -l44
[1.748s] DEBUG:colcon.colcon_core.event_handler.log_command:Invoked command in '/home/kevin/Desktop/rovo_ur_ws/build/rovo_ur_description' returned '0': CMAKE_PREFIX_PATH=${CMAKE_PREFIX_PATH}:/home/kevin/Desktop/rovo_ur_ws/install/rovo_can_bridge:/opt/ros/jazzy DEBUGINFOD_URLS=https://debuginfod.ubuntu.com /usr/bin/cmake --build /home/kevin/Desktop/rovo_ur_ws/build/rovo_ur_description -- -j44 -l44
[1.764s] DEBUG:colcon.colcon_core.event_handler.log_command:Invoking command in '/home/kevin/Desktop/rovo_ur_ws/build/rovo_ur_description': CMAKE_PREFIX_PATH=${CMAKE_PREFIX_PATH}:/home/kevin/Desktop/rovo_ur_ws/install/rovo_can_bridge:/opt/ros/jazzy DEBUGINFOD_URLS=https://debuginfod.ubuntu.com /usr/bin/cmake --install /home/kevin/Desktop/rovo_ur_ws/build/rovo_ur_description
[1.780s] DEBUG:colcon.colcon_core.event_handler.log_command:Invoked command in '/home/kevin/Desktop/rovo_ur_ws/build/rovo_bringup' returned '0': CMAKE_PREFIX_PATH=${CMAKE_PREFIX_PATH}:/home/kevin/Desktop/rovo_ur_ws/install/rovo_can_bridge:/opt/ros/jazzy DEBUGINFOD_URLS=https://debuginfod.ubuntu.com /usr/bin/cmake --build /home/kevin/Desktop/rovo_ur_ws/build/rovo_bringup -- -j44 -l44
[1.783s] DEBUG:colcon.colcon_core.event_handler.log_command:Invoking command in '/home/kevin/Desktop/rovo_ur_ws/build/rovo_bringup': CMAKE_PREFIX_PATH=${CMAKE_PREFIX_PATH}:/home/kevin/Desktop/rovo_ur_ws/install/rovo_can_bridge:/opt/ros/jazzy DEBUGINFOD_URLS=https://debuginfod.ubuntu.com /usr/bin/cmake --install /home/kevin/Desktop/rovo_ur_ws/build/rovo_bringup
[1.794s] Level 1:colcon.colcon_core.environment:create_environment_scripts_only(rovo_ur_description)
[1.799s] DEBUG:colcon.colcon_core.event_handler.log_command:Invoked command in '/home/kevin/Desktop/rovo_ur_ws/build/rovo_ur_description' returned '0': CMAKE_PREFIX_PATH=${CMAKE_PREFIX_PATH}:/home/kevin/Desktop/rovo_ur_ws/install/rovo_can_bridge:/opt/ros/jazzy DEBUGINFOD_URLS=https://debuginfod.ubuntu.com /usr/bin/cmake --install /home/kevin/Desktop/rovo_ur_ws/build/rovo_ur_description
[1.801s] Level 1:colcon.colcon_core.environment:checking '/home/kevin/Desktop/rovo_ur_ws/install/rovo_ur_description' for CMake module files
[1.802s] Level 1:colcon.colcon_core.environment:checking '/home/kevin/Desktop/rovo_ur_ws/install/rovo_ur_description' for CMake config files
[1.803s] Level 1:colcon.colcon_core.shell:create_environment_hook('rovo_ur_description', 'cmake_prefix_path')
[1.803s] INFO:colcon.colcon_core.shell:Creating environment hook '/home/kevin/Desktop/rovo_ur_ws/install/rovo_ur_description/share/rovo_ur_description/hook/cmake_prefix_path.ps1'
[1.804s] INFO:colcon.colcon_core.shell:Creating environment descriptor '/home/kevin/Desktop/rovo_ur_ws/install/rovo_ur_description/share/rovo_ur_description/hook/cmake_prefix_path.dsv'
[1.805s] INFO:colcon.colcon_core.shell:Creating environment hook '/home/kevin/Desktop/rovo_ur_ws/install/rovo_ur_description/share/rovo_ur_description/hook/cmake_prefix_path.sh'
[1.806s] Level 1:colcon.colcon_core.environment:checking '/home/kevin/Desktop/rovo_ur_ws/install/rovo_ur_description/bin'
[1.806s] Level 1:colcon.colcon_core.environment:checking '/home/kevin/Desktop/rovo_ur_ws/install/rovo_ur_description/lib/pkgconfig/rovo_ur_description.pc'
[1.807s] Level 1:colcon.colcon_core.environment:checking '/home/kevin/Desktop/rovo_ur_ws/install/rovo_ur_description/lib/python3.12/site-packages'
[1.807s] Level 1:colcon.colcon_core.environment:checking '/home/kevin/Desktop/rovo_ur_ws/install/rovo_ur_description/bin'
[1.807s] INFO:colcon.colcon_core.shell:Creating package script '/home/kevin/Desktop/rovo_ur_ws/install/rovo_ur_description/share/rovo_ur_description/package.ps1'
[1.809s] INFO:colcon.colcon_core.shell:Creating package descriptor '/home/kevin/Desktop/rovo_ur_ws/install/rovo_ur_description/share/rovo_ur_description/package.dsv'
[1.811s] INFO:colcon.colcon_core.shell:Creating package script '/home/kevin/Desktop/rovo_ur_ws/install/rovo_ur_description/share/rovo_ur_description/package.sh'
[1.813s] INFO:colcon.colcon_core.shell:Creating package script '/home/kevin/Desktop/rovo_ur_ws/install/rovo_ur_description/share/rovo_ur_description/package.bash'
[1.815s] INFO:colcon.colcon_core.shell:Creating package script '/home/kevin/Desktop/rovo_ur_ws/install/rovo_ur_description/share/rovo_ur_description/package.zsh'
[1.817s] Level 1:colcon.colcon_core.environment:create_file_with_runtime_dependencies(/home/kevin/Desktop/rovo_ur_ws/install/rovo_ur_description/share/colcon-core/packages/rovo_ur_description)
[1.818s] Level 1:colcon.colcon_core.environment:create_environment_scripts_only(rovo_ur_description)
[1.818s] Level 1:colcon.colcon_core.environment:checking '/home/kevin/Desktop/rovo_ur_ws/install/rovo_ur_description' for CMake module files
[1.820s] Level 1:colcon.colcon_core.environment:checking '/home/kevin/Desktop/rovo_ur_ws/install/rovo_ur_description' for CMake config files
[1.821s] Level 1:colcon.colcon_core.shell:create_environment_hook('rovo_ur_description', 'cmake_prefix_path')
[1.822s] INFO:colcon.colcon_core.shell:Creating environment hook '/home/kevin/Desktop/rovo_ur_ws/install/rovo_ur_description/share/rovo_ur_description/hook/cmake_prefix_path.ps1'
[1.823s] INFO:colcon.colcon_core.shell:Creating environment descriptor '/home/kevin/Desktop/rovo_ur_ws/install/rovo_ur_description/share/rovo_ur_description/hook/cmake_prefix_path.dsv'
[1.824s] INFO:colcon.colcon_core.shell:Creating environment hook '/home/kevin/Desktop/rovo_ur_ws/install/rovo_ur_description/share/rovo_ur_description/hook/cmake_prefix_path.sh'
[1.825s] Level 1:colcon.colcon_core.environment:checking '/home/kevin/Desktop/rovo_ur_ws/install/rovo_ur_description/bin'
[1.825s] Level 1:colcon.colcon_core.environment:checking '/home/kevin/Desktop/rovo_ur_ws/install/rovo_ur_description/lib/pkgconfig/rovo_ur_description.pc'
[1.826s] Level 1:colcon.colcon_core.environment:checking '/home/kevin/Desktop/rovo_ur_ws/install/rovo_ur_description/lib/python3.12/site-packages'
[1.827s] Level 1:colcon.colcon_core.environment:checking '/home/kevin/Desktop/rovo_ur_ws/install/rovo_ur_description/bin'
[1.827s] INFO:colcon.colcon_core.shell:Creating package script '/home/kevin/Desktop/rovo_ur_ws/install/rovo_ur_description/share/rovo_ur_description/package.ps1'
[1.829s] INFO:colcon.colcon_core.shell:Creating package descriptor '/home/kevin/Desktop/rovo_ur_ws/install/rovo_ur_description/share/rovo_ur_description/package.dsv'
[1.830s] INFO:colcon.colcon_core.shell:Creating package script '/home/kevin/Desktop/rovo_ur_ws/install/rovo_ur_description/share/rovo_ur_description/package.sh'
[1.831s] INFO:colcon.colcon_core.shell:Creating package script '/home/kevin/Desktop/rovo_ur_ws/install/rovo_ur_description/share/rovo_ur_description/package.bash'
[1.832s] INFO:colcon.colcon_core.shell:Creating package script '/home/kevin/Desktop/rovo_ur_ws/install/rovo_ur_description/share/rovo_ur_description/package.zsh'
[1.833s] Level 1:colcon.colcon_core.environment:create_file_with_runtime_dependencies(/home/kevin/Desktop/rovo_ur_ws/install/rovo_ur_description/share/colcon-core/packages/rovo_ur_description)
[1.834s] Level 1:colcon.colcon_core.environment:create_environment_scripts_only(rovo_bringup)
[1.835s] Level 1:colcon.colcon_core.environment:checking '/home/kevin/Desktop/rovo_ur_ws/install/rovo_bringup' for CMake module files
[1.836s] Level 1:colcon.colcon_core.environment:checking '/home/kevin/Desktop/rovo_ur_ws/install/rovo_bringup' for CMake config files
[1.838s] DEBUG:colcon.colcon_core.event_handler.log_command:Invoked command in '/home/kevin/Desktop/rovo_ur_ws/build/rovo_bringup' returned '0': CMAKE_PREFIX_PATH=${CMAKE_PREFIX_PATH}:/home/kevin/Desktop/rovo_ur_ws/install/rovo_can_bridge:/opt/ros/jazzy DEBUGINFOD_URLS=https://debuginfod.ubuntu.com /usr/bin/cmake --install /home/kevin/Desktop/rovo_ur_ws/build/rovo_bringup
[1.839s] Level 1:colcon.colcon_core.shell:create_environment_hook('rovo_bringup', 'cmake_prefix_path')
[1.839s] INFO:colcon.colcon_core.shell:Creating environment hook '/home/kevin/Desktop/rovo_ur_ws/install/rovo_bringup/share/rovo_bringup/hook/cmake_prefix_path.ps1'
[1.840s] INFO:colcon.colcon_core.shell:Creating environment descriptor '/home/kevin/Desktop/rovo_ur_ws/install/rovo_bringup/share/rovo_bringup/hook/cmake_prefix_path.dsv'
[1.841s] INFO:colcon.colcon_core.shell:Creating environment hook '/home/kevin/Desktop/rovo_ur_ws/install/rovo_bringup/share/rovo_bringup/hook/cmake_prefix_path.sh'
[1.842s] Level 1:colcon.colcon_core.environment:checking '/home/kevin/Desktop/rovo_ur_ws/install/rovo_bringup/bin'
[1.842s] Level 1:colcon.colcon_core.environment:checking '/home/kevin/Desktop/rovo_ur_ws/install/rovo_bringup/lib/pkgconfig/rovo_bringup.pc'
[1.843s] Level 1:colcon.colcon_core.environment:checking '/home/kevin/Desktop/rovo_ur_ws/install/rovo_bringup/lib/python3.12/site-packages'
[1.844s] Level 1:colcon.colcon_core.environment:checking '/home/kevin/Desktop/rovo_ur_ws/install/rovo_bringup/bin'
[1.844s] INFO:colcon.colcon_core.shell:Creating package script '/home/kevin/Desktop/rovo_ur_ws/install/rovo_bringup/share/rovo_bringup/package.ps1'
[1.845s] INFO:colcon.colcon_core.shell:Creating package descriptor '/home/kevin/Desktop/rovo_ur_ws/install/rovo_bringup/share/rovo_bringup/package.dsv'
[1.846s] INFO:colcon.colcon_core.shell:Creating package script '/home/kevin/Desktop/rovo_ur_ws/install/rovo_bringup/share/rovo_bringup/package.sh'
[1.847s] INFO:colcon.colcon_core.shell:Creating package script '/home/kevin/Desktop/rovo_ur_ws/install/rovo_bringup/share/rovo_bringup/package.bash'
[1.847s] INFO:colcon.colcon_core.shell:Creating package script '/home/kevin/Desktop/rovo_ur_ws/install/rovo_bringup/share/rovo_bringup/package.zsh'
[1.848s] Level 1:colcon.colcon_core.environment:create_file_with_runtime_dependencies(/home/kevin/Desktop/rovo_ur_ws/install/rovo_bringup/share/colcon-core/packages/rovo_bringup)
[1.849s] Level 1:colcon.colcon_core.environment:create_environment_scripts_only(rovo_bringup)
[1.849s] Level 1:colcon.colcon_core.environment:checking '/home/kevin/Desktop/rovo_ur_ws/install/rovo_bringup' for CMake module files
[1.851s] Level 1:colcon.colcon_core.environment:checking '/home/kevin/Desktop/rovo_ur_ws/install/rovo_bringup' for CMake config files
[1.851s] Level 1:colcon.colcon_core.shell:create_environment_hook('rovo_bringup', 'cmake_prefix_path')
[1.851s] INFO:colcon.colcon_core.shell:Creating environment hook '/home/kevin/Desktop/rovo_ur_ws/install/rovo_bringup/share/rovo_bringup/hook/cmake_prefix_path.ps1'
[1.852s] INFO:colcon.colcon_core.shell:Creating environment descriptor '/home/kevin/Desktop/rovo_ur_ws/install/rovo_bringup/share/rovo_bringup/hook/cmake_prefix_path.dsv'
[1.853s] INFO:colcon.colcon_core.shell:Creating environment hook '/home/kevin/Desktop/rovo_ur_ws/install/rovo_bringup/share/rovo_bringup/hook/cmake_prefix_path.sh'
[1.853s] Level 1:colcon.colcon_core.environment:checking '/home/kevin/Desktop/rovo_ur_ws/install/rovo_bringup/bin'
[1.854s] Level 1:colcon.colcon_core.environment:checking '/home/kevin/Desktop/rovo_ur_ws/install/rovo_bringup/lib/pkgconfig/rovo_bringup.pc'
[1.854s] Level 1:colcon.colcon_core.environment:checking '/home/kevin/Desktop/rovo_ur_ws/install/rovo_bringup/lib/python3.12/site-packages'
[1.855s] Level 1:colcon.colcon_core.environment:checking '/home/kevin/Desktop/rovo_ur_ws/install/rovo_bringup/bin'
[1.855s] INFO:colcon.colcon_core.shell:Creating package script '/home/kevin/Desktop/rovo_ur_ws/install/rovo_bringup/share/rovo_bringup/package.ps1'
[1.856s] INFO:colcon.colcon_core.shell:Creating package descriptor '/home/kevin/Desktop/rovo_ur_ws/install/rovo_bringup/share/rovo_bringup/package.dsv'
[1.857s] INFO:colcon.colcon_core.shell:Creating package script '/home/kevin/Desktop/rovo_ur_ws/install/rovo_bringup/share/rovo_bringup/package.sh'
[1.858s] INFO:colcon.colcon_core.shell:Creating package script '/home/kevin/Desktop/rovo_ur_ws/install/rovo_bringup/share/rovo_bringup/package.bash'
[1.858s] INFO:colcon.colcon_core.shell:Creating package script '/home/kevin/Desktop/rovo_ur_ws/install/rovo_bringup/share/rovo_bringup/package.zsh'
[1.859s] Level 1:colcon.colcon_core.environment:create_file_with_runtime_dependencies(/home/kevin/Desktop/rovo_ur_ws/install/rovo_bringup/share/colcon-core/packages/rovo_bringup)
[2.567s] DEBUG:colcon.colcon_core.event_handler.log_command:Invoked command in '/home/kevin/Desktop/rovo_ur_ws/build/rovo_can_driver' returned '0': CMAKE_PREFIX_PATH=${CMAKE_PREFIX_PATH}:/home/kevin/Desktop/rovo_ur_ws/install/rovo_can_bridge:/opt/ros/jazzy DEBUGINFOD_URLS=https://debuginfod.ubuntu.com /usr/bin/cmake /home/kevin/Desktop/rovo_ur_ws/src/rovo_can_driver -DCMAKE_INSTALL_PREFIX=/home/kevin/Desktop/rovo_ur_ws/install/rovo_can_driver
[2.569s] DEBUG:colcon.colcon_core.event_handler.log_command:Invoking command in '/home/kevin/Desktop/rovo_ur_ws/build/rovo_can_driver': CMAKE_PREFIX_PATH=${CMAKE_PREFIX_PATH}:/home/kevin/Desktop/rovo_ur_ws/install/rovo_can_bridge:/opt/ros/jazzy DEBUGINFOD_URLS=https://debuginfod.ubuntu.com /usr/bin/cmake --build /home/kevin/Desktop/rovo_ur_ws/build/rovo_can_driver -- -j44 -l44
[2.682s] DEBUG:colcon.colcon_core.event_handler.log_command:Invoked command in '/home/kevin/Desktop/rovo_ur_ws/build/rovo_can_driver' returned '0': CMAKE_PREFIX_PATH=${CMAKE_PREFIX_PATH}:/home/kevin/Desktop/rovo_ur_ws/install/rovo_can_bridge:/opt/ros/jazzy DEBUGINFOD_URLS=https://debuginfod.ubuntu.com /usr/bin/cmake --build /home/kevin/Desktop/rovo_ur_ws/build/rovo_can_driver -- -j44 -l44
[2.685s] DEBUG:colcon.colcon_core.event_handler.log_command:Invoking command in '/home/kevin/Desktop/rovo_ur_ws/build/rovo_can_driver': CMAKE_PREFIX_PATH=${CMAKE_PREFIX_PATH}:/home/kevin/Desktop/rovo_ur_ws/install/rovo_can_bridge:/opt/ros/jazzy DEBUGINFOD_URLS=https://debuginfod.ubuntu.com /usr/bin/cmake --install /home/kevin/Desktop/rovo_ur_ws/build/rovo_can_driver
[2.719s] Level 1:colcon.colcon_core.environment:create_environment_scripts_only(rovo_can_driver)
[2.720s] Level 1:colcon.colcon_core.environment:checking '/home/kevin/Desktop/rovo_ur_ws/install/rovo_can_driver' for CMake module files
[2.721s] DEBUG:colcon.colcon_core.event_handler.log_command:Invoked command in '/home/kevin/Desktop/rovo_ur_ws/build/rovo_can_driver' returned '0': CMAKE_PREFIX_PATH=${CMAKE_PREFIX_PATH}:/home/kevin/Desktop/rovo_ur_ws/install/rovo_can_bridge:/opt/ros/jazzy DEBUGINFOD_URLS=https://debuginfod.ubuntu.com /usr/bin/cmake --install /home/kevin/Desktop/rovo_ur_ws/build/rovo_can_driver
[2.722s] Level 1:colcon.colcon_core.environment:checking '/home/kevin/Desktop/rovo_ur_ws/install/rovo_can_driver' for CMake config files
[2.723s] Level 1:colcon.colcon_core.shell:create_environment_hook('rovo_can_driver', 'cmake_prefix_path')
[2.724s] INFO:colcon.colcon_core.shell:Creating environment hook '/home/kevin/Desktop/rovo_ur_ws/install/rovo_can_driver/share/rovo_can_driver/hook/cmake_prefix_path.ps1'
[2.725s] INFO:colcon.colcon_core.shell:Creating environment descriptor '/home/kevin/Desktop/rovo_ur_ws/install/rovo_can_driver/share/rovo_can_driver/hook/cmake_prefix_path.dsv'
[2.726s] INFO:colcon.colcon_core.shell:Creating environment hook '/home/kevin/Desktop/rovo_ur_ws/install/rovo_can_driver/share/rovo_can_driver/hook/cmake_prefix_path.sh'
[2.728s] Level 1:colcon.colcon_core.environment:checking '/home/kevin/Desktop/rovo_ur_ws/install/rovo_can_driver/lib'
[2.728s] Level 1:colcon.colcon_core.environment:checking '/home/kevin/Desktop/rovo_ur_ws/install/rovo_can_driver/bin'
[2.729s] Level 1:colcon.colcon_core.environment:checking '/home/kevin/Desktop/rovo_ur_ws/install/rovo_can_driver/lib/pkgconfig/rovo_can_driver.pc'
[2.729s] Level 1:colcon.colcon_core.environment:checking '/home/kevin/Desktop/rovo_ur_ws/install/rovo_can_driver/lib/python3.12/site-packages'
[2.731s] Level 1:colcon.colcon_core.environment:checking '/home/kevin/Desktop/rovo_ur_ws/install/rovo_can_driver/bin'
[2.731s] INFO:colcon.colcon_core.shell:Creating package script '/home/kevin/Desktop/rovo_ur_ws/install/rovo_can_driver/share/rovo_can_driver/package.ps1'
[2.732s] INFO:colcon.colcon_core.shell:Creating package descriptor '/home/kevin/Desktop/rovo_ur_ws/install/rovo_can_driver/share/rovo_can_driver/package.dsv'
[2.734s] INFO:colcon.colcon_core.shell:Creating package script '/home/kevin/Desktop/rovo_ur_ws/install/rovo_can_driver/share/rovo_can_driver/package.sh'
[2.735s] INFO:colcon.colcon_core.shell:Creating package script '/home/kevin/Desktop/rovo_ur_ws/install/rovo_can_driver/share/rovo_can_driver/package.bash'
[2.736s] INFO:colcon.colcon_core.shell:Creating package script '/home/kevin/Desktop/rovo_ur_ws/install/rovo_can_driver/share/rovo_can_driver/package.zsh'
[2.737s] Level 1:colcon.colcon_core.environment:create_file_with_runtime_dependencies(/home/kevin/Desktop/rovo_ur_ws/install/rovo_can_driver/share/colcon-core/packages/rovo_can_driver)
[2.737s] Level 1:colcon.colcon_core.environment:create_environment_scripts_only(rovo_can_driver)
[2.738s] Level 1:colcon.colcon_core.environment:checking '/home/kevin/Desktop/rovo_ur_ws/install/rovo_can_driver' for CMake module files
[2.738s] Level 1:colcon.colcon_core.environment:checking '/home/kevin/Desktop/rovo_ur_ws/install/rovo_can_driver' for CMake config files
[2.739s] Level 1:colcon.colcon_core.shell:create_environment_hook('rovo_can_driver', 'cmake_prefix_path')
[2.739s] INFO:colcon.colcon_core.shell:Creating environment hook '/home/kevin/Desktop/rovo_ur_ws/install/rovo_can_driver/share/rovo_can_driver/hook/cmake_prefix_path.ps1'
[2.740s] INFO:colcon.colcon_core.shell:Creating environment descriptor '/home/kevin/Desktop/rovo_ur_ws/install/rovo_can_driver/share/rovo_can_driver/hook/cmake_prefix_path.dsv'
[2.741s] INFO:colcon.colcon_core.shell:Creating environment hook '/home/kevin/Desktop/rovo_ur_ws/install/rovo_can_driver/share/rovo_can_driver/hook/cmake_prefix_path.sh'
[2.742s] Level 1:colcon.colcon_core.environment:checking '/home/kevin/Desktop/rovo_ur_ws/install/rovo_can_driver/lib'
[2.742s] Level 1:colcon.colcon_core.environment:checking '/home/kevin/Desktop/rovo_ur_ws/install/rovo_can_driver/bin'
[2.742s] Level 1:colcon.colcon_core.environment:checking '/home/kevin/Desktop/rovo_ur_ws/install/rovo_can_driver/lib/pkgconfig/rovo_can_driver.pc'
[2.743s] Level 1:colcon.colcon_core.environment:checking '/home/kevin/Desktop/rovo_ur_ws/install/rovo_can_driver/lib/python3.12/site-packages'
[2.743s] Level 1:colcon.colcon_core.environment:checking '/home/kevin/Desktop/rovo_ur_ws/install/rovo_can_driver/bin'
[2.744s] INFO:colcon.colcon_core.shell:Creating package script '/home/kevin/Desktop/rovo_ur_ws/install/rovo_can_driver/share/rovo_can_driver/package.ps1'
[2.745s] INFO:colcon.colcon_core.shell:Creating package descriptor '/home/kevin/Desktop/rovo_ur_ws/install/rovo_can_driver/share/rovo_can_driver/package.dsv'
[2.745s] INFO:colcon.colcon_core.shell:Creating package script '/home/kevin/Desktop/rovo_ur_ws/install/rovo_can_driver/share/rovo_can_driver/package.sh'
[2.746s] INFO:colcon.colcon_core.shell:Creating package script '/home/kevin/Desktop/rovo_ur_ws/install/rovo_can_driver/share/rovo_can_driver/package.bash'
[2.747s] INFO:colcon.colcon_core.shell:Creating package script '/home/kevin/Desktop/rovo_ur_ws/install/rovo_can_driver/share/rovo_can_driver/package.zsh'
[2.748s] Level 1:colcon.colcon_core.environment:create_file_with_runtime_dependencies(/home/kevin/Desktop/rovo_ur_ws/install/rovo_can_driver/share/colcon-core/packages/rovo_can_driver)
[2.748s] DEBUG:colcon.colcon_parallel_executor.executor.parallel:closing loop
[2.748s] DEBUG:colcon.colcon_parallel_executor.executor.parallel:loop closed
[2.749s] DEBUG:colcon.colcon_parallel_executor.executor.parallel:run_until_complete finished with '0'
[2.749s] DEBUG:colcon.colcon_core.event_reactor:joining thread
[2.765s] INFO:colcon.colcon_core.plugin_system:Skipping extension 'colcon_notification.desktop_notification.terminal_notifier': Not used on non-Darwin systems
[2.766s] INFO:colcon.colcon_core.plugin_system:Skipping extension 'colcon_notification.desktop_notification.win32': Not used on non-Windows systems
[2.766s] INFO:colcon.colcon_notification.desktop_notification:Sending desktop notification using 'notify2'
[2.795s] DEBUG:colcon.colcon_core.event_reactor:joined thread
[2.796s] INFO:colcon.colcon_core.shell:Creating prefix script '/home/kevin/Desktop/rovo_ur_ws/install/local_setup.ps1'
[2.798s] INFO:colcon.colcon_core.shell:Creating prefix util module '/home/kevin/Desktop/rovo_ur_ws/install/_local_setup_util_ps1.py'
[2.802s] INFO:colcon.colcon_core.shell:Creating prefix chain script '/home/kevin/Desktop/rovo_ur_ws/install/setup.ps1'
[2.805s] INFO:colcon.colcon_core.shell:Creating prefix script '/home/kevin/Desktop/rovo_ur_ws/install/local_setup.sh'
[2.806s] INFO:colcon.colcon_core.shell:Creating prefix util module '/home/kevin/Desktop/rovo_ur_ws/install/_local_setup_util_sh.py'
[2.808s] INFO:colcon.colcon_core.shell:Creating prefix chain script '/home/kevin/Desktop/rovo_ur_ws/install/setup.sh'
[2.811s] INFO:colcon.colcon_core.shell:Creating prefix script '/home/kevin/Desktop/rovo_ur_ws/install/local_setup.bash'
[2.812s] INFO:colcon.colcon_core.shell:Creating prefix chain script '/home/kevin/Desktop/rovo_ur_ws/install/setup.bash'
[2.815s] INFO:colcon.colcon_core.shell:Creating prefix script '/home/kevin/Desktop/rovo_ur_ws/install/local_setup.zsh'
[2.816s] INFO:colcon.colcon_core.shell:Creating prefix chain script '/home/kevin/Desktop/rovo_ur_ws/install/setup.zsh'
