[0.021s] Invoking command in '/home/kevin/Desktop/rovo_ur_ws/build/rovo_ur_description': CMAKE_PREFIX_PATH=${CMAKE_PREFIX_PATH}:/opt/ros/jazzy DEBUGINFOD_URLS=https://debuginfod.ubuntu.com /usr/bin/cmake --build /home/kevin/Desktop/rovo_ur_ws/build/rovo_ur_description -- -j44 -l44
[0.083s] Invoked command in '/home/kevin/Desktop/rovo_ur_ws/build/rovo_ur_description' returned '0': CMAKE_PREFIX_PATH=${CMAKE_PREFIX_PATH}:/opt/ros/jazzy DEBUGINFOD_URLS=https://debuginfod.ubuntu.com /usr/bin/cmake --build /home/kevin/Desktop/rovo_ur_ws/build/rovo_ur_description -- -j44 -l44
[0.100s] Invoking command in '/home/kevin/Desktop/rovo_ur_ws/build/rovo_ur_description': CMAKE_PREFIX_PATH=${CMAKE_PREFIX_PATH}:/opt/ros/jazzy DEBUGINFOD_URLS=https://debuginfod.ubuntu.com /usr/bin/cmake --install /home/kevin/Desktop/rovo_ur_ws/build/rovo_ur_description
[0.111s] -- Install configuration: ""
[0.112s] -- Execute custom install script
[0.113s] -- Up-to-date symlink: /home/kevin/Desktop/rovo_ur_ws/install/rovo_ur_description/share/rovo_ur_description/urdf/kiros.xacro
[0.113s] -- Up-to-date symlink: /home/kevin/Desktop/rovo_ur_ws/install/rovo_ur_description/share/rovo_ur_description/urdf/rovo_ur.xacro
[0.113s] -- Up-to-date symlink: /home/kevin/Desktop/rovo_ur_ws/install/rovo_ur_description/share/rovo_ur_description/meshes/rovo.dae
[0.113s] -- Up-to-date symlink: /home/kevin/Desktop/rovo_ur_ws/install/rovo_ur_description/share/rovo_ur_description/rviz/rovo_ur.rviz
[0.114s] -- Up-to-date symlink: /home/kevin/Desktop/rovo_ur_ws/install/rovo_ur_description/share/rovo_ur_description/config/controllers.yaml
[0.114s] -- Up-to-date symlink: /home/kevin/Desktop/rovo_ur_ws/install/rovo_ur_description/share/ament_index/resource_index/package_run_dependencies/rovo_ur_description
[0.114s] -- Up-to-date symlink: /home/kevin/Desktop/rovo_ur_ws/install/rovo_ur_description/share/ament_index/resource_index/parent_prefix_path/rovo_ur_description
[0.115s] -- Up-to-date symlink: /home/kevin/Desktop/rovo_ur_ws/install/rovo_ur_description/share/rovo_ur_description/environment/ament_prefix_path.sh
[0.115s] -- Up-to-date symlink: /home/kevin/Desktop/rovo_ur_ws/install/rovo_ur_description/share/rovo_ur_description/environment/ament_prefix_path.dsv
[0.116s] -- Up-to-date symlink: /home/kevin/Desktop/rovo_ur_ws/install/rovo_ur_description/share/rovo_ur_description/environment/path.sh
[0.116s] -- Up-to-date symlink: /home/kevin/Desktop/rovo_ur_ws/install/rovo_ur_description/share/rovo_ur_description/environment/path.dsv
[0.117s] -- Up-to-date symlink: /home/kevin/Desktop/rovo_ur_ws/install/rovo_ur_description/share/rovo_ur_description/local_setup.bash
[0.117s] -- Up-to-date symlink: /home/kevin/Desktop/rovo_ur_ws/install/rovo_ur_description/share/rovo_ur_description/local_setup.sh
[0.117s] -- Up-to-date symlink: /home/kevin/Desktop/rovo_ur_ws/install/rovo_ur_description/share/rovo_ur_description/local_setup.zsh
[0.118s] -- Up-to-date symlink: /home/kevin/Desktop/rovo_ur_ws/install/rovo_ur_description/share/rovo_ur_description/local_setup.dsv
[0.119s] -- Symlinking: /home/kevin/Desktop/rovo_ur_ws/install/rovo_ur_description/share/rovo_ur_description/package.dsv
[0.132s] -- Up-to-date symlink: /home/kevin/Desktop/rovo_ur_ws/install/rovo_ur_description/share/ament_index/resource_index/packages/rovo_ur_description
[0.132s] -- Up-to-date symlink: /home/kevin/Desktop/rovo_ur_ws/install/rovo_ur_description/share/rovo_ur_description/cmake/rovo_ur_descriptionConfig.cmake
[0.132s] -- Up-to-date symlink: /home/kevin/Desktop/rovo_ur_ws/install/rovo_ur_description/share/rovo_ur_description/cmake/rovo_ur_descriptionConfig-version.cmake
[0.132s] -- Up-to-date symlink: /home/kevin/Desktop/rovo_ur_ws/install/rovo_ur_description/share/rovo_ur_description/package.xml
[0.134s] Invoked command in '/home/kevin/Desktop/rovo_ur_ws/build/rovo_ur_description' returned '0': CMAKE_PREFIX_PATH=${CMAKE_PREFIX_PATH}:/opt/ros/jazzy DEBUGINFOD_URLS=https://debuginfod.ubuntu.com /usr/bin/cmake --install /home/kevin/Desktop/rovo_ur_ws/build/rovo_ur_description
