[0.031s] Invoking command in '/home/kevin/Desktop/rovo_ur_ws/build/rovo_bringup': CMAKE_PREFIX_PATH=${CMAKE_PREFIX_PATH}:/opt/ros/jazzy DEBUGINFOD_URLS=https://debuginfod.ubuntu.com /usr/bin/cmake --build /home/kevin/Desktop/rovo_ur_ws/build/rovo_bringup -- -j44 -l44
[0.093s] Invoked command in '/home/kevin/Desktop/rovo_ur_ws/build/rovo_bringup' returned '0': CMAKE_PREFIX_PATH=${CMAKE_PREFIX_PATH}:/opt/ros/jazzy DEBUGINFOD_URLS=https://debuginfod.ubuntu.com /usr/bin/cmake --build /home/kevin/Desktop/rovo_ur_ws/build/rovo_bringup -- -j44 -l44
[0.108s] Invoking command in '/home/kevin/Desktop/rovo_ur_ws/build/rovo_bringup': CMAKE_PREFIX_PATH=${CMAKE_PREFIX_PATH}:/opt/ros/jazzy DEBUGINFOD_URLS=https://debuginfod.ubuntu.com /usr/bin/cmake --install /home/kevin/Desktop/rovo_ur_ws/build/rovo_bringup
[0.135s] -- Install configuration: ""
[0.136s] -- Up-to-date: /home/kevin/Desktop/rovo_ur_ws/install/rovo_bringup/share/rovo_bringup/launch
[0.136s] -- Up-to-date: /home/kevin/Desktop/rovo_ur_ws/install/rovo_bringup/share/rovo_bringup/launch/real_rovo.launch.py
[0.137s] -- Up-to-date: /home/kevin/Desktop/rovo_ur_ws/install/rovo_bringup/share/rovo_bringup/launch/view_rovo.launch.py
[0.137s] -- Up-to-date: /home/kevin/Desktop/rovo_ur_ws/install/rovo_bringup/share/rovo_bringup/launch/mapping_rovo.launch.py
[0.137s] -- Up-to-date: /home/kevin/Desktop/rovo_ur_ws/install/rovo_bringup/share/rovo_bringup/launch/__pycache__
[0.137s] -- Up-to-date: /home/kevin/Desktop/rovo_ur_ws/install/rovo_bringup/share/rovo_bringup/launch/__pycache__/view_rovo.launch.cpython-312.pyc
[0.138s] -- Up-to-date: /home/kevin/Desktop/rovo_ur_ws/install/rovo_bringup/share/rovo_bringup/launch/nav_rovo.launch.py
[0.139s] -- Up-to-date: /home/kevin/Desktop/rovo_ur_ws/install/rovo_bringup/share/rovo_bringup/launch/digital_twin_rovo.launch.py
[0.139s] -- Up-to-date: /home/kevin/Desktop/rovo_ur_ws/install/rovo_bringup/share/rovo_bringup/config
[0.140s] -- Up-to-date: /home/kevin/Desktop/rovo_ur_ws/install/rovo_bringup/share/rovo_bringup/config/nav2_params.yaml
[0.140s] -- Up-to-date: /home/kevin/Desktop/rovo_ur_ws/install/rovo_bringup/share/rovo_bringup/config/controllers.yaml
[0.141s] -- Up-to-date: /home/kevin/Desktop/rovo_ur_ws/install/rovo_bringup/share/rovo_bringup/config/slam_toolbox.yaml
[0.142s] -- Up-to-date: /home/kevin/Desktop/rovo_ur_ws/install/rovo_bringup/share/rovo_bringup/rviz
[0.143s] -- Up-to-date: /home/kevin/Desktop/rovo_ur_ws/install/rovo_bringup/share/rovo_bringup/maps
[0.143s] -- Up-to-date: /home/kevin/Desktop/rovo_ur_ws/install/rovo_bringup/share/rovo_bringup/maps/rovo_lab.yaml
[0.146s] -- Up-to-date: /home/kevin/Desktop/rovo_ur_ws/install/rovo_bringup/share/rovo_bringup/maps/rovo_lab.pgm
[0.148s] -- Up-to-date: /home/kevin/Desktop/rovo_ur_ws/install/rovo_bringup/share/ament_index/resource_index/package_run_dependencies/rovo_bringup
[0.149s] -- Up-to-date: /home/kevin/Desktop/rovo_ur_ws/install/rovo_bringup/share/ament_index/resource_index/parent_prefix_path/rovo_bringup
[0.150s] -- Up-to-date: /home/kevin/Desktop/rovo_ur_ws/install/rovo_bringup/share/rovo_bringup/environment/ament_prefix_path.sh
[0.151s] -- Up-to-date: /home/kevin/Desktop/rovo_ur_ws/install/rovo_bringup/share/rovo_bringup/environment/ament_prefix_path.dsv
[0.152s] -- Up-to-date: /home/kevin/Desktop/rovo_ur_ws/install/rovo_bringup/share/rovo_bringup/environment/path.sh
[0.153s] -- Up-to-date: /home/kevin/Desktop/rovo_ur_ws/install/rovo_bringup/share/rovo_bringup/environment/path.dsv
[0.163s] -- Up-to-date: /home/kevin/Desktop/rovo_ur_ws/install/rovo_bringup/share/rovo_bringup/local_setup.bash
[0.164s] -- Up-to-date: /home/kevin/Desktop/rovo_ur_ws/install/rovo_bringup/share/rovo_bringup/local_setup.sh
[0.164s] -- Up-to-date: /home/kevin/Desktop/rovo_ur_ws/install/rovo_bringup/share/rovo_bringup/local_setup.zsh
[0.167s] -- Up-to-date: /home/kevin/Desktop/rovo_ur_ws/install/rovo_bringup/share/rovo_bringup/local_setup.dsv
[0.167s] -- Up-to-date: /home/kevin/Desktop/rovo_ur_ws/install/rovo_bringup/share/rovo_bringup/package.dsv
[0.168s] -- Up-to-date: /home/kevin/Desktop/rovo_ur_ws/install/rovo_bringup/share/ament_index/resource_index/packages/rovo_bringup
[0.169s] -- Up-to-date: /home/kevin/Desktop/rovo_ur_ws/install/rovo_bringup/share/rovo_bringup/cmake/rovo_bringupConfig.cmake
[0.180s] -- Up-to-date: /home/kevin/Desktop/rovo_ur_ws/install/rovo_bringup/share/rovo_bringup/cmake/rovo_bringupConfig-version.cmake
[0.181s] -- Up-to-date: /home/kevin/Desktop/rovo_ur_ws/install/rovo_bringup/share/rovo_bringup/package.xml
[0.215s] Invoked command in '/home/kevin/Desktop/rovo_ur_ws/build/rovo_bringup' returned '0': CMAKE_PREFIX_PATH=${CMAKE_PREFIX_PATH}:/opt/ros/jazzy DEBUGINFOD_URLS=https://debuginfod.ubuntu.com /usr/bin/cmake --install /home/kevin/Desktop/rovo_ur_ws/build/rovo_bringup
