[0.026s] Invoking command in '/home/kevin/Desktop/rovo_ur_ws/build/rovo_can_driver': CMAKE_PREFIX_PATH=${CMAKE_PREFIX_PATH}:/opt/ros/jazzy DEBUGINFOD_URLS=https://debuginfod.ubuntu.com /usr/bin/cmake --build /home/kevin/Desktop/rovo_ur_ws/build/rovo_can_driver -- -j44 -l44
[0.174s] [100%] Built target rovo_can_driver
[0.230s] Invoked command in '/home/kevin/Desktop/rovo_ur_ws/build/rovo_can_driver' returned '0': CMAKE_PREFIX_PATH=${CMAKE_PREFIX_PATH}:/opt/ros/jazzy DEBUGINFOD_URLS=https://debuginfod.ubuntu.com /usr/bin/cmake --build /home/kevin/Desktop/rovo_ur_ws/build/rovo_can_driver -- -j44 -l44
[0.230s] Invoking command in '/home/kevin/Desktop/rovo_ur_ws/build/rovo_can_driver': CMAKE_PREFIX_PATH=${CMAKE_PREFIX_PATH}:/opt/ros/jazzy DEBUGINFOD_URLS=https://debuginfod.ubuntu.com /usr/bin/cmake --install /home/kevin/Desktop/rovo_ur_ws/build/rovo_can_driver
[0.242s] -- Install configuration: ""
[0.242s] -- Up-to-date: /home/kevin/Desktop/rovo_ur_ws/install/rovo_can_driver/share/rovo_can_driver/plugin_description.xml
[0.242s] -- Up-to-date: /home/kevin/Desktop/rovo_ur_ws/install/rovo_can_driver/lib/librovo_can_driver.so
[0.243s] -- Up-to-date: /home/kevin/Desktop/rovo_ur_ws/install/rovo_can_driver/include
[0.243s] -- Up-to-date: /home/kevin/Desktop/rovo_ur_ws/install/rovo_can_driver/include/rovo_can_driver
[0.244s] -- Up-to-date: /home/kevin/Desktop/rovo_ur_ws/install/rovo_can_driver/include/rovo_can_driver/rovo_can_system.hpp
[0.244s] -- Up-to-date: /home/kevin/Desktop/rovo_ur_ws/install/rovo_can_driver/share/rovo_can_driver/plugin_description.xml
[0.244s] -- Up-to-date: /home/kevin/Desktop/rovo_ur_ws/install/rovo_can_driver/share/rovo_can_driver/environment/library_path.sh
[0.244s] -- Up-to-date: /home/kevin/Desktop/rovo_ur_ws/install/rovo_can_driver/share/rovo_can_driver/environment/library_path.dsv
[0.245s] -- Up-to-date: /home/kevin/Desktop/rovo_ur_ws/install/rovo_can_driver/share/ament_index/resource_index/package_run_dependencies/rovo_can_driver
[0.245s] -- Up-to-date: /home/kevin/Desktop/rovo_ur_ws/install/rovo_can_driver/share/ament_index/resource_index/parent_prefix_path/rovo_can_driver
[0.246s] -- Up-to-date: /home/kevin/Desktop/rovo_ur_ws/install/rovo_can_driver/share/rovo_can_driver/environment/ament_prefix_path.sh
[0.247s] -- Up-to-date: /home/kevin/Desktop/rovo_ur_ws/install/rovo_can_driver/share/rovo_can_driver/environment/ament_prefix_path.dsv
[0.247s] -- Up-to-date: /home/kevin/Desktop/rovo_ur_ws/install/rovo_can_driver/share/rovo_can_driver/environment/path.sh
[0.248s] -- Up-to-date: /home/kevin/Desktop/rovo_ur_ws/install/rovo_can_driver/share/rovo_can_driver/environment/path.dsv
[0.248s] -- Up-to-date: /home/kevin/Desktop/rovo_ur_ws/install/rovo_can_driver/share/rovo_can_driver/local_setup.bash
[0.249s] -- Up-to-date: /home/kevin/Desktop/rovo_ur_ws/install/rovo_can_driver/share/rovo_can_driver/local_setup.sh
[0.249s] -- Up-to-date: /home/kevin/Desktop/rovo_ur_ws/install/rovo_can_driver/share/rovo_can_driver/local_setup.zsh
[0.249s] -- Up-to-date: /home/kevin/Desktop/rovo_ur_ws/install/rovo_can_driver/share/rovo_can_driver/local_setup.dsv
[0.250s] -- Installing: /home/kevin/Desktop/rovo_ur_ws/install/rovo_can_driver/share/rovo_can_driver/package.dsv
[0.250s] -- Up-to-date: /home/kevin/Desktop/rovo_ur_ws/install/rovo_can_driver/share/ament_index/resource_index/packages/rovo_can_driver
[0.250s] -- Up-to-date: /home/kevin/Desktop/rovo_ur_ws/install/rovo_can_driver/share/ament_index/resource_index/hardware_interface__pluginlib__plugin/rovo_can_driver
[0.250s] -- Up-to-date: /home/kevin/Desktop/rovo_ur_ws/install/rovo_can_driver/share/rovo_can_driver/cmake/export_rovo_can_driverExport.cmake
[0.251s] -- Up-to-date: /home/kevin/Desktop/rovo_ur_ws/install/rovo_can_driver/share/rovo_can_driver/cmake/export_rovo_can_driverExport-noconfig.cmake
[0.251s] -- Up-to-date: /home/kevin/Desktop/rovo_ur_ws/install/rovo_can_driver/share/rovo_can_driver/cmake/ament_cmake_export_targets-extras.cmake
[0.251s] -- Up-to-date: /home/kevin/Desktop/rovo_ur_ws/install/rovo_can_driver/share/rovo_can_driver/cmake/ament_cmake_export_dependencies-extras.cmake
[0.252s] -- Up-to-date: /home/kevin/Desktop/rovo_ur_ws/install/rovo_can_driver/share/rovo_can_driver/cmake/ament_cmake_export_libraries-extras.cmake
[0.253s] -- Up-to-date: /home/kevin/Desktop/rovo_ur_ws/install/rovo_can_driver/share/rovo_can_driver/cmake/rovo_can_driverConfig.cmake
[0.253s] -- Up-to-date: /home/kevin/Desktop/rovo_ur_ws/install/rovo_can_driver/share/rovo_can_driver/cmake/rovo_can_driverConfig-version.cmake
[0.254s] -- Up-to-date: /home/kevin/Desktop/rovo_ur_ws/install/rovo_can_driver/share/rovo_can_driver/package.xml
[0.255s] Invoked command in '/home/kevin/Desktop/rovo_ur_ws/build/rovo_can_driver' returned '0': CMAKE_PREFIX_PATH=${CMAKE_PREFIX_PATH}:/opt/ros/jazzy DEBUGINFOD_URLS=https://debuginfod.ubuntu.com /usr/bin/cmake --install /home/kevin/Desktop/rovo_ur_ws/build/rovo_can_driver
