[0.015s] Invoking command in '/home/kevin/Desktop/rovo_ur_ws/build/rovo_ur_description': CMAKE_PREFIX_PATH=${CMAKE_PREFIX_PATH}:/opt/ros/jazzy DEBUGINFOD_URLS=https://debuginfod.ubuntu.com /usr/bin/cmake /home/kevin/Desktop/rovo_ur_ws/src/rovo_ur_description -DCMAKE_INSTALL_PREFIX=/home/kevin/Desktop/rovo_ur_ws/install/rovo_ur_description
[0.037s] -- Found ament_cmake: 2.5.4 (/opt/ros/jazzy/share/ament_cmake/cmake)
[1.110s] -- Override CMake install command with custom implementation using symlinks instead of copying resources
[1.386s] -- Configuring done (1.4s)
[1.397s] -- Generating done (0.0s)
[1.400s] -- Build files have been written to: /home/kevin/Desktop/rovo_ur_ws/build/rovo_ur_description
[1.406s] Invoked command in '/home/kevin/Desktop/rovo_ur_ws/build/rovo_ur_description' returned '0': CMAKE_PREFIX_PATH=${CMAKE_PREFIX_PATH}:/opt/ros/jazzy DEBUGINFOD_URLS=https://debuginfod.ubuntu.com /usr/bin/cmake /home/kevin/Desktop/rovo_ur_ws/src/rovo_ur_description -DCMAKE_INSTALL_PREFIX=/home/kevin/Desktop/rovo_ur_ws/install/rovo_ur_description
[1.408s] Invoking command in '/home/kevin/Desktop/rovo_ur_ws/build/rovo_ur_description': CMAKE_PREFIX_PATH=${CMAKE_PREFIX_PATH}:/opt/ros/jazzy DEBUGINFOD_URLS=https://debuginfod.ubuntu.com /usr/bin/cmake --build /home/kevin/Desktop/rovo_ur_ws/build/rovo_ur_description -- -j44 -l44
[1.476s] Invoked command in '/home/kevin/Desktop/rovo_ur_ws/build/rovo_ur_description' returned '0': CMAKE_PREFIX_PATH=${CMAKE_PREFIX_PATH}:/opt/ros/jazzy DEBUGINFOD_URLS=https://debuginfod.ubuntu.com /usr/bin/cmake --build /home/kevin/Desktop/rovo_ur_ws/build/rovo_ur_description -- -j44 -l44
[1.479s] Invoking command in '/home/kevin/Desktop/rovo_ur_ws/build/rovo_ur_description': CMAKE_PREFIX_PATH=${CMAKE_PREFIX_PATH}:/opt/ros/jazzy DEBUGINFOD_URLS=https://debuginfod.ubuntu.com /usr/bin/cmake --install /home/kevin/Desktop/rovo_ur_ws/build/rovo_ur_description
[1.491s] -- Install configuration: ""
[1.492s] -- Execute custom install script
[1.492s] -- Up-to-date symlink: /home/kevin/Desktop/rovo_ur_ws/install/rovo_ur_description/share/rovo_ur_description/urdf/rovo_ur.xacro
[1.493s] -- Up-to-date symlink: /home/kevin/Desktop/rovo_ur_ws/install/rovo_ur_description/share/rovo_ur_description/meshes/rovo.STL
[1.493s] -- Up-to-date symlink: /home/kevin/Desktop/rovo_ur_ws/install/rovo_ur_description/share/rovo_ur_description/meshes/rovo.dae
[1.493s] -- Up-to-date symlink: /home/kevin/Desktop/rovo_ur_ws/install/rovo_ur_description/share/rovo_ur_description/rviz/rovo_ur.rviz
[1.494s] -- Up-to-date symlink: /home/kevin/Desktop/rovo_ur_ws/install/rovo_ur_description/share/rovo_ur_description/config/controllers.yaml
[1.494s] -- Up-to-date symlink: /home/kevin/Desktop/rovo_ur_ws/install/rovo_ur_description/share/ament_index/resource_index/package_run_dependencies/rovo_ur_description
[1.495s] -- Up-to-date symlink: /home/kevin/Desktop/rovo_ur_ws/install/rovo_ur_description/share/ament_index/resource_index/parent_prefix_path/rovo_ur_description
[1.495s] -- Up-to-date symlink: /home/kevin/Desktop/rovo_ur_ws/install/rovo_ur_description/share/rovo_ur_description/environment/ament_prefix_path.sh
[1.495s] -- Up-to-date symlink: /home/kevin/Desktop/rovo_ur_ws/install/rovo_ur_description/share/rovo_ur_description/environment/ament_prefix_path.dsv
[1.495s] -- Up-to-date symlink: /home/kevin/Desktop/rovo_ur_ws/install/rovo_ur_description/share/rovo_ur_description/environment/path.sh
[1.496s] -- Up-to-date symlink: /home/kevin/Desktop/rovo_ur_ws/install/rovo_ur_description/share/rovo_ur_description/environment/path.dsv
[1.496s] -- Up-to-date symlink: /home/kevin/Desktop/rovo_ur_ws/install/rovo_ur_description/share/rovo_ur_description/local_setup.bash
[1.497s] -- Up-to-date symlink: /home/kevin/Desktop/rovo_ur_ws/install/rovo_ur_description/share/rovo_ur_description/local_setup.sh
[1.497s] -- Up-to-date symlink: /home/kevin/Desktop/rovo_ur_ws/install/rovo_ur_description/share/rovo_ur_description/local_setup.zsh
[1.497s] -- Up-to-date symlink: /home/kevin/Desktop/rovo_ur_ws/install/rovo_ur_description/share/rovo_ur_description/local_setup.dsv
[1.498s] -- Symlinking: /home/kevin/Desktop/rovo_ur_ws/install/rovo_ur_description/share/rovo_ur_description/package.dsv
[1.511s] -- Up-to-date symlink: /home/kevin/Desktop/rovo_ur_ws/install/rovo_ur_description/share/ament_index/resource_index/packages/rovo_ur_description
[1.512s] -- Up-to-date symlink: /home/kevin/Desktop/rovo_ur_ws/install/rovo_ur_description/share/rovo_ur_description/cmake/rovo_ur_descriptionConfig.cmake
[1.512s] -- Up-to-date symlink: /home/kevin/Desktop/rovo_ur_ws/install/rovo_ur_description/share/rovo_ur_description/cmake/rovo_ur_descriptionConfig-version.cmake
[1.512s] -- Up-to-date symlink: /home/kevin/Desktop/rovo_ur_ws/install/rovo_ur_description/share/rovo_ur_description/package.xml
[1.515s] Invoked command in '/home/kevin/Desktop/rovo_ur_ws/build/rovo_ur_description' returned '0': CMAKE_PREFIX_PATH=${CMAKE_PREFIX_PATH}:/opt/ros/jazzy DEBUGINFOD_URLS=https://debuginfod.ubuntu.com /usr/bin/cmake --install /home/kevin/Desktop/rovo_ur_ws/build/rovo_ur_description
