[0.127s] DEBUG:colcon:Command line arguments: ['/usr/bin/colcon', 'build']
[0.127s] DEBUG:colcon:Parsed command line arguments: Namespace(log_base=None, log_level=None, verb_name='build', build_base='build', install_base='install', merge_install=False, symlink_install=False, test_result_base=None, continue_on_error=False, executor='parallel', parallel_workers=44, event_handlers=None, ignore_user_meta=False, metas=['./colcon.meta'], base_paths=['.'], packages_ignore=None, packages_ignore_regex=None, paths=None, packages_up_to=None, packages_up_to_regex=None, packages_above=None, packages_above_and_dependencies=None, packages_above_depth=None, packages_select_by_dep=None, packages_skip_by_dep=None, packages_skip_up_to=None, packages_select_build_failed=False, packages_skip_build_finished=False, packages_select_test_failures=False, packages_skip_test_passed=False, packages_select=None, packages_skip=None, packages_select_regex=None, packages_skip_regex=None, packages_start=None, packages_end=None, allow_overriding=[], cmake_args=None, cmake_target=None, cmake_target_skip_unavailable=False, cmake_clean_cache=False, cmake_clean_first=False, cmake_force_configure=False, ament_cmake_args=None, catkin_cmake_args=None, catkin_skip_building_tests=False, mixin_files=None, mixin=None, verb_parser=<colcon_mixin.mixin.mixin_argument.MixinArgumentDecorator object at 0x7e67c9e99f10>, verb_extension=<colcon_core.verb.build.BuildVerb object at 0x7e67c9fba510>, main=<bound method BuildVerb.main of <colcon_core.verb.build.BuildVerb object at 0x7e67c9fba510>>, mixin_verb=('build',))
[0.169s] Level 1:colcon.colcon_core.package_discovery:discover_packages(colcon_meta) check parameters
[0.169s] Level 1:colcon.colcon_core.package_discovery:discover_packages(recursive) check parameters
[0.169s] Level 1:colcon.colcon_core.package_discovery:discover_packages(ignore) check parameters
[0.169s] Level 1:colcon.colcon_core.package_discovery:discover_packages(path) check parameters
[0.169s] Level 1:colcon.colcon_core.package_discovery:discover_packages(colcon_meta) discover
[0.169s] Level 1:colcon.colcon_core.package_discovery:discover_packages(recursive) discover
[0.169s] INFO:colcon.colcon_core.package_discovery:Crawling recursively for packages in '/home/kevin/Desktop/rovo_ur_ws'
[0.169s] Level 1:colcon.colcon_core.package_identification:_identify(.) by extensions ['ignore', 'ignore_ament_install']
[0.169s] Level 1:colcon.colcon_core.package_identification:_identify(.) by extension 'ignore'
[0.169s] Level 1:colcon.colcon_core.package_identification:_identify(.) by extension 'ignore_ament_install'
[0.169s] Level 1:colcon.colcon_core.package_identification:_identify(.) by extensions ['colcon_pkg']
[0.170s] Level 1:colcon.colcon_core.package_identification:_identify(.) by extension 'colcon_pkg'
[0.170s] Level 1:colcon.colcon_core.package_identification:_identify(.) by extensions ['colcon_meta']
[0.170s] Level 1:colcon.colcon_core.package_identification:_identify(.) by extension 'colcon_meta'
[0.170s] Level 1:colcon.colcon_core.package_identification:_identify(.) by extensions ['ros']
[0.170s] Level 1:colcon.colcon_core.package_identification:_identify(.) by extension 'ros'
[0.196s] Level 1:colcon.colcon_core.package_identification:_identify(.) by extensions ['cmake', 'python']
[0.196s] Level 1:colcon.colcon_core.package_identification:_identify(.) by extension 'cmake'
[0.197s] Level 1:colcon.colcon_core.package_identification:_identify(.) by extension 'python'
[0.197s] Level 1:colcon.colcon_core.package_identification:_identify(.) by extensions ['python_setup_py']
[0.197s] Level 1:colcon.colcon_core.package_identification:_identify(.) by extension 'python_setup_py'
[0.197s] Level 1:colcon.colcon_core.package_identification:_identify(build) by extensions ['ignore', 'ignore_ament_install']
[0.197s] Level 1:colcon.colcon_core.package_identification:_identify(build) by extension 'ignore'
[0.197s] Level 1:colcon.colcon_core.package_identification:_identify(build) ignored
[0.197s] Level 1:colcon.colcon_core.package_identification:_identify(install) by extensions ['ignore', 'ignore_ament_install']
[0.197s] Level 1:colcon.colcon_core.package_identification:_identify(install) by extension 'ignore'
[0.197s] Level 1:colcon.colcon_core.package_identification:_identify(install) ignored
[0.197s] Level 1:colcon.colcon_core.package_identification:_identify(log) by extensions ['ignore', 'ignore_ament_install']
[0.198s] Level 1:colcon.colcon_core.package_identification:_identify(log) by extension 'ignore'
[0.198s] Level 1:colcon.colcon_core.package_identification:_identify(log) ignored
[0.198s] Level 1:colcon.colcon_core.package_identification:_identify(src) by extensions ['ignore', 'ignore_ament_install']
[0.198s] Level 1:colcon.colcon_core.package_identification:_identify(src) by extension 'ignore'
[0.198s] Level 1:colcon.colcon_core.package_identification:_identify(src) by extension 'ignore_ament_install'
[0.198s] Level 1:colcon.colcon_core.package_identification:_identify(src) by extensions ['colcon_pkg']
[0.198s] Level 1:colcon.colcon_core.package_identification:_identify(src) by extension 'colcon_pkg'
[0.198s] Level 1:colcon.colcon_core.package_identification:_identify(src) by extensions ['colcon_meta']
[0.198s] Level 1:colcon.colcon_core.package_identification:_identify(src) by extension 'colcon_meta'
[0.198s] Level 1:colcon.colcon_core.package_identification:_identify(src) by extensions ['ros']
[0.198s] Level 1:colcon.colcon_core.package_identification:_identify(src) by extension 'ros'
[0.198s] Level 1:colcon.colcon_core.package_identification:_identify(src) by extensions ['cmake', 'python']
[0.198s] Level 1:colcon.colcon_core.package_identification:_identify(src) by extension 'cmake'
[0.198s] Level 1:colcon.colcon_core.package_identification:_identify(src) by extension 'python'
[0.198s] Level 1:colcon.colcon_core.package_identification:_identify(src) by extensions ['python_setup_py']
[0.199s] Level 1:colcon.colcon_core.package_identification:_identify(src) by extension 'python_setup_py'
[0.199s] Level 1:colcon.colcon_core.package_identification:_identify(src/rovo_bringup) by extensions ['ignore', 'ignore_ament_install']
[0.199s] Level 1:colcon.colcon_core.package_identification:_identify(src/rovo_bringup) by extension 'ignore'
[0.199s] Level 1:colcon.colcon_core.package_identification:_identify(src/rovo_bringup) by extension 'ignore_ament_install'
[0.199s] Level 1:colcon.colcon_core.package_identification:_identify(src/rovo_bringup) by extensions ['colcon_pkg']
[0.199s] Level 1:colcon.colcon_core.package_identification:_identify(src/rovo_bringup) by extension 'colcon_pkg'
[0.199s] Level 1:colcon.colcon_core.package_identification:_identify(src/rovo_bringup) by extensions ['colcon_meta']
[0.199s] Level 1:colcon.colcon_core.package_identification:_identify(src/rovo_bringup) by extension 'colcon_meta'
[0.199s] Level 1:colcon.colcon_core.package_identification:_identify(src/rovo_bringup) by extensions ['ros']
[0.199s] Level 1:colcon.colcon_core.package_identification:_identify(src/rovo_bringup) by extension 'ros'
[0.201s] DEBUG:colcon.colcon_core.package_identification:Package 'src/rovo_bringup' with type 'ros.ament_cmake' and name 'rovo_bringup'
[0.201s] Level 1:colcon.colcon_core.package_identification:_identify(src/rovo_can_driver) by extensions ['ignore', 'ignore_ament_install']
[0.202s] Level 1:colcon.colcon_core.package_identification:_identify(src/rovo_can_driver) by extension 'ignore'
[0.202s] Level 1:colcon.colcon_core.package_identification:_identify(src/rovo_can_driver) by extension 'ignore_ament_install'
[0.202s] Level 1:colcon.colcon_core.package_identification:_identify(src/rovo_can_driver) by extensions ['colcon_pkg']
[0.202s] Level 1:colcon.colcon_core.package_identification:_identify(src/rovo_can_driver) by extension 'colcon_pkg'
[0.202s] Level 1:colcon.colcon_core.package_identification:_identify(src/rovo_can_driver) by extensions ['colcon_meta']
[0.202s] Level 1:colcon.colcon_core.package_identification:_identify(src/rovo_can_driver) by extension 'colcon_meta'
[0.202s] Level 1:colcon.colcon_core.package_identification:_identify(src/rovo_can_driver) by extensions ['ros']
[0.202s] Level 1:colcon.colcon_core.package_identification:_identify(src/rovo_can_driver) by extension 'ros'
[0.203s] DEBUG:colcon.colcon_core.package_identification:Package 'src/rovo_can_driver' with type 'ros.ament_cmake' and name 'rovo_can_driver'
[0.203s] Level 1:colcon.colcon_core.package_identification:_identify(src/rovo_ur_description) by extensions ['ignore', 'ignore_ament_install']
[0.203s] Level 1:colcon.colcon_core.package_identification:_identify(src/rovo_ur_description) by extension 'ignore'
[0.203s] Level 1:colcon.colcon_core.package_identification:_identify(src/rovo_ur_description) by extension 'ignore_ament_install'
[0.203s] Level 1:colcon.colcon_core.package_identification:_identify(src/rovo_ur_description) by extensions ['colcon_pkg']
[0.203s] Level 1:colcon.colcon_core.package_identification:_identify(src/rovo_ur_description) by extension 'colcon_pkg'
[0.203s] Level 1:colcon.colcon_core.package_identification:_identify(src/rovo_ur_description) by extensions ['colcon_meta']
[0.203s] Level 1:colcon.colcon_core.package_identification:_identify(src/rovo_ur_description) by extension 'colcon_meta'
[0.203s] Level 1:colcon.colcon_core.package_identification:_identify(src/rovo_ur_description) by extensions ['ros']
[0.203s] Level 1:colcon.colcon_core.package_identification:_identify(src/rovo_ur_description) by extension 'ros'
[0.204s] DEBUG:colcon.colcon_core.package_identification:Package 'src/rovo_ur_description' with type 'ros.ament_cmake' and name 'rovo_ur_description'
[0.204s] Level 1:colcon.colcon_core.package_discovery:discover_packages(recursive) using defaults
[0.204s] Level 1:colcon.colcon_core.package_discovery:discover_packages(ignore) discover
[0.204s] Level 1:colcon.colcon_core.package_discovery:discover_packages(ignore) using defaults
[0.204s] Level 1:colcon.colcon_core.package_discovery:discover_packages(path) discover
[0.204s] Level 1:colcon.colcon_core.package_discovery:discover_packages(path) using defaults
[0.224s] Level 1:colcon.colcon_core.package_discovery:discover_packages(prefix_path) check parameters
[0.224s] Level 1:colcon.colcon_core.package_discovery:discover_packages(prefix_path) discover
[0.226s] DEBUG:colcon.colcon_installed_package_information.package_discovery:Found 3 installed packages in /home/kevin/Desktop/rovo_ur_ws/install
[0.228s] DEBUG:colcon.colcon_installed_package_information.package_discovery:Found 369 installed packages in /opt/ros/jazzy
[0.230s] Level 1:colcon.colcon_core.package_discovery:discover_packages(prefix_path) using defaults
[0.291s] Level 5:colcon.colcon_core.verb:set package 'rovo_bringup' build argument 'cmake_args' from command line to 'None'
[0.291s] Level 5:colcon.colcon_core.verb:set package 'rovo_bringup' build argument 'cmake_target' from command line to 'None'
[0.291s] Level 5:colcon.colcon_core.verb:set package 'rovo_bringup' build argument 'cmake_target_skip_unavailable' from command line to 'False'
[0.291s] Level 5:colcon.colcon_core.verb:set package 'rovo_bringup' build argument 'cmake_clean_cache' from command line to 'False'
[0.291s] Level 5:colcon.colcon_core.verb:set package 'rovo_bringup' build argument 'cmake_clean_first' from command line to 'False'
[0.291s] Level 5:colcon.colcon_core.verb:set package 'rovo_bringup' build argument 'cmake_force_configure' from command line to 'False'
[0.291s] Level 5:colcon.colcon_core.verb:set package 'rovo_bringup' build argument 'ament_cmake_args' from command line to 'None'
[0.291s] Level 5:colcon.colcon_core.verb:set package 'rovo_bringup' build argument 'catkin_cmake_args' from command line to 'None'
[0.291s] Level 5:colcon.colcon_core.verb:set package 'rovo_bringup' build argument 'catkin_skip_building_tests' from command line to 'False'
[0.292s] DEBUG:colcon.colcon_core.verb:Building package 'rovo_bringup' with the following arguments: {'ament_cmake_args': None, 'build_base': '/home/kevin/Desktop/rovo_ur_ws/build/rovo_bringup', 'catkin_cmake_args': None, 'catkin_skip_building_tests': False, 'cmake_args': None, 'cmake_clean_cache': False, 'cmake_clean_first': False, 'cmake_force_configure': False, 'cmake_target': None, 'cmake_target_skip_unavailable': False, 'install_base': '/home/kevin/Desktop/rovo_ur_ws/install/rovo_bringup', 'merge_install': False, 'path': '/home/kevin/Desktop/rovo_ur_ws/src/rovo_bringup', 'symlink_install': False, 'test_result_base': None}
[0.292s] Level 5:colcon.colcon_core.verb:set package 'rovo_can_driver' build argument 'cmake_args' from command line to 'None'
[0.292s] Level 5:colcon.colcon_core.verb:set package 'rovo_can_driver' build argument 'cmake_target' from command line to 'None'
[0.292s] Level 5:colcon.colcon_core.verb:set package 'rovo_can_driver' build argument 'cmake_target_skip_unavailable' from command line to 'False'
[0.292s] Level 5:colcon.colcon_core.verb:set package 'rovo_can_driver' build argument 'cmake_clean_cache' from command line to 'False'
[0.292s] Level 5:colcon.colcon_core.verb:set package 'rovo_can_driver' build argument 'cmake_clean_first' from command line to 'False'
[0.292s] Level 5:colcon.colcon_core.verb:set package 'rovo_can_driver' build argument 'cmake_force_configure' from command line to 'False'
[0.292s] Level 5:colcon.colcon_core.verb:set package 'rovo_can_driver' build argument 'ament_cmake_args' from command line to 'None'
[0.292s] Level 5:colcon.colcon_core.verb:set package 'rovo_can_driver' build argument 'catkin_cmake_args' from command line to 'None'
[0.292s] Level 5:colcon.colcon_core.verb:set package 'rovo_can_driver' build argument 'catkin_skip_building_tests' from command line to 'False'
[0.292s] DEBUG:colcon.colcon_core.verb:Building package 'rovo_can_driver' with the following arguments: {'ament_cmake_args': None, 'build_base': '/home/kevin/Desktop/rovo_ur_ws/build/rovo_can_driver', 'catkin_cmake_args': None, 'catkin_skip_building_tests': False, 'cmake_args': None, 'cmake_clean_cache': False, 'cmake_clean_first': False, 'cmake_force_configure': False, 'cmake_target': None, 'cmake_target_skip_unavailable': False, 'install_base': '/home/kevin/Desktop/rovo_ur_ws/install/rovo_can_driver', 'merge_install': False, 'path': '/home/kevin/Desktop/rovo_ur_ws/src/rovo_can_driver', 'symlink_install': False, 'test_result_base': None}
[0.292s] Level 5:colcon.colcon_core.verb:set package 'rovo_ur_description' build argument 'cmake_args' from command line to 'None'
[0.293s] Level 5:colcon.colcon_core.verb:set package 'rovo_ur_description' build argument 'cmake_target' from command line to 'None'
[0.293s] Level 5:colcon.colcon_core.verb:set package 'rovo_ur_description' build argument 'cmake_target_skip_unavailable' from command line to 'False'
[0.293s] Level 5:colcon.colcon_core.verb:set package 'rovo_ur_description' build argument 'cmake_clean_cache' from command line to 'False'
[0.293s] Level 5:colcon.colcon_core.verb:set package 'rovo_ur_description' build argument 'cmake_clean_first' from command line to 'False'
[0.293s] Level 5:colcon.colcon_core.verb:set package 'rovo_ur_description' build argument 'cmake_force_configure' from command line to 'False'
[0.293s] Level 5:colcon.colcon_core.verb:set package 'rovo_ur_description' build argument 'ament_cmake_args' from command line to 'None'
[0.293s] Level 5:colcon.colcon_core.verb:set package 'rovo_ur_description' build argument 'catkin_cmake_args' from command line to 'None'
[0.293s] Level 5:colcon.colcon_core.verb:set package 'rovo_ur_description' build argument 'catkin_skip_building_tests' from command line to 'False'
[0.293s] DEBUG:colcon.colcon_core.verb:Building package 'rovo_ur_description' with the following arguments: {'ament_cmake_args': None, 'build_base': '/home/kevin/Desktop/rovo_ur_ws/build/rovo_ur_description', 'catkin_cmake_args': None, 'catkin_skip_building_tests': False, 'cmake_args': None, 'cmake_clean_cache': False, 'cmake_clean_first': False, 'cmake_force_configure': False, 'cmake_target': None, 'cmake_target_skip_unavailable': False, 'install_base': '/home/kevin/Desktop/rovo_ur_ws/install/rovo_ur_description', 'merge_install': False, 'path': '/home/kevin/Desktop/rovo_ur_ws/src/rovo_ur_description', 'symlink_install': False, 'test_result_base': None}
[0.293s] INFO:colcon.colcon_core.executor:Executing jobs using 'parallel' executor
[0.294s] DEBUG:colcon.colcon_parallel_executor.executor.parallel:run_until_complete
[0.294s] INFO:colcon.colcon_ros.task.ament_cmake.build:Building ROS package in '/home/kevin/Desktop/rovo_ur_ws/src/rovo_bringup' with build type 'ament_cmake'
[0.295s] INFO:colcon.colcon_cmake.task.cmake.build:Building CMake package in '/home/kevin/Desktop/rovo_ur_ws/src/rovo_bringup'
[0.297s] INFO:colcon.colcon_core.plugin_system:Skipping extension 'colcon_core.shell.bat': Not used on non-Windows systems
[0.297s] INFO:colcon.colcon_core.shell:Skip shell extension 'powershell' for command environment: Not usable outside of PowerShell
[0.297s] DEBUG:colcon.colcon_core.shell:Skip shell extension 'dsv' for command environment
[0.302s] INFO:colcon.colcon_ros.task.ament_cmake.build:Building ROS package in '/home/kevin/Desktop/rovo_ur_ws/src/rovo_can_driver' with build type 'ament_cmake'
[0.302s] INFO:colcon.colcon_cmake.task.cmake.build:Building CMake package in '/home/kevin/Desktop/rovo_ur_ws/src/rovo_can_driver'
[0.303s] INFO:colcon.colcon_core.shell:Skip shell extension 'powershell' for command environment: Not usable outside of PowerShell
[0.303s] DEBUG:colcon.colcon_core.shell:Skip shell extension 'dsv' for command environment
[0.308s] INFO:colcon.colcon_ros.task.ament_cmake.build:Building ROS package in '/home/kevin/Desktop/rovo_ur_ws/src/rovo_ur_description' with build type 'ament_cmake'
[0.308s] INFO:colcon.colcon_cmake.task.cmake.build:Building CMake package in '/home/kevin/Desktop/rovo_ur_ws/src/rovo_ur_description'
[0.308s] INFO:colcon.colcon_core.shell:Skip shell extension 'powershell' for command environment: Not usable outside of PowerShell
[0.308s] DEBUG:colcon.colcon_core.shell:Skip shell extension 'dsv' for command environment
[0.318s] DEBUG:colcon.colcon_core.event_handler.log_command:Invoking command in '/home/kevin/Desktop/rovo_ur_ws/build/rovo_bringup': CMAKE_PREFIX_PATH=${CMAKE_PREFIX_PATH}:/opt/ros/jazzy DEBUGINFOD_URLS=https://debuginfod.ubuntu.com /usr/bin/cmake --build /home/kevin/Desktop/rovo_ur_ws/build/rovo_bringup -- -j44 -l44
[0.321s] DEBUG:colcon.colcon_core.event_handler.log_command:Invoking command in '/home/kevin/Desktop/rovo_ur_ws/build/rovo_can_driver': CMAKE_PREFIX_PATH=${CMAKE_PREFIX_PATH}:/opt/ros/jazzy DEBUGINFOD_URLS=https://debuginfod.ubuntu.com /usr/bin/cmake --build /home/kevin/Desktop/rovo_ur_ws/build/rovo_can_driver -- -j44 -l44
[0.326s] DEBUG:colcon.colcon_core.event_handler.log_command:Invoking command in '/home/kevin/Desktop/rovo_ur_ws/build/rovo_ur_description': CMAKE_PREFIX_PATH=${CMAKE_PREFIX_PATH}:/opt/ros/jazzy DEBUGINFOD_URLS=https://debuginfod.ubuntu.com /usr/bin/cmake --build /home/kevin/Desktop/rovo_ur_ws/build/rovo_ur_description -- -j44 -l44
[0.386s] DEBUG:colcon.colcon_core.event_handler.log_command:Invoked command in '/home/kevin/Desktop/rovo_ur_ws/build/rovo_bringup' returned '0': CMAKE_PREFIX_PATH=${CMAKE_PREFIX_PATH}:/opt/ros/jazzy DEBUGINFOD_URLS=https://debuginfod.ubuntu.com /usr/bin/cmake --build /home/kevin/Desktop/rovo_ur_ws/build/rovo_bringup -- -j44 -l44
[0.402s] DEBUG:colcon.colcon_core.event_handler.log_command:Invoking command in '/home/kevin/Desktop/rovo_ur_ws/build/rovo_bringup': CMAKE_PREFIX_PATH=${CMAKE_PREFIX_PATH}:/opt/ros/jazzy DEBUGINFOD_URLS=https://debuginfod.ubuntu.com /usr/bin/cmake --install /home/kevin/Desktop/rovo_ur_ws/build/rovo_bringup
[0.403s] DEBUG:colcon.colcon_core.event_handler.log_command:Invoked command in '/home/kevin/Desktop/rovo_ur_ws/build/rovo_ur_description' returned '0': CMAKE_PREFIX_PATH=${CMAKE_PREFIX_PATH}:/opt/ros/jazzy DEBUGINFOD_URLS=https://debuginfod.ubuntu.com /usr/bin/cmake --build /home/kevin/Desktop/rovo_ur_ws/build/rovo_ur_description -- -j44 -l44
[0.405s] DEBUG:colcon.colcon_core.event_handler.log_command:Invoking command in '/home/kevin/Desktop/rovo_ur_ws/build/rovo_ur_description': CMAKE_PREFIX_PATH=${CMAKE_PREFIX_PATH}:/opt/ros/jazzy DEBUGINFOD_URLS=https://debuginfod.ubuntu.com /usr/bin/cmake --install /home/kevin/Desktop/rovo_ur_ws/build/rovo_ur_description
[0.439s] Level 1:colcon.colcon_core.environment:create_environment_scripts_only(rovo_ur_description)
[0.440s] DEBUG:colcon.colcon_core.event_handler.log_command:Invoked command in '/home/kevin/Desktop/rovo_ur_ws/build/rovo_ur_description' returned '0': CMAKE_PREFIX_PATH=${CMAKE_PREFIX_PATH}:/opt/ros/jazzy DEBUGINFOD_URLS=https://debuginfod.ubuntu.com /usr/bin/cmake --install /home/kevin/Desktop/rovo_ur_ws/build/rovo_ur_description
[0.445s] Level 1:colcon.colcon_core.environment:checking '/home/kevin/Desktop/rovo_ur_ws/install/rovo_ur_description' for CMake module files
[0.445s] Level 1:colcon.colcon_core.environment:checking '/home/kevin/Desktop/rovo_ur_ws/install/rovo_ur_description' for CMake config files
[0.446s] Level 1:colcon.colcon_core.shell:create_environment_hook('rovo_ur_description', 'cmake_prefix_path')
[0.446s] INFO:colcon.colcon_core.shell:Creating environment hook '/home/kevin/Desktop/rovo_ur_ws/install/rovo_ur_description/share/rovo_ur_description/hook/cmake_prefix_path.ps1'
[0.447s] INFO:colcon.colcon_core.shell:Creating environment descriptor '/home/kevin/Desktop/rovo_ur_ws/install/rovo_ur_description/share/rovo_ur_description/hook/cmake_prefix_path.dsv'
[0.447s] INFO:colcon.colcon_core.shell:Creating environment hook '/home/kevin/Desktop/rovo_ur_ws/install/rovo_ur_description/share/rovo_ur_description/hook/cmake_prefix_path.sh'
[0.449s] Level 1:colcon.colcon_core.environment:checking '/home/kevin/Desktop/rovo_ur_ws/install/rovo_ur_description/bin'
[0.449s] Level 1:colcon.colcon_core.environment:checking '/home/kevin/Desktop/rovo_ur_ws/install/rovo_ur_description/lib/pkgconfig/rovo_ur_description.pc'
[0.449s] Level 1:colcon.colcon_core.environment:checking '/home/kevin/Desktop/rovo_ur_ws/install/rovo_ur_description/lib/python3.12/site-packages'
[0.449s] Level 1:colcon.colcon_core.environment:checking '/home/kevin/Desktop/rovo_ur_ws/install/rovo_ur_description/bin'
[0.450s] INFO:colcon.colcon_core.shell:Creating package script '/home/kevin/Desktop/rovo_ur_ws/install/rovo_ur_description/share/rovo_ur_description/package.ps1'
[0.451s] INFO:colcon.colcon_core.shell:Creating package descriptor '/home/kevin/Desktop/rovo_ur_ws/install/rovo_ur_description/share/rovo_ur_description/package.dsv'
[0.451s] INFO:colcon.colcon_core.shell:Creating package script '/home/kevin/Desktop/rovo_ur_ws/install/rovo_ur_description/share/rovo_ur_description/package.sh'
[0.452s] INFO:colcon.colcon_core.shell:Creating package script '/home/kevin/Desktop/rovo_ur_ws/install/rovo_ur_description/share/rovo_ur_description/package.bash'
[0.453s] INFO:colcon.colcon_core.shell:Creating package script '/home/kevin/Desktop/rovo_ur_ws/install/rovo_ur_description/share/rovo_ur_description/package.zsh'
[0.454s] Level 1:colcon.colcon_core.environment:create_file_with_runtime_dependencies(/home/kevin/Desktop/rovo_ur_ws/install/rovo_ur_description/share/colcon-core/packages/rovo_ur_description)
[0.455s] Level 1:colcon.colcon_core.environment:create_environment_scripts_only(rovo_ur_description)
[0.455s] Level 1:colcon.colcon_core.environment:checking '/home/kevin/Desktop/rovo_ur_ws/install/rovo_ur_description' for CMake module files
[0.455s] Level 1:colcon.colcon_core.environment:checking '/home/kevin/Desktop/rovo_ur_ws/install/rovo_ur_description' for CMake config files
[0.456s] Level 1:colcon.colcon_core.shell:create_environment_hook('rovo_ur_description', 'cmake_prefix_path')
[0.456s] INFO:colcon.colcon_core.shell:Creating environment hook '/home/kevin/Desktop/rovo_ur_ws/install/rovo_ur_description/share/rovo_ur_description/hook/cmake_prefix_path.ps1'
[0.457s] INFO:colcon.colcon_core.shell:Creating environment descriptor '/home/kevin/Desktop/rovo_ur_ws/install/rovo_ur_description/share/rovo_ur_description/hook/cmake_prefix_path.dsv'
[0.457s] INFO:colcon.colcon_core.shell:Creating environment hook '/home/kevin/Desktop/rovo_ur_ws/install/rovo_ur_description/share/rovo_ur_description/hook/cmake_prefix_path.sh'
[0.458s] Level 1:colcon.colcon_core.environment:checking '/home/kevin/Desktop/rovo_ur_ws/install/rovo_ur_description/bin'
[0.458s] Level 1:colcon.colcon_core.environment:checking '/home/kevin/Desktop/rovo_ur_ws/install/rovo_ur_description/lib/pkgconfig/rovo_ur_description.pc'
[0.458s] Level 1:colcon.colcon_core.environment:checking '/home/kevin/Desktop/rovo_ur_ws/install/rovo_ur_description/lib/python3.12/site-packages'
[0.459s] Level 1:colcon.colcon_core.environment:checking '/home/kevin/Desktop/rovo_ur_ws/install/rovo_ur_description/bin'
[0.459s] INFO:colcon.colcon_core.shell:Creating package script '/home/kevin/Desktop/rovo_ur_ws/install/rovo_ur_description/share/rovo_ur_description/package.ps1'
[0.460s] INFO:colcon.colcon_core.shell:Creating package descriptor '/home/kevin/Desktop/rovo_ur_ws/install/rovo_ur_description/share/rovo_ur_description/package.dsv'
[0.460s] INFO:colcon.colcon_core.shell:Creating package script '/home/kevin/Desktop/rovo_ur_ws/install/rovo_ur_description/share/rovo_ur_description/package.sh'
[0.461s] INFO:colcon.colcon_core.shell:Creating package script '/home/kevin/Desktop/rovo_ur_ws/install/rovo_ur_description/share/rovo_ur_description/package.bash'
[0.462s] INFO:colcon.colcon_core.shell:Creating package script '/home/kevin/Desktop/rovo_ur_ws/install/rovo_ur_description/share/rovo_ur_description/package.zsh'
[0.462s] Level 1:colcon.colcon_core.environment:create_file_with_runtime_dependencies(/home/kevin/Desktop/rovo_ur_ws/install/rovo_ur_description/share/colcon-core/packages/rovo_ur_description)
[0.464s] Level 1:colcon.colcon_core.environment:create_environment_scripts_only(rovo_bringup)
[0.464s] Level 1:colcon.colcon_core.environment:checking '/home/kevin/Desktop/rovo_ur_ws/install/rovo_bringup' for CMake module files
[0.466s] Level 1:colcon.colcon_core.environment:checking '/home/kevin/Desktop/rovo_ur_ws/install/rovo_bringup' for CMake config files
[0.467s] DEBUG:colcon.colcon_core.event_handler.log_command:Invoked command in '/home/kevin/Desktop/rovo_ur_ws/build/rovo_bringup' returned '0': CMAKE_PREFIX_PATH=${CMAKE_PREFIX_PATH}:/opt/ros/jazzy DEBUGINFOD_URLS=https://debuginfod.ubuntu.com /usr/bin/cmake --install /home/kevin/Desktop/rovo_ur_ws/build/rovo_bringup
[0.468s] Level 1:colcon.colcon_core.shell:create_environment_hook('rovo_bringup', 'cmake_prefix_path')
[0.468s] INFO:colcon.colcon_core.shell:Creating environment hook '/home/kevin/Desktop/rovo_ur_ws/install/rovo_bringup/share/rovo_bringup/hook/cmake_prefix_path.ps1'
[0.468s] INFO:colcon.colcon_core.shell:Creating environment descriptor '/home/kevin/Desktop/rovo_ur_ws/install/rovo_bringup/share/rovo_bringup/hook/cmake_prefix_path.dsv'
[0.469s] INFO:colcon.colcon_core.shell:Creating environment hook '/home/kevin/Desktop/rovo_ur_ws/install/rovo_bringup/share/rovo_bringup/hook/cmake_prefix_path.sh'
[0.470s] Level 1:colcon.colcon_core.environment:checking '/home/kevin/Desktop/rovo_ur_ws/install/rovo_bringup/bin'
[0.470s] Level 1:colcon.colcon_core.environment:checking '/home/kevin/Desktop/rovo_ur_ws/install/rovo_bringup/lib/pkgconfig/rovo_bringup.pc'
[0.470s] Level 1:colcon.colcon_core.environment:checking '/home/kevin/Desktop/rovo_ur_ws/install/rovo_bringup/lib/python3.12/site-packages'
[0.471s] Level 1:colcon.colcon_core.environment:checking '/home/kevin/Desktop/rovo_ur_ws/install/rovo_bringup/bin'
[0.471s] INFO:colcon.colcon_core.shell:Creating package script '/home/kevin/Desktop/rovo_ur_ws/install/rovo_bringup/share/rovo_bringup/package.ps1'
[0.471s] INFO:colcon.colcon_core.shell:Creating package descriptor '/home/kevin/Desktop/rovo_ur_ws/install/rovo_bringup/share/rovo_bringup/package.dsv'
[0.472s] INFO:colcon.colcon_core.shell:Creating package script '/home/kevin/Desktop/rovo_ur_ws/install/rovo_bringup/share/rovo_bringup/package.sh'
[0.473s] INFO:colcon.colcon_core.shell:Creating package script '/home/kevin/Desktop/rovo_ur_ws/install/rovo_bringup/share/rovo_bringup/package.bash'
[0.473s] INFO:colcon.colcon_core.shell:Creating package script '/home/kevin/Desktop/rovo_ur_ws/install/rovo_bringup/share/rovo_bringup/package.zsh'
[0.473s] Level 1:colcon.colcon_core.environment:create_file_with_runtime_dependencies(/home/kevin/Desktop/rovo_ur_ws/install/rovo_bringup/share/colcon-core/packages/rovo_bringup)
[0.474s] Level 1:colcon.colcon_core.environment:create_environment_scripts_only(rovo_bringup)
[0.474s] Level 1:colcon.colcon_core.environment:checking '/home/kevin/Desktop/rovo_ur_ws/install/rovo_bringup' for CMake module files
[0.475s] Level 1:colcon.colcon_core.environment:checking '/home/kevin/Desktop/rovo_ur_ws/install/rovo_bringup' for CMake config files
[0.476s] Level 1:colcon.colcon_core.shell:create_environment_hook('rovo_bringup', 'cmake_prefix_path')
[0.476s] INFO:colcon.colcon_core.shell:Creating environment hook '/home/kevin/Desktop/rovo_ur_ws/install/rovo_bringup/share/rovo_bringup/hook/cmake_prefix_path.ps1'
[0.476s] INFO:colcon.colcon_core.shell:Creating environment descriptor '/home/kevin/Desktop/rovo_ur_ws/install/rovo_bringup/share/rovo_bringup/hook/cmake_prefix_path.dsv'
[0.477s] INFO:colcon.colcon_core.shell:Creating environment hook '/home/kevin/Desktop/rovo_ur_ws/install/rovo_bringup/share/rovo_bringup/hook/cmake_prefix_path.sh'
[0.478s] Level 1:colcon.colcon_core.environment:checking '/home/kevin/Desktop/rovo_ur_ws/install/rovo_bringup/bin'
[0.478s] Level 1:colcon.colcon_core.environment:checking '/home/kevin/Desktop/rovo_ur_ws/install/rovo_bringup/lib/pkgconfig/rovo_bringup.pc'
[0.478s] Level 1:colcon.colcon_core.environment:checking '/home/kevin/Desktop/rovo_ur_ws/install/rovo_bringup/lib/python3.12/site-packages'
[0.479s] Level 1:colcon.colcon_core.environment:checking '/home/kevin/Desktop/rovo_ur_ws/install/rovo_bringup/bin'
[0.479s] INFO:colcon.colcon_core.shell:Creating package script '/home/kevin/Desktop/rovo_ur_ws/install/rovo_bringup/share/rovo_bringup/package.ps1'
[0.480s] INFO:colcon.colcon_core.shell:Creating package descriptor '/home/kevin/Desktop/rovo_ur_ws/install/rovo_bringup/share/rovo_bringup/package.dsv'
[0.480s] INFO:colcon.colcon_core.shell:Creating package script '/home/kevin/Desktop/rovo_ur_ws/install/rovo_bringup/share/rovo_bringup/package.sh'
[0.481s] INFO:colcon.colcon_core.shell:Creating package script '/home/kevin/Desktop/rovo_ur_ws/install/rovo_bringup/share/rovo_bringup/package.bash'
[0.481s] INFO:colcon.colcon_core.shell:Creating package script '/home/kevin/Desktop/rovo_ur_ws/install/rovo_bringup/share/rovo_bringup/package.zsh'
[0.482s] Level 1:colcon.colcon_core.environment:create_file_with_runtime_dependencies(/home/kevin/Desktop/rovo_ur_ws/install/rovo_bringup/share/colcon-core/packages/rovo_bringup)
[5.860s] DEBUG:colcon.colcon_core.event_handler.log_command:Invoked command in '/home/kevin/Desktop/rovo_ur_ws/build/rovo_can_driver' returned '2': CMAKE_PREFIX_PATH=${CMAKE_PREFIX_PATH}:/opt/ros/jazzy DEBUGINFOD_URLS=https://debuginfod.ubuntu.com /usr/bin/cmake --build /home/kevin/Desktop/rovo_ur_ws/build/rovo_can_driver -- -j44 -l44
[5.861s] Level 1:colcon.colcon_core.environment:create_environment_scripts_only(rovo_can_driver)
[5.861s] Level 1:colcon.colcon_core.environment:checking '/home/kevin/Desktop/rovo_ur_ws/install/rovo_can_driver' for CMake module files
[5.862s] Level 1:colcon.colcon_core.environment:checking '/home/kevin/Desktop/rovo_ur_ws/install/rovo_can_driver' for CMake config files
[5.863s] Level 1:colcon.colcon_core.shell:create_environment_hook('rovo_can_driver', 'cmake_prefix_path')
[5.863s] INFO:colcon.colcon_core.shell:Creating environment hook '/home/kevin/Desktop/rovo_ur_ws/install/rovo_can_driver/share/rovo_can_driver/hook/cmake_prefix_path.ps1'
[5.864s] INFO:colcon.colcon_core.shell:Creating environment descriptor '/home/kevin/Desktop/rovo_ur_ws/install/rovo_can_driver/share/rovo_can_driver/hook/cmake_prefix_path.dsv'
[5.864s] INFO:colcon.colcon_core.shell:Creating environment hook '/home/kevin/Desktop/rovo_ur_ws/install/rovo_can_driver/share/rovo_can_driver/hook/cmake_prefix_path.sh'
[5.865s] Level 1:colcon.colcon_core.environment:checking '/home/kevin/Desktop/rovo_ur_ws/install/rovo_can_driver/lib'
[5.865s] Level 1:colcon.colcon_core.shell:create_environment_hook('rovo_can_driver', 'ld_library_path_lib')
[5.866s] INFO:colcon.colcon_core.shell:Creating environment hook '/home/kevin/Desktop/rovo_ur_ws/install/rovo_can_driver/share/rovo_can_driver/hook/ld_library_path_lib.ps1'
[5.866s] INFO:colcon.colcon_core.shell:Creating environment descriptor '/home/kevin/Desktop/rovo_ur_ws/install/rovo_can_driver/share/rovo_can_driver/hook/ld_library_path_lib.dsv'
[5.867s] INFO:colcon.colcon_core.shell:Creating environment hook '/home/kevin/Desktop/rovo_ur_ws/install/rovo_can_driver/share/rovo_can_driver/hook/ld_library_path_lib.sh'
[5.867s] Level 1:colcon.colcon_core.environment:checking '/home/kevin/Desktop/rovo_ur_ws/install/rovo_can_driver/bin'
[5.868s] Level 1:colcon.colcon_core.environment:checking '/home/kevin/Desktop/rovo_ur_ws/install/rovo_can_driver/lib/pkgconfig/rovo_can_driver.pc'
[5.868s] Level 1:colcon.colcon_core.environment:checking '/home/kevin/Desktop/rovo_ur_ws/install/rovo_can_driver/lib/python3.12/site-packages'
[5.869s] Level 1:colcon.colcon_core.environment:checking '/home/kevin/Desktop/rovo_ur_ws/install/rovo_can_driver/bin'
[5.869s] INFO:colcon.colcon_core.shell:Creating package script '/home/kevin/Desktop/rovo_ur_ws/install/rovo_can_driver/share/rovo_can_driver/package.ps1'
[5.870s] INFO:colcon.colcon_core.shell:Creating package descriptor '/home/kevin/Desktop/rovo_ur_ws/install/rovo_can_driver/share/rovo_can_driver/package.dsv'
[5.871s] INFO:colcon.colcon_core.shell:Creating package script '/home/kevin/Desktop/rovo_ur_ws/install/rovo_can_driver/share/rovo_can_driver/package.sh'
[5.871s] INFO:colcon.colcon_core.shell:Creating package script '/home/kevin/Desktop/rovo_ur_ws/install/rovo_can_driver/share/rovo_can_driver/package.bash'
[5.872s] INFO:colcon.colcon_core.shell:Creating package script '/home/kevin/Desktop/rovo_ur_ws/install/rovo_can_driver/share/rovo_can_driver/package.zsh'
[5.872s] Level 1:colcon.colcon_core.environment:create_file_with_runtime_dependencies(/home/kevin/Desktop/rovo_ur_ws/install/rovo_can_driver/share/colcon-core/packages/rovo_can_driver)
[5.883s] DEBUG:colcon.colcon_parallel_executor.executor.parallel:closing loop
[5.883s] DEBUG:colcon.colcon_parallel_executor.executor.parallel:loop closed
[5.883s] DEBUG:colcon.colcon_parallel_executor.executor.parallel:run_until_complete finished with '2'
[5.883s] DEBUG:colcon.colcon_core.event_reactor:joining thread
[5.897s] INFO:colcon.colcon_core.plugin_system:Skipping extension 'colcon_notification.desktop_notification.terminal_notifier': Not used on non-Darwin systems
[5.897s] INFO:colcon.colcon_core.plugin_system:Skipping extension 'colcon_notification.desktop_notification.win32': Not used on non-Windows systems
[5.897s] INFO:colcon.colcon_notification.desktop_notification:Sending desktop notification using 'notify2'
[5.910s] DEBUG:colcon.colcon_core.event_reactor:joined thread
[5.911s] INFO:colcon.colcon_core.shell:Creating prefix script '/home/kevin/Desktop/rovo_ur_ws/install/local_setup.ps1'
[5.913s] INFO:colcon.colcon_core.shell:Creating prefix util module '/home/kevin/Desktop/rovo_ur_ws/install/_local_setup_util_ps1.py'
[5.916s] INFO:colcon.colcon_core.shell:Creating prefix chain script '/home/kevin/Desktop/rovo_ur_ws/install/setup.ps1'
[5.919s] INFO:colcon.colcon_core.shell:Creating prefix script '/home/kevin/Desktop/rovo_ur_ws/install/local_setup.sh'
[5.920s] INFO:colcon.colcon_core.shell:Creating prefix util module '/home/kevin/Desktop/rovo_ur_ws/install/_local_setup_util_sh.py'
[5.922s] INFO:colcon.colcon_core.shell:Creating prefix chain script '/home/kevin/Desktop/rovo_ur_ws/install/setup.sh'
[5.925s] INFO:colcon.colcon_core.shell:Creating prefix script '/home/kevin/Desktop/rovo_ur_ws/install/local_setup.bash'
[5.926s] INFO:colcon.colcon_core.shell:Creating prefix chain script '/home/kevin/Desktop/rovo_ur_ws/install/setup.bash'
[5.929s] INFO:colcon.colcon_core.shell:Creating prefix script '/home/kevin/Desktop/rovo_ur_ws/install/local_setup.zsh'
[5.930s] INFO:colcon.colcon_core.shell:Creating prefix chain script '/home/kevin/Desktop/rovo_ur_ws/install/setup.zsh'
